20937 warnings generated.
/home/runner/.bazel/sandbox/linux-sandbox/5204/execroot/_main/score/mw/com/test/bigdata/big_datatype_application.cpp:16:1: warning: included header instance_specifier.h is not used directly [misc-include-cleaner]
   16 | #include "score/mw/com/impl/instance_specifier.h"
      | ^~~~~~~~~~~~~~~~~~~~~~~~~~~~~~~~~~~~~~~~~~~~~~~~~
   17 | #include "score/mw/com/test/common_test_resources/assert_handler.h"
/home/runner/.bazel/sandbox/linux-sandbox/5204/execroot/_main/score/mw/com/test/bigdata/big_datatype_application.cpp:21:1: warning: included header assert.hpp is not used directly [misc-include-cleaner]
   21 | #include <score/assert.hpp>
      | ^~~~~~~~~~~~~~~~~~~~~~~~~~~
   22 | 
/home/runner/.bazel/sandbox/linux-sandbox/5204/execroot/_main/score/mw/com/test/bigdata/big_datatype_application.cpp:45:25: warning: no header providing "score::mw::com::InstanceSpecifier" is directly included [misc-include-cleaner]
   20 |         score::mw::com::InstanceSpecifier::Create(std::string{"score/cp60/MapApiLanesStamped"});
      |                         ^
/home/runner/.bazel/sandbox/linux-sandbox/5204/execroot/_main/score/mw/com/test/bigdata/big_datatype_application.cpp:59:5: warning: do not use 'else' after 'return' [readability-else-after-return]
   59 |     else if (mode == "recv" || mode == "proxy")
      |     ^~~~~~~~~~~~~~~~~~~~~~~~~~~~~~~~~~~~~~~~~~~
   60 |     {
      |     ~
   61 |         const auto cycle_time = run_parameters.GetOptionalCycleTime();
      |         ~~~~~~~~~~~~~~~~~~~~~~~~~~~~~~~~~~~~~~~~~~~~~~~~~~~~~~~~~~~~~~
   62 |         return event_sender_receiver.RunAsProxy(instance_specifier, cycle_time, num_cycles, stop_token);
      |         ~~~~~~~~~~~~~~~~~~~~~~~~~~~~~~~~~~~~~~~~~~~~~~~~~~~~~~~~~~~~~~~~~~~~~~~~~~~~~~~~~~~~~~~~~~~~~~~~
   63 |     }
      |     ~
   64 |     else
      |     ~~~~
   65 |     {
      |     ~
   66 |         std::cerr << "Unknown mode " << mode << ", terminating." << std::endl;
      |         ~~~~~~~~~~~~~~~~~~~~~~~~~~~~~~~~~~~~~~~~~~~~~~~~~~~~~~~~~~~~~~~~~~~~~~
   67 |         return EXIT_FAILURE;
      |         ~~~~~~~~~~~~~~~~~~~~
   68 |     }
      |     ~
Suppressed 21098 warnings (20923 in non-user code, 165 NOLINT, 10 with check filters).
Use -header-filter=.* to display errors from all non-system headers. Use -system-headers to display errors from system headers as well.
