9630 warnings generated.
./score/mw/com/impl/bindings/lola/consumer_event_data_control_local_view.h:57:5: warning: single-argument constructors must be marked explicit to avoid unintentional implicit conversions [google-explicit-constructor]
   57 |     ConsumerEventDataControlLocalView(EventDataControl& event_data_control_shared) noexcept;
      |     ^
      |     explicit 
./score/mw/com/impl/bindings/lola/event_data_control_composite.h:48:12: warning: constructor does not initialize these fields: qm_misbehaved [cppcoreguidelines-pro-type-member-init]
   48 |     struct AllocationResult
      |            ^
   49 |     {
   50 |         // \brief the index of the slot reserved for writing (potentially in QM and ASIL-B control section) if a slot
   51 |         // could be found. Otherwise, an empty optional.
   52 |         std::optional<SlotIndexType> allocated_slot_index;
   53 | 
   54 |         // \brief A flag indicating whether QM consumers should be ignored due to misbehaviour. In this case, QM
   55 |         // consumers have been disconnected and therefore the QM related slots are ignored.
   56 |         bool qm_misbehaved;
      |                           
      |                           {}
./score/mw/com/impl/bindings/lola/provider_event_data_control_local_view.h:62:5: warning: single-argument constructors must be marked explicit to avoid unintentional implicit conversions [google-explicit-constructor]
   62 |     ProviderEventDataControlLocalView(EventDataControl& event_data_control) noexcept;
      |     ^
      |     explicit 
./score/mw/com/impl/bindings/lola/transaction_log_local_view.h:47:5: warning: single-argument constructors must be marked explicit to avoid unintentional implicit conversions [google-explicit-constructor]
   47 |     TransactionLogLocalView(TransactionLog& transaction_log) noexcept;
      |     ^
      |     explicit 
./score/mw/com/impl/methods/proxy_method_with_in_args_and_return.h:244:11: warning: do not use reinterpret_cast [cppcoreguidelines-pro-type-reinterpret-cast]
  244 |         *(reinterpret_cast<ReturnType*>(allocated_return_type_storage.value().data())),
      |           ^
./score/mw/com/impl/methods/proxy_method_with_return_type.h:191:11: warning: do not use reinterpret_cast [cppcoreguidelines-pro-type-reinterpret-cast]
  191 |         *(reinterpret_cast<ReturnType*>(allocated_return_type_storage.value().data())),
      |           ^
./score/mw/com/impl/rust/com-api/com-api-ffi-lola/registry_bridge_macro.h:228:35: warning: statement should be inside braces [readability-braces-around-statements]
  228 |         if (sample_ptr == nullptr)
      |                                   ^
      |                                    {
  229 |             return nullptr;
      |                            
./score/mw/com/impl/rust/com-api/com-api-ffi-lola/registry_bridge_macro.h:237:35: warning: statement should be inside braces [readability-braces-around-statements]
  237 |         if (sample_ptr == nullptr)
      |                                   ^
      |                                    {
  238 |             return;
      |                    
./score/mw/com/impl/rust/com-api/com-api-ffi-lola/registry_bridge_macro.h:422:13: warning: use auto when initializing with new to avoid duplicating the type name [modernize-use-auto]
  422 |             AsProxy* proxy = new AsProxy{std::move(result).value()};
      |             ^~~~~~~
      |             auto
./score/mw/com/impl/rust/com-api/com-api-ffi-lola/registry_bridge_macro.h:492:13: warning: implicit conversion 'InterfaceOperations *' -> 'bool' [readability-implicit-bool-conversion]
  492 |         if (registries)
      |             ^         
      |                        != nullptr
./score/mw/com/impl/rust/com-api/com-api-ffi-lola/registry_bridge_macro.h:542:13: warning: implicit conversion 'InterfaceOperations *' -> 'bool' [readability-implicit-bool-conversion]
  542 |         if (ops)
      |             ^  
      |                 != nullptr
./score/mw/com/test/basic_rust_api/bigdata_com_api_gen.h:83:5: warning: do not declare C-style arrays, use std::array<> instead [modernize-avoid-c-arrays]
   83 |     uint32_t values[5];
      |     ^
./score/mw/com/test/common_test_resources/big_datatype.h:212:8: warning: constructor does not initialize these fields: link_ids, predecessor_lanes, successor_lanes, center_line, lane_connection_info, lane_restriction_info, shoulder_lane_info, speed_limits, lane_follows_mpp, left_lane_boundaries_ids, right_lane_boundaries_ids, link_associations, used_in_both_directions [cppcoreguidelines-pro-type-member-init]
  212 | struct MapApiLaneData
      |        ^
./score/mw/com/test/common_test_resources/big_datatype.h:212:8: warning: class 'MapApiLaneData' defines a copy constructor, a copy assignment operator, a move constructor and a move assignment operator but does not define a destructor [cppcoreguidelines-special-member-functions]
./score/mw/com/test/common_test_resources/big_datatype.h:214:5: warning: constructor does not initialize these fields: link_ids, predecessor_lanes, successor_lanes, center_line, lane_connection_info, lane_restriction_info, shoulder_lane_info, speed_limits, lane_follows_mpp, left_lane_boundaries_ids, right_lane_boundaries_ids, link_associations, used_in_both_directions [cppcoreguidelines-pro-type-member-init]
  214 |     MapApiLaneData() = default;
      |     ^
./score/mw/com/test/common_test_resources/big_datatype.h:343:8: warning: constructor does not initialize these fields: frame_id, lane_boundaries, lane_groups, x, hash_value [cppcoreguidelines-pro-type-member-init]
  343 | struct MapApiLanesStamped
      |        ^
./score/mw/com/test/common_test_resources/big_datatype.h:343:8: warning: class 'MapApiLanesStamped' defines a copy constructor, a copy assignment operator, a move constructor and a move assignment operator but does not define a destructor [cppcoreguidelines-special-member-functions]
./score/mw/com/test/common_test_resources/big_datatype.h:345:5: warning: constructor does not initialize these fields: frame_id, lane_boundaries, lane_groups, x, hash_value [cppcoreguidelines-pro-type-member-init]
  345 |     MapApiLanesStamped() = default;
      |     ^
./score/mw/com/test/common_test_resources/big_datatype.h:405:8: warning: constructor does not initialize these fields: x, hash_value [cppcoreguidelines-pro-type-member-init]
  405 | struct DummyDataStamped
      |        ^
  406 | {
  407 |     explicit DummyDataStamped() = default;
  408 | 
  409 |     DummyDataStamped(DummyDataStamped&&) = default;
  410 | 
  411 |     DummyDataStamped(const DummyDataStamped&) = default;
  412 | 
  413 |     DummyDataStamped& operator=(DummyDataStamped&&) = default;
  414 | 
  415 |     DummyDataStamped& operator=(const DummyDataStamped&) = default;
  416 | 
  417 |     StdTimestamp time_stamp{0, 0, StdTimestampSyncState::kStdTimestampSyncState_Invalid};
  418 | 
  419 |     char x;
      |           
      |           {}
  420 |     std::size_t hash_value;
      |                           
      |                           {}
./score/mw/com/test/common_test_resources/big_datatype.h:405:8: warning: class 'DummyDataStamped' defines a copy constructor, a copy assignment operator, a move constructor and a move assignment operator but does not define a destructor [cppcoreguidelines-special-member-functions]
./score/mw/com/test/common_test_resources/big_datatype.h:407:5: warning: constructor does not initialize these fields: x, hash_value [cppcoreguidelines-pro-type-member-init]
  407 |     explicit DummyDataStamped() = default;
      |     ^
/home/runner/.bazel/sandbox/linux-sandbox/4516/execroot/_main/score/mw/com/test/basic_rust_api/bigdata_com_api_gen.cpp:26:1: warning: do not implicitly decay an array into a pointer; consider using gsl::array_view or an explicit cast instead [cppcoreguidelines-pro-bounds-array-to-pointer-decay,hicpp-no-array-decay]
   26 | EXPORT_MW_COM_TYPE(MapApiLanesStamped, ::score::mw::com::test::MapApiLanesStamped)
      | ^
./score/mw/com/impl/rust/com-api/com-api-ffi-lola/registry_bridge_macro.h:711:43: note: expanded from macro 'EXPORT_MW_COM_TYPE'
  711 |             auto* placement_sample = new (storage)::score::mw::com::impl::SamplePtr<type>(std::move(sample)); \
      |                                           ^
/home/runner/.bazel/sandbox/linux-sandbox/4516/execroot/_main/score/mw/com/test/basic_rust_api/bigdata_com_api_gen.cpp:26:1: warning: do not declare C-style arrays, use std::array<> instead [modernize-avoid-c-arrays]
   26 | EXPORT_MW_COM_TYPE(MapApiLanesStamped, ::score::mw::com::test::MapApiLanesStamped)
      | ^
./score/mw/com/impl/rust/com-api/com-api-ffi-lola/registry_bridge_macro.h:709:62: note: expanded from macro 'EXPORT_MW_COM_TYPE'
  709 |             alignas(::score::mw::com::impl::SamplePtr<type>) char                                             \
      |                                                              ^
/home/runner/.bazel/sandbox/linux-sandbox/4516/execroot/_main/score/mw/com/test/basic_rust_api/bigdata_com_api_gen.cpp:27:1: warning: do not implicitly decay an array into a pointer; consider using gsl::array_view or an explicit cast instead [cppcoreguidelines-pro-bounds-array-to-pointer-decay,hicpp-no-array-decay]
   27 | EXPORT_MW_COM_TYPE(DummyDataStamped, ::score::mw::com::test::DummyDataStamped)
      | ^
./score/mw/com/impl/rust/com-api/com-api-ffi-lola/registry_bridge_macro.h:711:43: note: expanded from macro 'EXPORT_MW_COM_TYPE'
  711 |             auto* placement_sample = new (storage)::score::mw::com::impl::SamplePtr<type>(std::move(sample)); \
      |                                           ^
/home/runner/.bazel/sandbox/linux-sandbox/4516/execroot/_main/score/mw/com/test/basic_rust_api/bigdata_com_api_gen.cpp:27:1: warning: do not declare C-style arrays, use std::array<> instead [modernize-avoid-c-arrays]
   27 | EXPORT_MW_COM_TYPE(DummyDataStamped, ::score::mw::com::test::DummyDataStamped)
      | ^
./score/mw/com/impl/rust/com-api/com-api-ffi-lola/registry_bridge_macro.h:709:62: note: expanded from macro 'EXPORT_MW_COM_TYPE'
  709 |             alignas(::score::mw::com::impl::SamplePtr<type>) char                                             \
      |                                                              ^
/home/runner/.bazel/sandbox/linux-sandbox/4516/execroot/_main/score/mw/com/test/basic_rust_api/bigdata_com_api_gen.cpp:43:1: warning: do not implicitly decay an array into a pointer; consider using gsl::array_view or an explicit cast instead [cppcoreguidelines-pro-bounds-array-to-pointer-decay,hicpp-no-array-decay]
   43 | EXPORT_MW_COM_TYPE(MixedPrimitivesPayload, ::score::mw::com::test::MixedPrimitivesPayload)
      | ^
./score/mw/com/impl/rust/com-api/com-api-ffi-lola/registry_bridge_macro.h:711:43: note: expanded from macro 'EXPORT_MW_COM_TYPE'
  711 |             auto* placement_sample = new (storage)::score::mw::com::impl::SamplePtr<type>(std::move(sample)); \
      |                                           ^
/home/runner/.bazel/sandbox/linux-sandbox/4516/execroot/_main/score/mw/com/test/basic_rust_api/bigdata_com_api_gen.cpp:43:1: warning: do not declare C-style arrays, use std::array<> instead [modernize-avoid-c-arrays]
   43 | EXPORT_MW_COM_TYPE(MixedPrimitivesPayload, ::score::mw::com::test::MixedPrimitivesPayload)
      | ^
./score/mw/com/impl/rust/com-api/com-api-ffi-lola/registry_bridge_macro.h:709:62: note: expanded from macro 'EXPORT_MW_COM_TYPE'
  709 |             alignas(::score::mw::com::impl::SamplePtr<type>) char                                             \
      |                                                              ^
/home/runner/.bazel/sandbox/linux-sandbox/4516/execroot/_main/score/mw/com/test/basic_rust_api/bigdata_com_api_gen.cpp:44:1: warning: do not implicitly decay an array into a pointer; consider using gsl::array_view or an explicit cast instead [cppcoreguidelines-pro-bounds-array-to-pointer-decay,hicpp-no-array-decay]
   44 | EXPORT_MW_COM_TYPE(ComplexStruct, ::score::mw::com::test::ComplexStruct)
      | ^
./score/mw/com/impl/rust/com-api/com-api-ffi-lola/registry_bridge_macro.h:711:43: note: expanded from macro 'EXPORT_MW_COM_TYPE'
  711 |             auto* placement_sample = new (storage)::score::mw::com::impl::SamplePtr<type>(std::move(sample)); \
      |                                           ^
/home/runner/.bazel/sandbox/linux-sandbox/4516/execroot/_main/score/mw/com/test/basic_rust_api/bigdata_com_api_gen.cpp:44:1: warning: do not declare C-style arrays, use std::array<> instead [modernize-avoid-c-arrays]
   44 | EXPORT_MW_COM_TYPE(ComplexStruct, ::score::mw::com::test::ComplexStruct)
      | ^
./score/mw/com/impl/rust/com-api/com-api-ffi-lola/registry_bridge_macro.h:709:62: note: expanded from macro 'EXPORT_MW_COM_TYPE'
  709 |             alignas(::score::mw::com::impl::SamplePtr<type>) char                                             \
      |                                                              ^
bazel-out/k8-fastbuild/bin/external/score_baselibs+/score/static_reflection_with_serialization/visitor/_virtual_includes/visitor/static_reflection_with_serialization/visitor/visit_as_struct.h:51:58: warning: do not declare C-style arrays, use std::array<> instead [modernize-avoid-c-arrays]
   51 | constexpr inline std::size_t strip_trailing_spaces(const char (&pretty_name)[N], std::size_t begin, std::size_t end)
      |                                                          ^
bazel-out/k8-fastbuild/bin/external/score_baselibs+/score/static_reflection_with_serialization/visitor/_virtual_includes/visitor/static_reflection_with_serialization/visitor/visit_as_struct.h:84:86: warning: do not declare C-style arrays, use std::array<> instead [modernize-avoid-c-arrays]
   84 | constexpr inline std::pair<std::size_t, std::size_t> visitor_extract_type_span(const char (&pretty_name)[N])
      |                                                                                      ^
bazel-out/k8-fastbuild/bin/external/score_baselibs+/score/static_reflection_with_serialization/visitor/_virtual_includes/visitor/static_reflection_with_serialization/visitor/visit_as_struct.h:114:52: warning: do not declare C-style arrays, use std::array<> instead [modernize-avoid-c-arrays]
  114 | constexpr inline Output visitor_extract_type(const char (&pretty_name)[N])
      |                                                    ^
external/score_baselibs+/score/analysis/tracing/common/canary_wrapper/canary_wrapper.h:35:7: warning: class 'CanaryWrapper' defines a copy constructor, a copy assignment operator, a move constructor and a move assignment operator but does not define a destructor [cppcoreguidelines-special-member-functions]
   35 | class CanaryWrapper
      |       ^
external/score_baselibs+/score/analysis/tracing/generic_trace_library/interface_types/service_instance_element.h:32:7: warning: constructor does not initialize these fields: service_id, major_version, minor_version, instance_id [cppcoreguidelines-pro-type-member-init]
   32 | class ServiceInstanceElement
      |       ^
external/score_baselibs+/score/memory/shared/i_atomic.h:36:18: warning: default arguments on virtual or override methods are prohibited [google-default-arguments]
   36 |     virtual auto fetch_add(T, std::memory_order = std::memory_order_seq_cst) noexcept -> T = 0;
      |                  ^
external/score_baselibs+/score/memory/shared/i_atomic.h:37:18: warning: default arguments on virtual or override methods are prohibited [google-default-arguments]
   37 |     virtual auto fetch_sub(T, std::memory_order = std::memory_order_seq_cst) noexcept -> T = 0;
      |                  ^
external/score_baselibs+/score/memory/shared/i_atomic.h:38:18: warning: default arguments on virtual or override methods are prohibited [google-default-arguments]
   38 |     virtual bool compare_exchange_strong(T&, T, std::memory_order = std::memory_order_seq_cst) noexcept = 0;
      |                  ^
external/score_baselibs+/score/memory/shared/i_atomic.h:40:18: warning: default arguments on virtual or override methods are prohibited [google-default-arguments]
   40 |     virtual bool compare_exchange_weak(T&, T, std::memory_order = std::memory_order_seq_cst) noexcept = 0;
      |                  ^
external/score_baselibs+/score/memory/shared/i_atomic.h:42:18: warning: default arguments on virtual or override methods are prohibited [google-default-arguments]
   42 |     virtual void store(T, std::memory_order = std::memory_order_seq_cst) noexcept = 0;
      |                  ^
external/score_baselibs+/score/memory/shared/i_atomic.h:43:18: warning: default arguments on virtual or override methods are prohibited [google-default-arguments]
   43 |     virtual auto load(std::memory_order = std::memory_order_seq_cst) noexcept -> T = 0;
      |                  ^
Suppressed 9782 warnings (9575 in non-user code, 199 NOLINT, 8 with check filters).
Use -header-filter=.* to display errors from all non-system headers. Use -system-headers to display errors from system headers as well.
