20653 warnings generated.
/home/runner/.bazel/sandbox/linux-sandbox/4790/execroot/_main/score/mw/com/test/service_discovery_offer_and_search/client.cpp:14:1: warning: included header interruptible_promise.h is not used directly [misc-include-cleaner]
   14 | #include "score/concurrency/future/interruptible_promise.h"
      | ^~~~~~~~~~~~~~~~~~~~~~~~~~~~~~~~~~~~~~~~~~~~~~~~~~~~~~~~~~~
   15 | #include "score/mw/com/impl/runtime.h"
/home/runner/.bazel/sandbox/linux-sandbox/4790/execroot/_main/score/mw/com/test/service_discovery_offer_and_search/client.cpp:15:1: warning: included header runtime.h is not used directly [misc-include-cleaner]
   15 | #include "score/mw/com/impl/runtime.h"
      | ^~~~~~~~~~~~~~~~~~~~~~~~~~~~~~~~~~~~~~
   16 | #include "score/mw/com/test/common_test_resources/proxy_observer.h"
/home/runner/.bazel/sandbox/linux-sandbox/4790/execroot/_main/score/mw/com/test/service_discovery_offer_and_search/client.cpp:20:1: warning: included header types.h is not used directly [misc-include-cleaner]
   20 | #include "score/mw/com/types.h"
      | ^~~~~~~~~~~~~~~~~~~~~~~~~~~~~~~
   21 | 
/home/runner/.bazel/sandbox/linux-sandbox/4790/execroot/_main/score/mw/com/test/service_discovery_offer_and_search/client.cpp:22:1: warning: included header optional.hpp is not used directly [misc-include-cleaner]
   22 | #include <score/optional.hpp>
      | ^~~~~~~~~~~~~~~~~~~~~~~~~~~~~
   23 | #include <fstream>
/home/runner/.bazel/sandbox/linux-sandbox/4790/execroot/_main/score/mw/com/test/service_discovery_offer_and_search/client.cpp:23:1: warning: included header fstream is not used directly [misc-include-cleaner]
   23 | #include <fstream>
      | ^~~~~~~~~~~~~~~~~~
   24 | #include <iostream>
/home/runner/.bazel/sandbox/linux-sandbox/4790/execroot/_main/score/mw/com/test/service_discovery_offer_and_search/client.cpp:25:1: warning: included header utility is not used directly [misc-include-cleaner]
   25 | #include <utility>
      | ^~~~~~~~~~~~~~~~~~
   26 | #include <vector>
/home/runner/.bazel/sandbox/linux-sandbox/4790/execroot/_main/score/mw/com/test/service_discovery_offer_and_search/client.cpp:34:34: warning: no header providing "score::cpp::stop_token" is directly included [misc-include-cleaner]
   25 | #include <utility>
   26 | #include <vector>
   27 | 
   28 | namespace score::mw::com::test
   29 | {
   30 | 
   31 | namespace
   32 | {
   33 | 
   34 | int run_client(const score::cpp::stop_token& stop_token)
      |                                  ^
Suppressed 20817 warnings (20638 in non-user code, 171 NOLINT, 8 with check filters).
Use -header-filter=.* to display errors from all non-system headers. Use -system-headers to display errors from system headers as well.
