14593 warnings generated.
./score/mw/com/impl/tracing/configuration/hash_helper_utility.h:24:67: warning: use c++17 style variable templates [modernize-type-traits]
   24 | template <typename InputIt, typename T, typename std::enable_if_t<std::is_unsigned<T>::value>* = nullptr>
      |                                                                   ^                  ~~~~~~~
      |                                                                                   _v
./score/mw/com/impl/tracing/configuration/hash_helper_utility.h:28:9: warning: use c++17 style variable templates [modernize-type-traits]
   28 |         std::is_base_of<std::input_iterator_tag, typename std::iterator_traits<InputIt>::iterator_category>::value,
      |         ^                                                                                                  ~~~~~~~
      |                        _v
./score/mw/com/impl/tracing/configuration/i_tracing_filter_config.h:42:5: warning: function 'IsTracePointEnabled' should be marked [[nodiscard]] [modernize-use-nodiscard]
   42 |     virtual bool IsTracePointEnabled(std::string_view service_type,
      |     ^
      |     [[nodiscard]] 
./score/mw/com/impl/tracing/configuration/i_tracing_filter_config.h:46:5: warning: function 'IsTracePointEnabled' should be marked [[nodiscard]] [modernize-use-nodiscard]
   46 |     virtual bool IsTracePointEnabled(std::string_view service_type,
      |     ^
      |     [[nodiscard]] 
./score/mw/com/impl/tracing/configuration/i_tracing_filter_config.h:50:5: warning: function 'IsTracePointEnabled' should be marked [[nodiscard]] [modernize-use-nodiscard]
   50 |     virtual bool IsTracePointEnabled(std::string_view service_type,
      |     ^
      |     [[nodiscard]] 
./score/mw/com/impl/tracing/configuration/i_tracing_filter_config.h:54:5: warning: function 'IsTracePointEnabled' should be marked [[nodiscard]] [modernize-use-nodiscard]
   54 |     virtual bool IsTracePointEnabled(std::string_view service_type,
      |     ^
      |     [[nodiscard]] 
./score/mw/com/impl/tracing/configuration/tracing_filter_config.h:31:5: warning: function 'IsTracePointEnabled' should be marked [[nodiscard]] [modernize-use-nodiscard]
   31 |     bool IsTracePointEnabled(std::string_view service_type,
      |     ^
      |     [[nodiscard]] 
./score/mw/com/impl/tracing/configuration/tracing_filter_config.h:35:5: warning: function 'IsTracePointEnabled' should be marked [[nodiscard]] [modernize-use-nodiscard]
   35 |     bool IsTracePointEnabled(std::string_view service_type,
      |     ^
      |     [[nodiscard]] 
./score/mw/com/impl/tracing/configuration/tracing_filter_config.h:39:5: warning: function 'IsTracePointEnabled' should be marked [[nodiscard]] [modernize-use-nodiscard]
   39 |     bool IsTracePointEnabled(std::string_view service_type,
      |     ^
      |     [[nodiscard]] 
./score/mw/com/impl/tracing/configuration/tracing_filter_config.h:43:5: warning: function 'IsTracePointEnabled' should be marked [[nodiscard]] [modernize-use-nodiscard]
   43 |     bool IsTracePointEnabled(std::string_view service_type,
      |     ^
      |     [[nodiscard]] 
./score/mw/com/impl/tracing/i_binding_tracing_runtime.h:65:5: warning: function 'GetTraceClientId' should be marked [[nodiscard]] [modernize-use-nodiscard]
   65 |     virtual analysis::tracing::TraceClientId GetTraceClientId() const noexcept = 0;
      |     ^
      |     [[nodiscard]] 
./score/mw/com/impl/tracing/i_binding_tracing_runtime.h:73:5: warning: function 'GetDataLossFlag' should be marked [[nodiscard]] [modernize-use-nodiscard]
   73 |     virtual bool GetDataLossFlag() const noexcept = 0;
      |     ^
      |     [[nodiscard]] 
./score/mw/com/impl/tracing/i_binding_tracing_runtime.h:87:5: warning: function 'GetShmObjectHandle' should be marked [[nodiscard]] [modernize-use-nodiscard]
   87 |     virtual std::optional<analysis::tracing::ShmObjectHandle> GetShmObjectHandle(
      |     ^
      |     [[nodiscard]] 
./score/mw/com/impl/tracing/i_binding_tracing_runtime.h:90:5: warning: function 'GetShmRegionStartAddress' should be marked [[nodiscard]] [modernize-use-nodiscard]
   90 |     virtual std::optional<void*> GetShmRegionStartAddress(
      |     ^
      |     [[nodiscard]] 
./score/mw/com/impl/tracing/i_binding_tracing_runtime.h:98:5: warning: function 'GetCachedFileDescriptorForReregisteringShmObject' should be marked [[nodiscard]] [modernize-use-nodiscard]
   98 |     virtual std::optional<std::pair<memory::shared::ISharedMemoryResource::FileDescriptor, void*>>
      |     ^
      |     [[nodiscard]] 
./score/mw/com/impl/tracing/i_binding_tracing_runtime.h:105:5: warning: function 'ConvertToTracingServiceInstanceElement' should be marked [[nodiscard]] [modernize-use-nodiscard]
  105 |     virtual analysis::tracing::ServiceInstanceElement ConvertToTracingServiceInstanceElement(
      |     ^
      |     [[nodiscard]] 
./score/mw/com/impl/tracing/i_tracing_runtime.h:80:5: warning: function 'GetBindingTracingRuntime' should be marked [[nodiscard]] [modernize-use-nodiscard]
   80 |     virtual IBindingTracingRuntime& GetBindingTracingRuntime(const BindingType binding_type) const noexcept = 0;
      |     ^
      |     [[nodiscard]] 
./score/mw/com/impl/tracing/type_erased_sample_ptr.h:33:34: warning: 128U is a magic number; consider replacing it with a named constant [readability-magic-numbers]
   33 |     score::cpp::callback<void(), 128U> type_erased_sample_ptr_;
      |                                  ^
/home/runner/.bazel/sandbox/linux-sandbox/3985/execroot/_main/score/mw/com/impl/tracing/common_event_tracing.cpp:29:6: warning: no header providing "std::string_view" is directly included [misc-include-cleaner]
   21 | #include <utility>
   22 | 
   23 | namespace score::mw::com::impl::tracing
   24 | {
   25 | 
   26 | namespace
   27 | {
   28 | 
   29 | std::string_view GetServiceType(const InstanceIdentifier& instance_identifier) noexcept
      |      ^
/home/runner/.bazel/sandbox/linux-sandbox/3985/execroot/_main/score/mw/com/impl/tracing/common_event_tracing.cpp:29:39: warning: no header providing "score::mw::com::impl::InstanceIdentifier" is directly included [misc-include-cleaner]
   15 | #include "score/mw/com/impl/runtime.h"
   16 | 
   17 | #include "score/result/result.h"
   18 | 
   19 | #include <score/assert.hpp>
   20 | 
   21 | #include <utility>
   22 | 
   23 | namespace score::mw::com::impl::tracing
   24 | {
   25 | 
   26 | namespace
   27 | {
   28 | 
   29 | std::string_view GetServiceType(const InstanceIdentifier& instance_identifier) noexcept
      |                                       ^
/home/runner/.bazel/sandbox/linux-sandbox/3985/execroot/_main/score/mw/com/impl/tracing/common_event_tracing.cpp:31:5: warning: no header providing "score::mw::com::impl::InstanceIdentifierView" is directly included [misc-include-cleaner]
   31 |     InstanceIdentifierView instance_identifier_view{instance_identifier};
      |     ^
/home/runner/.bazel/sandbox/linux-sandbox/3985/execroot/_main/score/mw/com/impl/tracing/common_event_tracing.cpp:45:30: warning: no header providing "score::mw::com::impl::tracing::ServiceElementInstanceIdentifierView" is directly included [misc-include-cleaner]
   17 | Result<void> TraceData(const ServiceElementInstanceIdentifierView service_element_instance_identifier_view,
      |                              ^
/home/runner/.bazel/sandbox/linux-sandbox/3985/execroot/_main/score/mw/com/impl/tracing/common_event_tracing.cpp:46:30: warning: no header providing "score::mw::com::impl::tracing::TracingRuntime" is directly included [misc-include-cleaner]
   17 |                        const TracingRuntime::TracePointType trace_point,
      |                              ^
/home/runner/.bazel/sandbox/linux-sandbox/3985/execroot/_main/score/mw/com/impl/tracing/common_event_tracing.cpp:47:30: warning: no header providing "score::mw::com::impl::BindingType" is directly included [misc-include-cleaner]
   15 |                        const BindingType binding_type,
      |                              ^
/home/runner/.bazel/sandbox/linux-sandbox/3985/execroot/_main/score/mw/com/impl/tracing/common_event_tracing.cpp:48:58: warning: no header providing "std::size_t" is directly included [misc-include-cleaner]
   19 |                        const std::pair<const void*, std::size_t>& local_data_chunk,
      |                                                          ^
/home/runner/.bazel/sandbox/linux-sandbox/3985/execroot/_main/score/mw/com/impl/tracing/common_event_tracing.cpp:49:35: warning: no header providing "std::optional" is directly included [misc-include-cleaner]
   19 |                        const std::optional<TracingRuntime::TracePointDataId> trace_point_data_id) noexcept
      |                                   ^
/home/runner/.bazel/sandbox/linux-sandbox/3985/execroot/_main/score/mw/com/impl/tracing/common_event_tracing.cpp:62:33: warning: no header providing "score::mw::com::impl::tracing::ServiceElementTracingData" is directly included [misc-include-cleaner]
   17 |                           const ServiceElementTracingData service_element_tracing_data,
      |                                 ^
/home/runner/.bazel/sandbox/linux-sandbox/3985/execroot/_main/score/mw/com/impl/tracing/common_event_tracing.cpp:66:27: warning: no header providing "score::mw::com::impl::tracing::TypeErasedSamplePtr" is directly included [misc-include-cleaner]
   17 |                           TypeErasedSamplePtr sample_ptr,
      |                           ^
/home/runner/.bazel/sandbox/linux-sandbox/3985/execroot/_main/score/mw/com/impl/tracing/common_event_tracing.cpp:85:11: warning: no header providing "score::mw::com::impl::ServiceElementType" is directly included [misc-include-cleaner]
   17 |     const ServiceElementType service_element_type) noexcept
      |           ^
/home/runner/.bazel/sandbox/linux-sandbox/3985/execroot/_main/score/mw/com/impl/tracing/common_event_tracing.cpp:89:11: warning: no header providing "score::mw::com::impl::tracing::ServiceElementIdentifierView" is directly included [misc-include-cleaner]
   17 |     const ServiceElementIdentifierView service_element_identifier_view{
      |           ^
Suppressed 14676 warnings (14555 in non-user code, 113 NOLINT, 8 with check filters).
Use -header-filter=.* to display errors from all non-system headers. Use -system-headers to display errors from system headers as well.
