8219 warnings generated.
./score/message_passing/i_client_connection.h:22:1: warning: nested namespaces can be concatenated [modernize-concat-nested-namespaces]
   22 | namespace score
      | ^~~~~~~~~~~~~~~
   23 | {
      | ~
   24 | namespace message_passing
      | ~~~~~~~~~~~~~~~~~~~~~~~~~
      | namespace score::message_passing
./score/message_passing/i_client_connection.h:141:5: warning: function 'GetState' should be marked [[nodiscard]] [modernize-use-nodiscard]
  141 |     virtual State GetState() const noexcept = 0;
      |     ^
      |     [[nodiscard]] 
./score/message_passing/i_client_connection.h:144:5: warning: function 'GetStopReason' should be marked [[nodiscard]] [modernize-use-nodiscard]
  144 |     virtual StopReason GetStopReason() const noexcept = 0;
      |     ^
      |     [[nodiscard]] 
./score/message_passing/i_client_connection.h:160:5: warning: deleted member function should be public [modernize-use-equals-delete]
  160 |     IClientConnection(const IClientConnection&) = delete;
      |     ^
./score/message_passing/i_client_connection.h:161:5: warning: deleted member function should be public [modernize-use-equals-delete]
  161 |     IClientConnection(IClientConnection&&) = delete;
      |     ^
./score/message_passing/i_client_connection.h:162:24: warning: deleted member function should be public [modernize-use-equals-delete]
  162 |     IClientConnection& operator=(const IClientConnection&) = delete;
      |                        ^
./score/message_passing/i_client_connection.h:163:24: warning: deleted member function should be public [modernize-use-equals-delete]
  163 |     IClientConnection& operator=(IClientConnection&&) = delete;
      |                        ^
./score/message_passing/i_client_factory.h:23:1: warning: nested namespaces can be concatenated [modernize-concat-nested-namespaces]
   23 | namespace score
      | ^~~~~~~~~~~~~~~
   24 | {
      | ~
   25 | namespace message_passing
      | ~~~~~~~~~~~~~~~~~~~~~~~~~
      | namespace score::message_passing
./score/message_passing/i_client_factory.h:77:5: warning: deleted member function should be public [modernize-use-equals-delete]
   77 |     IClientFactory(const IClientFactory&) = delete;
      |     ^
./score/message_passing/i_client_factory.h:78:5: warning: deleted member function should be public [modernize-use-equals-delete]
   78 |     IClientFactory(IClientFactory&&) = delete;
      |     ^
./score/message_passing/i_client_factory.h:79:21: warning: deleted member function should be public [modernize-use-equals-delete]
   79 |     IClientFactory& operator=(const IClientFactory&) = delete;
      |                     ^
./score/message_passing/i_client_factory.h:80:21: warning: deleted member function should be public [modernize-use-equals-delete]
   80 |     IClientFactory& operator=(IClientFactory&&) = delete;
      |                     ^
./score/message_passing/i_connection_handler.h:21:1: warning: nested namespaces can be concatenated [modernize-concat-nested-namespaces]
   21 | namespace score
      | ^~~~~~~~~~~~~~~
   22 | {
      | ~
   23 | namespace message_passing
      | ~~~~~~~~~~~~~~~~~~~~~~~~~
      | namespace score::message_passing
./score/message_passing/i_server.h:20:1: warning: nested namespaces can be concatenated [modernize-concat-nested-namespaces]
   20 | namespace score
      | ^~~~~~~~~~~~~~~
   21 | {
      | ~
   22 | namespace message_passing
      | ~~~~~~~~~~~~~~~~~~~~~~~~~
      | namespace score::message_passing
./score/message_passing/i_server.h:57:5: warning: deleted member function should be public [modernize-use-equals-delete]
   57 |     IServer(const IServer&) = delete;
      |     ^
./score/message_passing/i_server.h:58:5: warning: deleted member function should be public [modernize-use-equals-delete]
   58 |     IServer(IServer&&) = delete;
      |     ^
./score/message_passing/i_server.h:59:14: warning: deleted member function should be public [modernize-use-equals-delete]
   59 |     IServer& operator=(const IServer&) = delete;
      |              ^
./score/message_passing/i_server.h:60:14: warning: deleted member function should be public [modernize-use-equals-delete]
   60 |     IServer& operator=(IServer&&) = delete;
      |              ^
./score/message_passing/i_server_connection.h:23:1: warning: nested namespaces can be concatenated [modernize-concat-nested-namespaces]
   23 | namespace score
      | ^~~~~~~~~~~~~~~
   24 | {
      | ~
   25 | namespace message_passing
      | ~~~~~~~~~~~~~~~~~~~~~~~~~
      | namespace score::message_passing
./score/message_passing/i_server_connection.h:33:5: warning: function 'GetClientIdentity' should be marked [[nodiscard]] [modernize-use-nodiscard]
   33 |     virtual const ClientIdentity& GetClientIdentity() const noexcept = 0;
      |     ^
      |     [[nodiscard]] 
./score/message_passing/i_server_connection.h:46:5: warning: deleted member function should be public [modernize-use-equals-delete]
   46 |     IServerConnection(const IServerConnection&) = delete;
      |     ^
./score/message_passing/i_server_connection.h:47:5: warning: deleted member function should be public [modernize-use-equals-delete]
   47 |     IServerConnection(IServerConnection&&) = delete;
      |     ^
./score/message_passing/i_server_connection.h:48:24: warning: deleted member function should be public [modernize-use-equals-delete]
   48 |     IServerConnection& operator=(const IServerConnection&) = delete;
      |                        ^
./score/message_passing/i_server_connection.h:49:24: warning: deleted member function should be public [modernize-use-equals-delete]
   49 |     IServerConnection& operator=(IServerConnection&&) = delete;
      |                        ^
./score/message_passing/i_server_factory.h:23:1: warning: nested namespaces can be concatenated [modernize-concat-nested-namespaces]
   23 | namespace score
      | ^~~~~~~~~~~~~~~
   24 | {
      | ~
   25 | namespace message_passing
      | ~~~~~~~~~~~~~~~~~~~~~~~~~
      | namespace score::message_passing
./score/message_passing/i_server_factory.h:49:5: warning: deleted member function should be public [modernize-use-equals-delete]
   49 |     IServerFactory(const IServerFactory&) = delete;
      |     ^
./score/message_passing/i_server_factory.h:50:5: warning: deleted member function should be public [modernize-use-equals-delete]
   50 |     IServerFactory(IServerFactory&&) = delete;
      |     ^
./score/message_passing/i_server_factory.h:51:21: warning: deleted member function should be public [modernize-use-equals-delete]
   51 |     IServerFactory& operator=(const IServerFactory&) = delete;
      |                     ^
./score/message_passing/i_server_factory.h:52:21: warning: deleted member function should be public [modernize-use-equals-delete]
   52 |     IServerFactory& operator=(IServerFactory&&) = delete;
      |                     ^
./score/message_passing/server_types.h:23:1: warning: nested namespaces can be concatenated [modernize-concat-nested-namespaces]
   23 | namespace score
      | ^~~~~~~~~~~~~~~
   24 | {
      | ~
   25 | namespace message_passing
      | ~~~~~~~~~~~~~~~~~~~~~~~~~
      | namespace score::message_passing
./score/message_passing/service_protocol_config.h:20:1: warning: nested namespaces can be concatenated [modernize-concat-nested-namespaces]
   20 | namespace score
      | ^~~~~~~~~~~~~~~
   21 | {
      | ~
   22 | namespace message_passing
      | ~~~~~~~~~~~~~~~~~~~~~~~~~
      | namespace score::message_passing
   23 | {
   24 | 
   25 | /// \brief The common part of the library configuration of a server and a client
   26 | // NOLINTNEXTLINE(cppcoreguidelines-pro-type-member-init) POD-like usage
   27 | struct ServiceProtocolConfig
   28 | {
   29 |     std::string_view identifier;    ///< The server name in the service namespace
   30 |     std::uint32_t max_send_size;    ///< Maximum size in bytes for the message from client to server
   31 |     std::uint32_t max_reply_size;   ///< Maximum size in bytes for the reply from server to client
   32 |     std::uint32_t max_notify_size;  ///< Maximum size in bytes for the notification message from server to client
   33 | };
   34 | 
   35 | }  // namespace message_passing
      | ~~~~~~~~~~~~~~~~~~~~~~~~~~~~~~~
      | } // namespace score::message_passing
/home/runner/.bazel/sandbox/linux-sandbox/834/execroot/_main/score/message_passing/common_headers.cpp:13:1: warning: included header i_client_connection.h is not used directly [misc-include-cleaner]
   13 | #include "score/message_passing/i_client_connection.h"
      | ^~~~~~~~~~~~~~~~~~~~~~~~~~~~~~~~~~~~~~~~~~~~~~~~~~~~~~
   14 | #include "score/message_passing/i_client_factory.h"
/home/runner/.bazel/sandbox/linux-sandbox/834/execroot/_main/score/message_passing/common_headers.cpp:14:1: warning: included header i_client_factory.h is not used directly [misc-include-cleaner]
   14 | #include "score/message_passing/i_client_factory.h"
      | ^~~~~~~~~~~~~~~~~~~~~~~~~~~~~~~~~~~~~~~~~~~~~~~~~~~
   15 | #include "score/message_passing/i_connection_handler.h"
/home/runner/.bazel/sandbox/linux-sandbox/834/execroot/_main/score/message_passing/common_headers.cpp:15:1: warning: included header i_connection_handler.h is not used directly [misc-include-cleaner]
   15 | #include "score/message_passing/i_connection_handler.h"
      | ^~~~~~~~~~~~~~~~~~~~~~~~~~~~~~~~~~~~~~~~~~~~~~~~~~~~~~~
   16 | #include "score/message_passing/i_server.h"
/home/runner/.bazel/sandbox/linux-sandbox/834/execroot/_main/score/message_passing/common_headers.cpp:16:1: warning: included header i_server.h is not used directly [misc-include-cleaner]
   16 | #include "score/message_passing/i_server.h"
      | ^~~~~~~~~~~~~~~~~~~~~~~~~~~~~~~~~~~~~~~~~~~
   17 | #include "score/message_passing/i_server_connection.h"
/home/runner/.bazel/sandbox/linux-sandbox/834/execroot/_main/score/message_passing/common_headers.cpp:17:1: warning: included header i_server_connection.h is not used directly [misc-include-cleaner]
   17 | #include "score/message_passing/i_server_connection.h"
      | ^~~~~~~~~~~~~~~~~~~~~~~~~~~~~~~~~~~~~~~~~~~~~~~~~~~~~~
   18 | #include "score/message_passing/i_server_factory.h"
/home/runner/.bazel/sandbox/linux-sandbox/834/execroot/_main/score/message_passing/common_headers.cpp:18:1: warning: included header i_server_factory.h is not used directly [misc-include-cleaner]
   18 | #include "score/message_passing/i_server_factory.h"
      | ^~~~~~~~~~~~~~~~~~~~~~~~~~~~~~~~~~~~~~~~~~~~~~~~~~~
   19 | #include "score/message_passing/server_types.h"
/home/runner/.bazel/sandbox/linux-sandbox/834/execroot/_main/score/message_passing/common_headers.cpp:19:1: warning: included header server_types.h is not used directly [misc-include-cleaner]
   19 | #include "score/message_passing/server_types.h"
      | ^~~~~~~~~~~~~~~~~~~~~~~~~~~~~~~~~~~~~~~~~~~~~~~
   20 | #include "score/message_passing/service_protocol_config.h"
/home/runner/.bazel/sandbox/linux-sandbox/834/execroot/_main/score/message_passing/common_headers.cpp:20:1: warning: included header service_protocol_config.h is not used directly [misc-include-cleaner]
   20 | #include "score/message_passing/service_protocol_config.h"
      | ^~~~~~~~~~~~~~~~~~~~~~~~~~~~~~~~~~~~~~~~~~~~~~~~~~~~~~~~~~
   21 | 
Suppressed 8205 warnings (8177 in non-user code, 25 NOLINT, 3 with check filters).
Use -header-filter=.* to display errors from all non-system headers. Use -system-headers to display errors from system headers as well.
