7341 warnings generated.
./score/mw/com/impl/configuration/configuration_error.h:43:5: warning: function 'MessageFor' should be marked [[nodiscard]] [modernize-use-nodiscard]
   43 |     std::string_view MessageFor(const score::result::ErrorCode& code) const noexcept override final
      |     ^
      |     [[nodiscard]] 
/home/runner/.bazel/sandbox/linux-sandbox/845/execroot/_main/score/mw/com/impl/configuration/configuration_error.cpp:20:16: warning: no header providing "score::result::Error" is directly included [misc-include-cleaner]
   14 | 
   15 | namespace
   16 | {
   17 | constexpr score::mw::com::impl::ConfigurationErrorDomain g_configurationErrorDomain;
   18 | }  // namespace
   19 | 
   20 | score::result::Error score::mw::com::impl::MakeError(const score::mw::com::impl::configuration_errc code,
      |                ^
/home/runner/.bazel/sandbox/linux-sandbox/845/execroot/_main/score/mw/com/impl/configuration/configuration_error.cpp:21:65: warning: no header providing "std::string_view" is directly included [misc-include-cleaner]
   14 | 
   15 | namespace
   16 | {
   17 | constexpr score::mw::com::impl::ConfigurationErrorDomain g_configurationErrorDomain;
   18 | }  // namespace
   19 | 
   20 | score::result::Error score::mw::com::impl::MakeError(const score::mw::com::impl::configuration_errc code,
   21 |                                                      const std::string_view message)
      |                                                                 ^
/home/runner/.bazel/sandbox/linux-sandbox/845/execroot/_main/score/mw/com/impl/configuration/configuration_error.cpp:23:40: warning: no header providing "score::result::ErrorCode" is directly included [misc-include-cleaner]
   14 | 
   15 | namespace
   16 | {
   17 | constexpr score::mw::com::impl::ConfigurationErrorDomain g_configurationErrorDomain;
   18 | }  // namespace
   19 | 
   20 | score::result::Error score::mw::com::impl::MakeError(const score::mw::com::impl::configuration_errc code,
   21 |                                                      const std::string_view message)
   22 | {
   23 |     return {static_cast<score::result::ErrorCode>(code), g_configurationErrorDomain, message};
      |                                        ^
Suppressed 7359 warnings (7334 in non-user code, 22 NOLINT, 3 with check filters).
Use -header-filter=.* to display errors from all non-system headers. Use -system-headers to display errors from system headers as well.
