17004 warnings generated.
/home/runner/.bazel/sandbox/linux-sandbox/4908/execroot/_main/score/mw/com/test/partial_restart/consumer_restart/consumer_restart_application.cpp:25:1: warning: included header program_options.hpp is not used directly [misc-include-cleaner]
   25 | #include <boost/program_options.hpp>
      | ^~~~~~~~~~~~~~~~~~~~~~~~~~~~~~~~~~~~
   26 | #include <chrono>
/home/runner/.bazel/sandbox/linux-sandbox/4908/execroot/_main/score/mw/com/test/partial_restart/consumer_restart/consumer_restart_application.cpp:64:9: warning: no header providing "boost::program_options::options_description" is directly included [misc-include-cleaner]
   22 |     po::options_description options;
      |         ^
/home/runner/.bazel/sandbox/linux-sandbox/4908/execroot/_main/score/mw/com/test/partial_restart/consumer_restart/consumer_restart_application.cpp:71:43: warning: no header providing "boost::program_options::value" is directly included [misc-include-cleaner]
   22 |         ("service_instance_manifest", po::value<std::string>(&service_instance_manifest)->default_value(""), "Path to the com configuration file")
      |                                           ^
/home/runner/.bazel/sandbox/linux-sandbox/4908/execroot/_main/score/mw/com/test/partial_restart/consumer_restart/consumer_restart_application.cpp:72:30: warning: no header providing "boost::program_options::value" is directly included [misc-include-cleaner]
   72 |         ("iterations,t", po::value<std::size_t>(&test_parameters.number_test_iterations), "Number of cycles (provider restarts) to be done")
      |                              ^
/home/runner/.bazel/sandbox/linux-sandbox/4908/execroot/_main/score/mw/com/test/partial_restart/consumer_restart/consumer_restart_application.cpp:73:22: warning: no header providing "boost::program_options::value" is directly included [misc-include-cleaner]
   73 |         ("kill", po::value<bool>(&test_parameters.kill_consumer), "Shall the consumer get killed before restart or gracefully shutdown?");
      |                      ^
/home/runner/.bazel/sandbox/linux-sandbox/4908/execroot/_main/score/mw/com/test/partial_restart/consumer_restart/consumer_restart_application.cpp:75:9: warning: no header providing "boost::program_options::variables_map" is directly included [misc-include-cleaner]
   22 |     po::variables_map args;
      |         ^
/home/runner/.bazel/sandbox/linux-sandbox/4908/execroot/_main/score/mw/com/test/partial_restart/consumer_restart/consumer_restart_application.cpp:79:44: warning: no header providing "boost::program_options::command_line_style::unix_style" is directly included [misc-include-cleaner]
   22 |             .style(po::command_line_style::unix_style | po::command_line_style::allow_long_disguise)
      |                                            ^
/home/runner/.bazel/sandbox/linux-sandbox/4908/execroot/_main/score/mw/com/test/partial_restart/consumer_restart/consumer_restart_application.cpp:79:81: warning: no header providing "boost::program_options::command_line_style::allow_long_disguise" is directly included [misc-include-cleaner]
   79 |             .style(po::command_line_style::unix_style | po::command_line_style::allow_long_disguise)
      |                                                                                 ^
/home/runner/.bazel/sandbox/linux-sandbox/4908/execroot/_main/score/mw/com/test/partial_restart/consumer_restart/consumer_restart_application.cpp:81:9: warning: no header providing "boost::program_options::store" is directly included [misc-include-cleaner]
   81 |     po::store(parsed_args, args);
      |         ^
/home/runner/.bazel/sandbox/linux-sandbox/4908/execroot/_main/score/mw/com/test/partial_restart/consumer_restart/consumer_restart_application.cpp:89:9: warning: no header providing "boost::program_options::notify" is directly included [misc-include-cleaner]
   89 |     po::notify(args);
      |         ^
/home/runner/.bazel/sandbox/linux-sandbox/4908/execroot/_main/score/mw/com/test/partial_restart/consumer_restart/consumer_restart_application.cpp:98:46: warning: the parameter 'test_stop_token' is copied for each invocation but only used as a const reference; consider making it a const reference [performance-unnecessary-value-param]
   98 | int DoConsumerRestart(score::cpp::stop_token test_stop_token, int argc, const char** argv, bool kill_consumer) noexcept
      |                                              ^
      |                       const                 &
/home/runner/.bazel/sandbox/linux-sandbox/4908/execroot/_main/score/mw/com/test/partial_restart/consumer_restart/consumer_restart_application.cpp:172:27: warning: no header providing "score::mw::com::test::TimeoutSupervisor" is directly included [misc-include-cleaner]
   19 |     score::mw::com::test::TimeoutSupervisor timeout_supervisor{};
      |                           ^
/home/runner/.bazel/sandbox/linux-sandbox/4908/execroot/_main/score/mw/com/test/partial_restart/consumer_restart/consumer_restart_application.cpp:199:31: warning: no header providing "std::this_thread::sleep_for" is directly included [misc-include-cleaner]
   32 |             std::this_thread::sleep_for(poll_interval);
      |                               ^
/home/runner/.bazel/sandbox/linux-sandbox/4908/execroot/_main/score/mw/com/test/partial_restart/consumer_restart/consumer_restart_application.cpp:214:9: warning: do not use 'else' after 'return' [readability-else-after-return]
  214 |         else
      |         ^~~~
  215 |         {
      |         ~
  216 |             std::cout << "Controller Step (4.2): Consumer process terminated" << std::endl;
      |             ~~~~~~~~~~~~~~~~~~~~~~~~~~~~~~~~~~~~~~~~~~~~~~~~~~~~~~~~~~~~~~~~~~~~~~~~~~~~~~~
  217 |             consumer_checkpoint_control.SetChildWaitingForKill(false);
      |             ~~~~~~~~~~~~~~~~~~~~~~~~~~~~~~~~~~~~~~~~~~~~~~~~~~~~~~~~~~
  218 |         }
      |         ~
/home/runner/.bazel/sandbox/linux-sandbox/4908/execroot/_main/score/mw/com/test/partial_restart/consumer_restart/consumer_restart_application.cpp:331:17: warning: no header providing "score::cpp::set_assertion_handler" is directly included [misc-include-cleaner]
   22 |     score::cpp::set_assertion_handler(&score::mw::com::test::assertion_stdout_handler);
      |                 ^
Suppressed 17042 warnings (16986 in non-user code, 53 NOLINT, 3 with check filters).
Use -header-filter=.* to display errors from all non-system headers. Use -system-headers to display errors from system headers as well.
