9948 warnings generated.
./score/mw/com/impl/bindings/lola/consumer_event_data_control_local_view.h:57:5: warning: single-argument constructors must be marked explicit to avoid unintentional implicit conversions [google-explicit-constructor]
   57 |     ConsumerEventDataControlLocalView(EventDataControl& event_data_control_shared) noexcept;
      |     ^
      |     explicit 
./score/mw/com/impl/bindings/lola/consumer_event_data_control_local_view.h:107:5: warning: function 'GetNumNewEvents' should be marked [[nodiscard]] [modernize-use-nodiscard]
  107 |     std::size_t GetNumNewEvents(const EventSlotStatus::EventTimeStamp reference_time) const noexcept;
      |     ^
      |     [[nodiscard]] 
./score/mw/com/impl/bindings/lola/consumer_event_data_control_local_view.h:113:10: warning: function 'score::mw::com::impl::lola::ConsumerEventDataControlLocalView::DereferenceEvent' has a definition with different parameter names [readability-inconsistent-declaration-parameter-name]
  113 |     void DereferenceEvent(const SlotIndexType slot_index) noexcept;
      |          ^
/home/runner/.bazel/sandbox/linux-sandbox/1343/execroot/_main/score/mw/com/impl/bindings/lola/consumer_event_data_control_local_view.cpp:220:63: note: the definition seen here
  220 | auto ConsumerEventDataControlLocalView<AtomicIndirectorType>::DereferenceEvent(
      |                                                               ^
./score/mw/com/impl/bindings/lola/consumer_event_data_control_local_view.h:113:10: note: differing parameters are named here: ('slot_index'), in definition: ('event_slot_index')
  113 |     void DereferenceEvent(const SlotIndexType slot_index) noexcept;
      |          ^                                    ~~~~~~~~~~
      |                                               event_slot_index
./score/mw/com/impl/bindings/lola/consumer_event_data_control_local_view.h:128:5: warning: function 'GetMaxSampleSlots' should be marked [[nodiscard]] [modernize-use-nodiscard]
  128 |     std::size_t GetMaxSampleSlots() const noexcept
      |     ^
      |     [[nodiscard]] 
./score/mw/com/impl/bindings/lola/event_slot_status.h:61:5: warning: function 'IsInvalid' should be marked [[nodiscard]] [modernize-use-nodiscard]
   61 |     bool IsInvalid() const noexcept;
      |     ^
      |     [[nodiscard]] 
./score/mw/com/impl/bindings/lola/event_slot_status.h:62:5: warning: function 'IsInWriting' should be marked [[nodiscard]] [modernize-use-nodiscard]
   62 |     bool IsInWriting() const noexcept;
      |     ^
      |     [[nodiscard]] 
./score/mw/com/impl/bindings/lola/event_slot_status.h:67:5: warning: function 'GetReferenceCount' should be marked [[nodiscard]] [modernize-use-nodiscard]
   67 |     SubscriberCount GetReferenceCount() const noexcept;
      |     ^
      |     [[nodiscard]] 
./score/mw/com/impl/bindings/lola/event_slot_status.h:68:5: warning: function 'GetTimeStamp' should be marked [[nodiscard]] [modernize-use-nodiscard]
   68 |     EventTimeStamp GetTimeStamp() const noexcept;
      |     ^
      |     [[nodiscard]] 
./score/mw/com/impl/bindings/lola/event_slot_status.h:76:5: warning: function 'IsUsed' should be marked [[nodiscard]] [modernize-use-nodiscard]
   76 |     bool IsUsed() const noexcept;
      |     ^
      |     [[nodiscard]] 
./score/mw/com/impl/bindings/lola/event_slot_status.h:83:5: warning: function 'IsTimeStampBetween' should be marked [[nodiscard]] [modernize-use-nodiscard]
   83 |     bool IsTimeStampBetween(const EventTimeStamp min_timestamp, const EventTimeStamp max_timestamp) const noexcept;
      |     ^
      |     [[nodiscard]] 
./score/mw/com/impl/bindings/lola/transaction_log_local_view.h:47:5: warning: single-argument constructors must be marked explicit to avoid unintentional implicit conversions [google-explicit-constructor]
   47 |     TransactionLogLocalView(TransactionLog& transaction_log) noexcept;
      |     ^
      |     explicit 
./score/mw/com/impl/bindings/lola/transaction_log_local_view.h:98:5: warning: function 'ContainsTransactions' should be marked [[nodiscard]] [modernize-use-nodiscard]
   98 |     bool ContainsTransactions() const noexcept;
      |     ^
      |     [[nodiscard]] 
./score/mw/com/impl/bindings/lola/transaction_log_slot.h:35:5: warning: function 'GetTransactionBegin' should be marked [[nodiscard]] [modernize-use-nodiscard]
   35 |     bool GetTransactionBegin() const noexcept
      |     ^
      |     [[nodiscard]] 
./score/mw/com/impl/bindings/lola/transaction_log_slot.h:39:5: warning: function 'GetTransactionEnd' should be marked [[nodiscard]] [modernize-use-nodiscard]
   39 |     bool GetTransactionEnd() const noexcept
      |     ^
      |     [[nodiscard]] 
/home/runner/.bazel/sandbox/linux-sandbox/1343/execroot/_main/score/mw/com/impl/bindings/lola/consumer_event_data_control_local_view.cpp:36:5: warning: no header providing "score::mw::com::impl::lola::EventDataControl" is directly included [misc-include-cleaner]
   16 |     EventDataControl& event_data_control_shared) noexcept
      |     ^
/home/runner/.bazel/sandbox/linux-sandbox/1343/execroot/_main/score/mw/com/impl/bindings/lola/consumer_event_data_control_local_view.cpp:44:5: warning: no header providing "score::mw::com::impl::lola::TransactionLogLocalView" is directly included [misc-include-cleaner]
   17 |     TransactionLogLocalView transaction_log_local_view) noexcept
      |     ^
/home/runner/.bazel/sandbox/linux-sandbox/1343/execroot/_main/score/mw/com/impl/bindings/lola/consumer_event_data_control_local_view.cpp:58:73: warning: no header providing "std::optional" is directly included [misc-include-cleaner]
   18 |     const EventSlotStatus::EventTimeStamp upper_limit) noexcept -> std::optional<SlotIndexType>
      |                                                                         ^
/home/runner/.bazel/sandbox/linux-sandbox/1343/execroot/_main/score/mw/com/impl/bindings/lola/consumer_event_data_control_local_view.cpp:64:10: warning: no header providing "std::uint64_t" is directly included [misc-include-cleaner]
   18 |     std::uint64_t counter = 0U;
      |          ^
/home/runner/.bazel/sandbox/linux-sandbox/1343/execroot/_main/score/mw/com/impl/bindings/lola/consumer_event_data_control_local_view.cpp:101:14: warning: no header providing "std::size_t" is directly included [misc-include-cleaner]
   18 |         std::size_t status_new_val{candidate_slot_status};
      |              ^
/home/runner/.bazel/sandbox/linux-sandbox/1343/execroot/_main/score/mw/com/impl/bindings/lola/consumer_event_data_control_local_view.cpp:105:28: warning: no header providing "std::is_same_v" is directly included [misc-include-cleaner]
   23 |         static_assert(std::is_same_v<decltype(candidate_slot_status)::value_type, decltype(status_new_val)>,
      |                            ^
/home/runner/.bazel/sandbox/linux-sandbox/1343/execroot/_main/score/mw/com/impl/bindings/lola/consumer_event_data_control_local_view.cpp:238:17: warning: no header providing "score::cpp::ignore" is directly included [misc-include-cleaner]
   23 |     score::cpp::ignore = state_slots_[event_slot_index].fetch_sub(1U, std::memory_order_acq_rel);
      |                 ^
/home/runner/.bazel/sandbox/linux-sandbox/1343/execroot/_main/score/mw/com/impl/bindings/lola/consumer_event_data_control_local_view.cpp:275:66: warning: no header providing "score::memory::shared::AtomicIndirectorReal" is directly included [misc-include-cleaner]
   15 | template class ConsumerEventDataControlLocalView<memory::shared::AtomicIndirectorReal>;
      |                                                                  ^
/home/runner/.bazel/sandbox/linux-sandbox/1343/execroot/_main/score/mw/com/impl/bindings/lola/consumer_event_data_control_local_view.cpp:276:66: warning: no header providing "score::memory::shared::AtomicIndirectorMock" is directly included [misc-include-cleaner]
  276 | template class ConsumerEventDataControlLocalView<memory::shared::AtomicIndirectorMock>;
      |                                                                  ^
Suppressed 9982 warnings (9920 in non-user code, 59 NOLINT, 3 with check filters).
Use -header-filter=.* to display errors from all non-system headers. Use -system-headers to display errors from system headers as well.
