10705 warnings generated.
./score/mw/com/test/common_test_resources/check_point_control.h:156:80: warning: the parameter 'external_stop_token' is copied for each invocation but only used as a const reference; consider making it a const reference [performance-unnecessary-value-param]
  156 |                                                         score::cpp::stop_token external_stop_token,
      |                                                                                ^
      |                                                         const                 &
./score/mw/com/test/common_test_resources/child_process_guard.h:35:5: warning: function 'GetPid' should be marked [[nodiscard]] [modernize-use-nodiscard]
   35 |     pid_t GetPid() const noexcept
      |     ^
      |     [[nodiscard]] 
./score/mw/com/test/common_test_resources/shared_memory_object_creator.h:125:44: warning: use nullptr [hicpp-use-nullptr,modernize-use-nullptr]
  125 |         ::score::os::Mman::instance().mmap(NULL,
      |                                            ^~~~
      |                                            nullptr
./score/mw/com/test/common_test_resources/shared_memory_object_creator.h:176:44: warning: use nullptr [hicpp-use-nullptr,modernize-use-nullptr]
  176 |         ::score::os::Mman::instance().mmap(NULL,
      |                                            ^~~~
      |                                            nullptr
./score/mw/com/test/common_test_resources/shared_memory_object_creator.h:220:5: warning: do not use 'else' after 'return' [readability-else-after-return]
  220 |     else
      |     ^~~~
  221 |     {
      |     ~
  222 |         std::stringstream ss{};
      |         ~~~~~~~~~~~~~~~~~~~~~~~
  223 |         ss << "SharedMemoryObjectCreator: Unexpected error while opening object with SharedMemoryObjectCreator at path"
      |         ~~~~~~~~~~~~~~~~~~~~~~~~~~~~~~~~~~~~~~~~~~~~~~~~~~~~~~~~~~~~~~~~~~~~~~~~~~~~~~~~~~~~~~~~~~~~~~~~~~~~~~~~~~~~~~~
  224 |            << shared_memory_file_name << "with errno" << open_object_result.error();
      |            ~~~~~~~~~~~~~~~~~~~~~~~~~~~~~~~~~~~~~~~~~~~~~~~~~~~~~~~~~~~~~~~~~~~~~~~~~
  225 |         std::cerr << ss.str() << std::endl;
      |         ~~~~~~~~~~~~~~~~~~~~~~~~~~~~~~~~~~~
  226 |         std::terminate();
      |         ~~~~~~~~~~~~~~~~~
  227 |     }
      |     ~
./score/mw/com/test/partial_restart/provider_restart/provider.h:24:51: warning: 5 is a magic number; consider replacing it with a named constant [readability-magic-numbers]
   24 |     size_t num_samples_sent_to_notify_check_point{5};
      |                                                   ^
/home/runner/.bazel/sandbox/linux-sandbox/4498/execroot/_main/score/mw/com/test/partial_restart/provider_restart/controller.cpp:17:1: warning: included header child_process_guard.h is not used directly [misc-include-cleaner]
   17 | #include "score/mw/com/test/common_test_resources/child_process_guard.h"
      | ^~~~~~~~~~~~~~~~~~~~~~~~~~~~~~~~~~~~~~~~~~~~~~~~~~~~~~~~~~~~~~~~~~~~~~~~
   18 | #include "score/mw/com/test/common_test_resources/general_resources.h"
/home/runner/.bazel/sandbox/linux-sandbox/4498/execroot/_main/score/mw/com/test/partial_restart/provider_restart/controller.cpp:23:1: warning: included header unistd.h is not used directly [misc-include-cleaner]
   23 | #include <unistd.h>
      | ^~~~~~~~~~~~~~~~~~~
   24 | #include <cstdlib>
/home/runner/.bazel/sandbox/linux-sandbox/4498/execroot/_main/score/mw/com/test/partial_restart/provider_restart/controller.cpp:27:1: warning: included header sstream is not used directly [misc-include-cleaner]
   27 | #include <sstream>
      | ^~~~~~~~~~~~~~~~~~
   28 | #include <string_view>
/home/runner/.bazel/sandbox/linux-sandbox/4498/execroot/_main/score/mw/com/test/partial_restart/provider_restart/controller.cpp:36:20: warning: no header providing "std::chrono::seconds" is directly included [misc-include-cleaner]
   23 | #include <unistd.h>
   24 | #include <cstdlib>
   25 | #include <functional>
   26 | #include <iostream>
   27 | #include <sstream>
   28 | #include <string_view>
   29 | 
   30 | namespace score::mw::com::test
   31 | {
   32 | 
   33 | namespace
   34 | {
   35 | 
   36 | const std::chrono::seconds kMaxWaitTimeToReachCheckpoint{60U};
      |                    ^
/home/runner/.bazel/sandbox/linux-sandbox/4498/execroot/_main/score/mw/com/test/partial_restart/provider_restart/controller.cpp:45:56: warning: no header providing "score::cpp::stop_token" is directly included [misc-include-cleaner]
   23 | int DoProviderNormalRestartSubscribedProxy(score::cpp::stop_token test_stop_token, int argc, const char** argv) noexcept
      |                                                        ^
/home/runner/.bazel/sandbox/linux-sandbox/4498/execroot/_main/score/mw/com/test/partial_restart/provider_restart/controller.cpp:45:67: warning: the parameter 'test_stop_token' is copied for each invocation but only used as a const reference; consider making it a const reference [performance-unnecessary-value-param]
   45 | int DoProviderNormalRestartSubscribedProxy(score::cpp::stop_token test_stop_token, int argc, const char** argv) noexcept
      |                                                                   ^
      |                                            const                 &
/home/runner/.bazel/sandbox/linux-sandbox/4498/execroot/_main/score/mw/com/test/partial_restart/provider_restart/controller.cpp:121:27: warning: no header providing "score::mw::com::test::TimeoutSupervisor" is directly included [misc-include-cleaner]
   20 |     score::mw::com::test::TimeoutSupervisor timeout_supervisor{};
      |                           ^
/home/runner/.bazel/sandbox/linux-sandbox/4498/execroot/_main/score/mw/com/test/partial_restart/provider_restart/controller.cpp:318:59: warning: the parameter 'test_stop_token' is copied for each invocation but only used as a const reference; consider making it a const reference [performance-unnecessary-value-param]
  318 | int DoProviderNormalRestartNoProxy(score::cpp::stop_token test_stop_token, int argc, const char** argv) noexcept
      |                                                           ^
      |                                    const                 &
/home/runner/.bazel/sandbox/linux-sandbox/4498/execroot/_main/score/mw/com/test/partial_restart/provider_restart/controller.cpp:560:66: warning: the parameter 'test_stop_token' is copied for each invocation but only used as a const reference; consider making it a const reference [performance-unnecessary-value-param]
  560 | int DoProviderCrashRestartSubscribedProxy(score::cpp::stop_token test_stop_token, int argc, const char** argv) noexcept
      |                                                                  ^
      |                                           const                 &
/home/runner/.bazel/sandbox/linux-sandbox/4498/execroot/_main/score/mw/com/test/partial_restart/provider_restart/controller.cpp:808:58: warning: the parameter 'test_stop_token' is copied for each invocation but only used as a const reference; consider making it a const reference [performance-unnecessary-value-param]
  808 | int DoProviderCrashRestartNoProxy(score::cpp::stop_token test_stop_token, int argc, const char** argv) noexcept
      |                                                          ^
      |                                   const                 &
external/score_baselibs+/score/bitmanipulation/bitmask_operators.h:66:14: warning: use c++14 style type templates [modernize-type-traits]
   66 |     typename std::enable_if<std::is_enum<T>::value && score::enable_bitmask_operators<T>::value, T>::type;
      |     ~~~~~~~~ ^                                                                                     ~~~~~~
      |                            _t
external/score_baselibs+/score/bitmanipulation/bitmask_operators.h:66:29: warning: use c++17 style variable templates [modernize-type-traits]
   66 |     typename std::enable_if<std::is_enum<T>::value && score::enable_bitmask_operators<T>::value, T>::type;
      |                             ^              ~~~~~~~
      |                                         _v
external/score_baselibs+/score/bitmanipulation/bitmask_operators.h:116:20: warning: use c++14 style type templates [modernize-type-traits]
  116 | constexpr typename std::enable_if<std::is_enum<T>::value && score::enable_bitmask_operators<T>::value, bool>::type
      |           ~~~~~~~~ ^                                                                                        ~~~~~~
      |                                  _t
external/score_baselibs+/score/bitmanipulation/bitmask_operators.h:116:35: warning: use c++17 style variable templates [modernize-type-traits]
  116 | constexpr typename std::enable_if<std::is_enum<T>::value && score::enable_bitmask_operators<T>::value, bool>::type
      |                                   ^              ~~~~~~~
      |                                               _v
external/score_baselibs+/score/concurrency/condition_variable.h:27:1: warning: nested namespaces can be concatenated [modernize-concat-nested-namespaces]
   27 | namespace score
      | ^~~~~~~~~~~~~~~
   28 | {
      | ~
   29 | namespace concurrency
      | ~~~~~~~~~~~~~~~~~~~~~
      | namespace score::concurrency
external/score_baselibs+/score/concurrency/condition_variable.h:79:28: warning: use c++17 style variable templates [modernize-type-traits]
   79 |         std::enable_if_t<(!std::is_lvalue_reference<CV>::value) && (!std::is_lvalue_reference<MU>::value), bool> = true>
      |                            ^                           ~~~~~~~
      |                                                    _v
external/score_baselibs+/score/concurrency/condition_variable.h:79:70: warning: use c++17 style variable templates [modernize-type-traits]
   79 |         std::enable_if_t<(!std::is_lvalue_reference<CV>::value) && (!std::is_lvalue_reference<MU>::value), bool> = true>
      |                                                                      ^                           ~~~~~~~
      |                                                                                              _v
external/score_baselibs+/score/concurrency/condition_variable.h:80:54: warning: use c++17 style variable templates [modernize-type-traits]
   80 |     InterruptibleConditionalVariableBasic() noexcept(std::is_nothrow_default_constructible<Mutex>::value &&
      |                                                      ^                                           ~~~~~~~
      |                                                                                           _v
external/score_baselibs+/score/concurrency/condition_variable.h:81:54: warning: use c++17 style variable templates [modernize-type-traits]
   81 |                                                      std::is_nothrow_default_constructible<ConditionVariable>::value)
      |                                                      ^                                                       ~~~~~~~
      |                                                                                           _v
external/score_baselibs+/score/concurrency/condition_variable.h:219:9: warning: do not use 'else' after 'return' [readability-else-after-return]
  219 |         else
      |         ^~~~
  220 |         {
      |         ~
  221 |             return std::cv_status::no_timeout;
      |             ~~~~~~~~~~~~~~~~~~~~~~~~~~~~~~~~~~
  222 |         }
      |         ~
external/score_baselibs+/score/concurrency/destruction_guard.h:19:1: warning: nested namespaces can be concatenated [modernize-concat-nested-namespaces]
   19 | namespace score
      | ^~~~~~~~~~~~~~~
   20 | {
      | ~
   21 | namespace concurrency
      | ~~~~~~~~~~~~~~~~~~~~~
      | namespace score::concurrency
external/score_baselibs+/score/concurrency/executor.h:27:1: warning: nested namespaces can be concatenated [modernize-concat-nested-namespaces]
   27 | namespace score
      | ^~~~~~~~~~~~~~~
   28 | {
      | ~
   29 | namespace concurrency
      | ~~~~~~~~~~~~~~~~~~~~~
      | namespace score::concurrency
external/score_baselibs+/score/concurrency/executor.h:44:18: warning: use c++14 style type templates [modernize-type-traits]
   44 |         typename std::enable_if<score::cpp::is_invocable<CallableType, const score::cpp::stop_token&, ArgumentTypes...>::value>::type;
      |         ~~~~~~~~ ^                                                                                                             ~~~~~~
      |                                _t
external/score_baselibs+/score/concurrency/executor.h:61:5: warning: function 'MaxConcurrencyLevel' should be marked [[nodiscard]] [modernize-use-nodiscard]
   61 |     virtual std::size_t MaxConcurrencyLevel() const noexcept = 0;
      |     ^
      |     [[nodiscard]] 
external/score_baselibs+/score/concurrency/executor.h:67:5: warning: function 'ShutdownRequested' should be marked [[nodiscard]] [modernize-use-nodiscard]
   67 |     virtual bool ShutdownRequested() const noexcept = 0;
      |     ^
      |     [[nodiscard]] 
external/score_baselibs+/score/concurrency/future/base_interruptible_future.h:23:1: warning: nested namespaces can be concatenated [modernize-concat-nested-namespaces]
   23 | namespace score
      | ^~~~~~~~~~~~~~~
   24 | {
      | ~
   25 | namespace concurrency
      | ~~~~~~~~~~~~~~~~~~~~~
   26 | {
      | ~
   27 | namespace detail
      | ~~~~~~~~~~~~~~~~
      | namespace score::concurrency::detail
external/score_baselibs+/score/concurrency/future/base_interruptible_future.h:115:43: warning: use c++17 style variable templates [modernize-type-traits]
  115 |               typename = std::enable_if_t<std::is_base_of<BaseInterruptibleFuture, DerivedInterruptibleFuture>::value>>
      |                                           ^                                                                   ~~~~~~~
      |                                                          _v
external/score_baselibs+/score/concurrency/future/base_interruptible_future.h:138:5: warning: function 'Valid' should be marked [[nodiscard]] [modernize-use-nodiscard]
  138 |     bool Valid() const noexcept
      |     ^
      |     [[nodiscard]] 
external/score_baselibs+/score/concurrency/future/base_interruptible_future.h:153:5: warning: function 'Wait' should be marked [[nodiscard]] [modernize-use-nodiscard]
  153 |     score::cpp::expected_blank<Error> Wait(const score::cpp::stop_token& stop_token) const noexcept
      |     ^
      |     [[nodiscard]] 
external/score_baselibs+/score/concurrency/future/base_interruptible_future.h:254:5: warning: function 'AccessState' should be marked [[nodiscard]] [modernize-use-nodiscard]
  254 |     std::shared_ptr<InterruptibleState<Value>> AccessState() const noexcept
      |     ^
      |     [[nodiscard]] 
external/score_baselibs+/score/concurrency/future/base_interruptible_future.h:262:34: warning: use c++17 style variable templates [modernize-type-traits]
  262 |               std::enable_if_t<(!std::is_void<LocalValue>::value) && (!std::is_lvalue_reference<LocalValue>::value),
      |                                  ^                       ~~~~~~~
      |                                              _v
external/score_baselibs+/score/concurrency/future/base_interruptible_future.h:262:72: warning: use c++17 style variable templates [modernize-type-traits]
  262 |               std::enable_if_t<(!std::is_void<LocalValue>::value) && (!std::is_lvalue_reference<LocalValue>::value),
      |                                                                        ^                                   ~~~~~~~
      |                                                                                                _v
external/score_baselibs+/score/concurrency/future/base_interruptible_future.h:272:34: warning: use c++17 style variable templates [modernize-type-traits]
  272 |               std::enable_if_t<(!std::is_void<std::remove_reference_t<LocalValue>>::value) &&
      |                                  ^                                                ~~~~~~~
      |                                              _v
external/score_baselibs+/score/concurrency/future/base_interruptible_future.h:273:36: warning: use c++17 style variable templates [modernize-type-traits]
  273 |                                    std::is_lvalue_reference<LocalValue>::value,
      |                                    ^                                   ~~~~~~~
      |                                                            _v
external/score_baselibs+/score/concurrency/future/base_interruptible_future.h:283:32: warning: use c++17 style variable templates [modernize-type-traits]
  283 |               std::enable_if_t<std::is_void<LocalValue>::value, bool> = true>
      |                                ^                       ~~~~~~~
      |                                            _v
external/score_baselibs+/score/concurrency/future/base_interruptible_promise.h:24:1: warning: nested namespaces can be concatenated [modernize-concat-nested-namespaces]
   24 | namespace score
      | ^~~~~~~~~~~~~~~
   25 | {
      | ~
   26 | namespace concurrency
      | ~~~~~~~~~~~~~~~~~~~~~
   27 | {
      | ~
   28 | namespace detail
      | ~~~~~~~~~~~~~~~~
      | namespace score::concurrency::detail
external/score_baselibs+/score/concurrency/future/base_interruptible_promise.h:56:62: warning: std::move of the expression of the trivially-copyable type 'bool' has no effect; remove std::move() [performance-move-const-arg]
   56 |         : state_{std::move(other.state_)}, future_retrieved_{std::move(other.future_retrieved_)}
      |                                                              ^~~~~~~~~~                       ~
external/score_baselibs+/score/concurrency/future/base_interruptible_promise.h:190:5: warning: function 'HasState' should be marked [[nodiscard]] [modernize-use-nodiscard]
  190 |     bool HasState() const noexcept
      |     ^
      |     [[nodiscard]] 
external/score_baselibs+/score/concurrency/future/base_interruptible_state.h:28:1: warning: nested namespaces can be concatenated [modernize-concat-nested-namespaces]
   28 | namespace score
      | ^~~~~~~~~~~~~~~
   29 | {
      | ~
   30 | namespace concurrency
      | ~~~~~~~~~~~~~~~~~~~~~
   31 | {
      | ~
   32 | namespace detail
      | ~~~~~~~~~~~~~~~~
      | namespace score::concurrency::detail
external/score_baselibs+/score/concurrency/future/base_interruptible_state.h:124:9: warning: use unary 'static_assert' when the string literal is an empty string [modernize-unary-static-assert]
  124 |         static_assert(std::is_same<std::atomic<std::int32_t>, decltype(reference_count_)>::value, "");
      |         ^                                                                                         ~~
external/score_baselibs+/score/concurrency/future/base_interruptible_state.h:124:23: warning: use c++17 style variable templates [modernize-type-traits]
  124 |         static_assert(std::is_same<std::atomic<std::int32_t>, decltype(reference_count_)>::value, "");
      |                       ^                                                                  ~~~~~~~
      |                                   _v
external/score_baselibs+/score/concurrency/future/base_interruptible_state.h:163:27: warning: redundant boolean literal supplied to boolean operator [readability-simplify-boolean-expr]
  163 |             if (ready_ == false)
      |                 ~~~~~~~~~~^~~~~
      |                 !ready_
external/score_baselibs+/score/concurrency/future/base_interruptible_state.h:207:23: warning: redundant boolean literal supplied to boolean operator [readability-simplify-boolean-expr]
  207 |         if (ready_ == true)
      |             ~~~~~~~~~~^~~~
      |             ready_
external/score_baselibs+/score/concurrency/future/base_interruptible_state.h:216:27: warning: redundant boolean literal supplied to boolean operator [readability-simplify-boolean-expr]
  216 |             if (ready_ == true)
      |                 ~~~~~~~~~~^~~~
      |                 ready_
external/score_baselibs+/score/concurrency/future/base_interruptible_state.h:225:44: warning: redundant boolean literal supplied to boolean operator [readability-simplify-boolean-expr]
  225 |         if (stop_token.stop_requested() == true)
      |             ~~~~~~~~~~~~~~~~~~~~~~~~~~~~~~~^~~~
      |             stop_token.stop_requested()
external/score_baselibs+/score/concurrency/future/error.h:18:1: warning: nested namespaces can be concatenated [modernize-concat-nested-namespaces]
   18 | namespace score
      | ^~~~~~~~~~~~~~~
   19 | {
      | ~
   20 | namespace concurrency
      | ~~~~~~~~~~~~~~~~~~~~~
      | namespace score::concurrency
external/score_baselibs+/score/concurrency/future/error.h:39:5: warning: function 'MessageFor' should be marked [[nodiscard]] [modernize-use-nodiscard]
   39 |     std::string_view MessageFor(const score::result::ErrorCode& code) const noexcept override;
      |     ^
      |     [[nodiscard]] 
external/score_baselibs+/score/concurrency/future/interruptible_future.h:23:1: warning: nested namespaces can be concatenated [modernize-concat-nested-namespaces]
   23 | namespace score
      | ^~~~~~~~~~~~~~~
   24 | {
      | ~
   25 | namespace concurrency
      | ~~~~~~~~~~~~~~~~~~~~~
      | namespace score::concurrency
external/score_baselibs+/score/concurrency/future/interruptible_promise.h:21:1: warning: nested namespaces can be concatenated [modernize-concat-nested-namespaces]
   21 | namespace score
      | ^~~~~~~~~~~~~~~
   22 | {
      | ~
   23 | namespace concurrency
      | ~~~~~~~~~~~~~~~~~~~~~
      | namespace score::concurrency
external/score_baselibs+/score/concurrency/future/interruptible_shared_future.h:22:1: warning: nested namespaces can be concatenated [modernize-concat-nested-namespaces]
   22 | namespace score
      | ^~~~~~~~~~~~~~~
   23 | {
      | ~
   24 | namespace concurrency
      | ~~~~~~~~~~~~~~~~~~~~~
      | namespace score::concurrency
external/score_baselibs+/score/concurrency/future/interruptible_shared_future.h:76:41: warning: redundant boolean literal supplied to boolean operator [readability-simplify-boolean-expr]
   76 |         if (!return_code.has_value() == true)
      |             ~~~~~~~~~~~~~~~~~~~~~~~~~~~~^~~~
      |             !return_code.has_value()
external/score_baselibs+/score/concurrency/future/interruptible_shared_future.h:82:50: warning: redundant boolean literal supplied to boolean operator [readability-simplify-boolean-expr]
   82 |         if (state_ptr->GetValue().has_value() == true)
      |             ~~~~~~~~~~~~~~~~~~~~~~~~~~~~~~~~~~~~~^~~~
      |             static_cast<bool>(state_ptr->GetValue().has_value())
external/score_baselibs+/score/concurrency/future/interruptible_shared_future.h:86:9: warning: do not use 'else' after 'return' [readability-else-after-return]
   86 |         else
      |         ^~~~
   87 |         {
      |         ~
   88 |             return MakeUnexpected<std::reference_wrapper<const Value>>(state_ptr->GetValue().error());
      |             ~~~~~~~~~~~~~~~~~~~~~~~~~~~~~~~~~~~~~~~~~~~~~~~~~~~~~~~~~~~~~~~~~~~~~~~~~~~~~~~~~~~~~~~~~~
   89 |         }
      |         ~
external/score_baselibs+/score/concurrency/future/interruptible_shared_future.h:210:5: warning: function 'Get' should be marked [[nodiscard]] [modernize-use-nodiscard]
  210 |     score::Result<void> Get(const score::cpp::stop_token& stop_token) const noexcept;
      |     ^
      |     [[nodiscard]] 
external/score_baselibs+/score/concurrency/future/interruptible_state.h:31:1: warning: nested namespaces can be concatenated [modernize-concat-nested-namespaces]
   31 | namespace score
      | ^~~~~~~~~~~~~~~
   32 | {
      | ~
   33 | namespace concurrency
      | ~~~~~~~~~~~~~~~~~~~~~
      | namespace score::concurrency
external/score_baselibs+/score/concurrency/future/interruptible_state.h:72:26: warning: use c++17 style variable templates [modernize-type-traits]
   72 |         std::enable_if_t<std::is_move_constructible<V>::value && !std::is_lvalue_reference<V>::value, bool> = true>
      |                          ^                            ~~~~~~~
      |                                                    _v
external/score_baselibs+/score/concurrency/future/interruptible_state.h:72:67: warning: use c++17 style variable templates [modernize-type-traits]
   72 |         std::enable_if_t<std::is_move_constructible<V>::value && !std::is_lvalue_reference<V>::value, bool> = true>
      |                                                                   ^                          ~~~~~~~
      |                                                                                           _v
external/score_baselibs+/score/concurrency/future/interruptible_state.h:75:48: warning: redundant boolean literal supplied to boolean operator [readability-simplify-boolean-expr]
   75 |         if ((this->TestAndMarkValueAsSet()) == true)
      |              ~~~~~~~~~~~~~~~~~~~~~~~~~~~~~~~~~~^~~~
      |              static_cast<bool>(this->TestAndMarkValueAsSet())
external/score_baselibs+/score/concurrency/future/interruptible_state.h:89:52: warning: use c++17 style variable templates [modernize-type-traits]
   89 |     template <typename V = Value, std::enable_if_t<std::is_copy_constructible<V>::value, bool> = true>
      |                                                    ^                            ~~~~~~~
      |                                                                              _v
external/score_baselibs+/score/concurrency/future/interruptible_state.h:95:48: warning: redundant boolean literal supplied to boolean operator [readability-simplify-boolean-expr]
   95 |         if ((this->TestAndMarkValueAsSet()) == true)
      |              ~~~~~~~~~~~~~~~~~~~~~~~~~~~~~~~~~~^~~~
      |              static_cast<bool>(this->TestAndMarkValueAsSet())
external/score_baselibs+/score/concurrency/future/interruptible_state.h:111:48: warning: redundant boolean literal supplied to boolean operator [readability-simplify-boolean-expr]
  111 |         if ((this->TestAndMarkValueAsSet()) == true)
      |              ~~~~~~~~~~~~~~~~~~~~~~~~~~~~~~~~~~^~~~
      |              static_cast<bool>(this->TestAndMarkValueAsSet())
external/score_baselibs+/score/concurrency/future/interruptible_state.h:199:48: warning: redundant boolean literal supplied to boolean operator [readability-simplify-boolean-expr]
  199 |         if ((this->TestAndMarkValueAsSet()) == true)
      |              ~~~~~~~~~~~~~~~~~~~~~~~~~~~~~~~~~~^~~~
      |              static_cast<bool>(this->TestAndMarkValueAsSet())
external/score_baselibs+/score/concurrency/future/interruptible_state.h:215:48: warning: redundant boolean literal supplied to boolean operator [readability-simplify-boolean-expr]
  215 |         if ((this->TestAndMarkValueAsSet()) == true)
      |              ~~~~~~~~~~~~~~~~~~~~~~~~~~~~~~~~~~^~~~
      |              static_cast<bool>(this->TestAndMarkValueAsSet())
external/score_baselibs+/score/concurrency/interruptible_wait.h:22:1: warning: nested namespaces can be concatenated [modernize-concat-nested-namespaces]
   22 | namespace score
      | ^~~~~~~~~~~~~~~
   23 | {
      | ~
   24 | namespace concurrency
      | ~~~~~~~~~~~~~~~~~~~~~
      | namespace score::concurrency
external/score_baselibs+/score/concurrency/notification.h:28:1: warning: nested namespaces can be concatenated [modernize-concat-nested-namespaces]
   28 | namespace score
      | ^~~~~~~~~~~~~~~
   29 | {
      | ~
   30 | namespace concurrency
      | ~~~~~~~~~~~~~~~~~~~~~
      | namespace score::concurrency
external/score_baselibs+/score/concurrency/notification.h:66:28: warning: use c++17 style variable templates [modernize-type-traits]
   66 |         std::enable_if_t<(!std::is_lvalue_reference<CV>::value) && (!std::is_lvalue_reference<MU>::value), bool> = true>
      |                            ^                           ~~~~~~~
      |                                                    _v
external/score_baselibs+/score/concurrency/notification.h:66:70: warning: use c++17 style variable templates [modernize-type-traits]
   66 |         std::enable_if_t<(!std::is_lvalue_reference<CV>::value) && (!std::is_lvalue_reference<MU>::value), bool> = true>
      |                                                                      ^                           ~~~~~~~
      |                                                                                              _v
external/score_baselibs+/score/concurrency/notification.h:67:34: warning: use c++17 style variable templates [modernize-type-traits]
   67 |     NotificationBasic() noexcept(std::is_nothrow_default_constructible<Mutex>::value &&
      |                                  ^                                           ~~~~~~~
      |                                                                       _v
external/score_baselibs+/score/concurrency/notification.h:68:34: warning: use c++17 style variable templates [modernize-type-traits]
   68 |                                  std::is_nothrow_default_constructible<ConditionVariable>::value)
      |                                  ^                                                       ~~~~~~~
      |                                                                       _v
external/score_baselibs+/score/concurrency/notification.h:73:65: warning: use c++17 style variable templates [modernize-type-traits]
   73 |     template <typename CV = ConditionVariable, std::enable_if_t<std::is_lvalue_reference<CV>::value, bool> = true>
      |                                                                 ^                           ~~~~~~~
      |                                                                                         _v
external/score_baselibs+/score/concurrency/notification.h:102:47: warning: the parameter 'token' is copied for each invocation but only used as a const reference; consider making it a const reference [performance-unnecessary-value-param]
  102 |     bool waitWithAbort(score::cpp::stop_token token)
      |                                               ^
      |                        const                 &
external/score_baselibs+/score/concurrency/notification.h:129:5: warning: function 'waitForWithAbort' has inline specifier but is implicitly inlined [readability-redundant-inline-specifier]
  129 |     inline bool waitForWithAbort(const std::chrono::duration<Rep, Period>& duration, score::cpp::stop_token token)
      |     ^~~~~~
external/score_baselibs+/score/concurrency/shared_task_result.h:23:1: warning: nested namespaces can be concatenated [modernize-concat-nested-namespaces]
   23 | namespace score
      | ^~~~~~~~~~~~~~~
   24 | {
      | ~
   25 | namespace concurrency
      | ~~~~~~~~~~~~~~~~~~~~~
      | namespace score::concurrency
external/score_baselibs+/score/concurrency/simple_task.h:27:1: warning: nested namespaces can be concatenated [modernize-concat-nested-namespaces]
   27 | namespace score
      | ^~~~~~~~~~~~~~~
   28 | {
      | ~
   29 | namespace concurrency
      | ~~~~~~~~~~~~~~~~~~~~~
      | namespace score::concurrency
external/score_baselibs+/score/concurrency/simple_task.h:71:5: warning: function 'GetStopSource' should be marked [[nodiscard]] [modernize-use-nodiscard]
   71 |     score::cpp::stop_source GetStopSource() const noexcept override
      |     ^
      |     [[nodiscard]] 
external/score_baselibs+/score/concurrency/task.h:22:1: warning: nested namespaces can be concatenated [modernize-concat-nested-namespaces]
   22 | namespace score
      | ^~~~~~~~~~~~~~~
   23 | {
      | ~
   24 | namespace concurrency
      | ~~~~~~~~~~~~~~~~~~~~~
      | namespace score::concurrency
external/score_baselibs+/score/concurrency/task.h:59:5: warning: function 'GetStopSource' should be marked [[nodiscard]] [modernize-use-nodiscard]
   59 |     virtual score::cpp::stop_source GetStopSource() const noexcept = 0;
      |     ^
      |     [[nodiscard]] 
external/score_baselibs+/score/concurrency/task_result.h:24:1: warning: nested namespaces can be concatenated [modernize-concat-nested-namespaces]
   24 | namespace score
      | ^~~~~~~~~~~~~~~
   25 | {
      | ~
   26 | namespace concurrency
      | ~~~~~~~~~~~~~~~~~~~~~
      | namespace score::concurrency
external/score_baselibs+/score/concurrency/task_result_base.h:20:1: warning: nested namespaces can be concatenated [modernize-concat-nested-namespaces]
   20 | namespace score
      | ^~~~~~~~~~~~~~~
   21 | {
      | ~
   22 | namespace concurrency
      | ~~~~~~~~~~~~~~~~~~~~~
      | namespace score::concurrency
external/score_baselibs+/score/concurrency/task_result_base.h:56:5: warning: function 'Aborted' should be marked [[nodiscard]] [modernize-use-nodiscard]
   56 |     bool Aborted() const noexcept
      |     ^
      |     [[nodiscard]] 
external/score_baselibs+/score/concurrency/thread_pool.h:33:1: warning: nested namespaces can be concatenated [modernize-concat-nested-namespaces]
   33 | namespace score
      | ^~~~~~~~~~~~~~~
   34 | {
      | ~
   35 | namespace concurrency
      | ~~~~~~~~~~~~~~~~~~~~~
      | namespace score::concurrency
external/score_baselibs+/score/concurrency/timed_executor/delayed_task.h:27:1: warning: nested namespaces can be concatenated [modernize-concat-nested-namespaces]
   27 | namespace score
      | ^~~~~~~~~~~~~~~
   28 | {
      | ~
   29 | namespace concurrency
      | ~~~~~~~~~~~~~~~~~~~~~
      | namespace score::concurrency
external/score_baselibs+/score/concurrency/timed_executor/delayed_task.h:94:5: warning: function 'GetStopSource' should be marked [[nodiscard]] [modernize-use-nodiscard]
   94 |     score::cpp::stop_source GetStopSource() const noexcept override
      |     ^
      |     [[nodiscard]] 
external/score_baselibs+/score/concurrency/timed_executor/periodic_task.h:28:1: warning: nested namespaces can be concatenated [modernize-concat-nested-namespaces]
   28 | namespace score
      | ^~~~~~~~~~~~~~~
   29 | {
      | ~
   30 | namespace concurrency
      | ~~~~~~~~~~~~~~~~~~~~~
      | namespace score::concurrency
external/score_baselibs+/score/concurrency/timed_executor/periodic_task.h:254:16: warning: use c++17 style variable templates [modernize-type-traits]
  254 |         return std::is_same<
      |                ^           
      |                            _v
  255 |             std::invoke_result_t<CallableType, const score::cpp::stop_token&, const typename Clock::time_point>,
  256 |             bool>::value;
      |                  ~~~~~~~
external/score_baselibs+/score/concurrency/timed_executor/timed_executor.h:60:5: warning: function 'MaxConcurrencyLevel' should be marked [[nodiscard]] [modernize-use-nodiscard]
   60 |     virtual std::size_t MaxConcurrencyLevel() const noexcept = 0;
      |     ^
      |     [[nodiscard]] 
external/score_baselibs+/score/concurrency/timed_executor/timed_executor.h:66:5: warning: function 'ShutdownRequested' should be marked [[nodiscard]] [modernize-use-nodiscard]
   66 |     virtual bool ShutdownRequested() const noexcept = 0;
      |     ^
      |     [[nodiscard]] 
external/score_baselibs+/score/concurrency/timed_executor/timed_executor.h:82:5: warning: function 'GetMemoryResource' should be marked [[nodiscard]] [modernize-use-nodiscard]
   82 |     score::cpp::pmr::memory_resource* GetMemoryResource() const noexcept
      |     ^
      |     [[nodiscard]] 
external/score_baselibs+/score/language/safecpp/scoped_function/details/allocator_aware_type_erasure_pointer.h:255:5: warning: function 'get_allocator' should be marked [[nodiscard]] [modernize-use-nodiscard]
  255 |     Allocator get_allocator() const noexcept
      |     ^
      |     [[nodiscard]] 
external/score_baselibs+/score/language/safecpp/scoped_function/details/allocator_aware_type_erasure_pointer.h:260:5: warning: function 'get' should be marked [[nodiscard]] [modernize-use-nodiscard]
  260 |     const_pointer get() const noexcept
      |     ^
      |     [[nodiscard]] 
external/score_baselibs+/score/os/ObjectSeam.h:18:1: warning: nested namespaces can be concatenated [modernize-concat-nested-namespaces]
   18 | namespace score
      | ^~~~~~~~~~~~~~~
   19 | {
      | ~
   20 | namespace os
      | ~~~~~~~~~~~~
      | namespace score::os
external/score_baselibs+/score/os/errno.h:24:1: warning: nested namespaces can be concatenated [modernize-concat-nested-namespaces]
   24 | namespace score
      | ^~~~~~~~~~~~~~~
   25 | {
      | ~
   26 | namespace os
      | ~~~~~~~~~~~~
      | namespace score::os
external/score_baselibs+/score/os/errno.h:117:5: warning: function 'ToString' should be marked [[nodiscard]] [modernize-use-nodiscard]
  117 |     std::string ToString() const noexcept;
      |     ^
      |     [[nodiscard]] 
external/score_baselibs+/score/os/errno.h:120:5: warning: function 'ToStringContainer' should be marked [[nodiscard]] [modernize-use-nodiscard]
  120 |     std::array<char, 32> ToStringContainer(const score::os::Error& error) const noexcept;
      |     ^
      |     [[nodiscard]] 
external/score_baselibs+/score/os/errno.h:120:22: warning: 32 is a magic number; consider replacing it with a named constant [readability-magic-numbers]
  120 |     std::array<char, 32> ToStringContainer(const score::os::Error& error) const noexcept;
      |                      ^
external/score_baselibs+/score/os/errno.h:123:5: warning: function 'GetOsDependentErrorCode' should be marked [[nodiscard]] [modernize-use-nodiscard]
  123 |     std::int32_t GetOsDependentErrorCode() const noexcept;
      |     ^
      |     [[nodiscard]] 
external/score_baselibs+/score/os/fcntl.h:28:1: warning: nested namespaces can be concatenated [modernize-concat-nested-namespaces]
   28 | namespace score
      | ^~~~~~~~~~~~~~~
   29 | {
      | ~
   30 | namespace os
      | ~~~~~~~~~~~~
      | namespace score::os
external/score_baselibs+/score/os/fcntl.h:76:5: warning: function 'fcntl' should be marked [[nodiscard]] [modernize-use-nodiscard]
   76 |     virtual score::cpp::expected_blank<Error> fcntl(const std::int32_t fd,
      |     ^
      |     [[nodiscard]] 
external/score_baselibs+/score/os/fcntl.h:80:5: warning: function 'fcntl' should be marked [[nodiscard]] [modernize-use-nodiscard]
   80 |     virtual score::cpp::expected<Fcntl::Open, Error> fcntl(const std::int32_t fd,
      |     ^
      |     [[nodiscard]] 
external/score_baselibs+/score/os/fcntl.h:88:5: warning: function 'posix_fallocate' should be marked [[nodiscard]] [modernize-use-nodiscard]
   88 |     virtual score::cpp::expected_blank<Error> posix_fallocate(const std::int32_t fd,
      |     ^
      |     [[nodiscard]] 
external/score_baselibs+/score/os/fcntl.h:92:5: warning: function 'flock' should be marked [[nodiscard]] [modernize-use-nodiscard]
   92 |     virtual score::cpp::expected_blank<Error> flock(const std::int32_t filedes, const Operation op) const noexcept = 0;
      |     ^
      |     [[nodiscard]] 
external/score_baselibs+/score/os/fcntl.h:105:1: warning: nested namespaces can be concatenated [modernize-concat-nested-namespaces]
  105 | namespace internal
      | ^~~~~~~~~~~~~~~~~~
  106 | {
      | ~
  107 | 
  108 | namespace fcntl_helper
      | ~~~~~~~~~~~~~~~~~~~~~~
      | namespace internal::fcntl_helper
  109 | {
  110 | score::cpp::expected<std::int32_t, Error> CommandToInteger(const Fcntl::Command command) noexcept;
  111 | 
  112 | Fcntl::Open IntegerToOpenFlag(const std::int32_t flags) noexcept;
  113 | std::int32_t OpenFlagToInteger(const Fcntl::Open flags) noexcept;
  114 | std::int32_t OperationFlagToInteger(const Fcntl::Operation op) noexcept;
  115 | }  // namespace fcntl_helper
      | ~~~~~~~~~~~~~~~~~~~~~~~~~~~~
      | } // namespace internal::fcntl_helper
  116 | 
  117 | }  // namespace internal
      | ~~~~~~~~~~~~~~~~~~~~~~~~
external/score_baselibs+/score/os/mman.h:32:1: warning: nested namespaces can be concatenated [modernize-concat-nested-namespaces]
   32 | namespace score
      | ^~~~~~~~~~~~~~~
   33 | {
      | ~
   34 | namespace os
      | ~~~~~~~~~~~~
      | namespace score::os
external/score_baselibs+/score/os/mman.h:155:5: warning: function 'ProtectionToInteger' should be marked [[nodiscard]] [modernize-use-nodiscard]
  155 |     std::int32_t ProtectionToInteger(const Protection protection) const noexcept;
      |     ^
      |     [[nodiscard]] 
external/score_baselibs+/score/os/mman.h:157:5: warning: function 'MapFlagsToInteger' should be marked [[nodiscard]] [modernize-use-nodiscard]
  157 |     std::int32_t MapFlagsToInteger(const Map flags) const noexcept;
      |     ^
      |     [[nodiscard]] 
external/score_baselibs+/score/os/stat.h:31:1: warning: nested namespaces can be concatenated [modernize-concat-nested-namespaces]
   31 | namespace score
      | ^~~~~~~~~~~~~~~
   32 | {
      | ~
   33 | namespace os
      | ~~~~~~~~~~~~
      | namespace score::os
external/score_baselibs+/score/os/stat.h:108:5: warning: function 'fchmod' should be marked [[nodiscard]] [modernize-use-nodiscard]
  108 |     virtual score::cpp::expected_blank<Error> fchmod(const std::int32_t fd, const Mode mode) const noexcept = 0;
      |     ^
      |     [[nodiscard]] 
external/score_baselibs+/score/os/stat.h:111:5: warning: function 'umask' should be marked [[nodiscard]] [modernize-use-nodiscard]
  111 |     virtual score::cpp::expected<Mode, Error> umask(const Mode umask) const noexcept = 0;
      |     ^
      |     [[nodiscard]] 
external/score_baselibs+/score/os/static_destruction_guard.h:19:1: warning: nested namespaces can be concatenated [modernize-concat-nested-namespaces]
   19 | namespace score
      | ^~~~~~~~~~~~~~~
   20 | {
      | ~
   21 | namespace os
      | ~~~~~~~~~~~~
      | namespace score::os
external/score_baselibs+/score/os/unistd.h:30:1: warning: nested namespaces can be concatenated [modernize-concat-nested-namespaces]
   30 | namespace score
      | ^~~~~~~~~~~~~~~
   31 | {
      | ~
   32 | namespace os
      | ~~~~~~~~~~~~
      | namespace score::os
external/score_baselibs+/score/os/unistd.h:60:5: warning: function 'close' should be marked [[nodiscard]] [modernize-use-nodiscard]
   60 |     virtual score::cpp::expected_blank<score::os::Error> close(const std::int32_t fd) const noexcept = 0;
      |     ^
      |     [[nodiscard]] 
external/score_baselibs+/score/os/unistd.h:67:5: warning: function 'dup' should be marked [[nodiscard]] [modernize-use-nodiscard]
   67 |     virtual score::cpp::expected<std::int32_t, score::os::Error> dup(const std::int32_t oldfd) const noexcept = 0;
      |     ^
      |     [[nodiscard]] 
external/score_baselibs+/score/os/unistd.h:68:5: warning: function 'dup2' should be marked [[nodiscard]] [modernize-use-nodiscard]
   68 |     virtual score::cpp::expected<std::int32_t, score::os::Error> dup2(const std::int32_t oldfd,
      |     ^
      |     [[nodiscard]] 
external/score_baselibs+/score/os/unistd.h:84:5: warning: function 'lseek' should be marked [[nodiscard]] [modernize-use-nodiscard]
   84 |     virtual score::cpp::expected<off_t, score::os::Error> lseek(const std::int32_t fd,
      |     ^
      |     [[nodiscard]] 
external/score_baselibs+/score/os/unistd.h:87:5: warning: function 'ftruncate' should be marked [[nodiscard]] [modernize-use-nodiscard]
   87 |     virtual score::cpp::expected_blank<score::os::Error> ftruncate(const std::int32_t fd, const off_t length) const noexcept = 0;
      |     ^
      |     [[nodiscard]] 
external/score_baselibs+/score/os/unistd.h:88:5: warning: function 'getpid' should be marked [[nodiscard]] [modernize-use-nodiscard]
   88 |     virtual pid_t getpid() const noexcept = 0;
      |     ^
      |     [[nodiscard]] 
external/score_baselibs+/score/os/unistd.h:91:5: warning: function 'gettid' should be marked [[nodiscard]] [modernize-use-nodiscard]
   91 |     virtual std::int64_t gettid() const noexcept = 0;
      |     ^
      |     [[nodiscard]] 
external/score_baselibs+/score/os/unistd.h:93:5: warning: function 'getuid' should be marked [[nodiscard]] [modernize-use-nodiscard]
   93 |     virtual uid_t getuid() const noexcept = 0;
      |     ^
      |     [[nodiscard]] 
external/score_baselibs+/score/os/unistd.h:94:5: warning: function 'getgid' should be marked [[nodiscard]] [modernize-use-nodiscard]
   94 |     virtual gid_t getgid() const noexcept = 0;
      |     ^
      |     [[nodiscard]] 
external/score_baselibs+/score/os/unistd.h:95:5: warning: function 'getppid' should be marked [[nodiscard]] [modernize-use-nodiscard]
   95 |     virtual pid_t getppid() const noexcept = 0;
      |     ^
      |     [[nodiscard]] 
external/score_baselibs+/score/os/unistd.h:96:5: warning: function 'setuid' should be marked [[nodiscard]] [modernize-use-nodiscard]
   96 |     virtual score::cpp::expected_blank<score::os::Error> setuid(const uid_t uid) const noexcept = 0;
      |     ^
      |     [[nodiscard]] 
external/score_baselibs+/score/os/unistd.h:97:5: warning: function 'setgid' should be marked [[nodiscard]] [modernize-use-nodiscard]
   97 |     virtual score::cpp::expected_blank<score::os::Error> setgid(const gid_t gid) const noexcept = 0;
      |     ^
      |     [[nodiscard]] 
external/score_baselibs+/score/os/unistd.h:102:5: warning: function 'fsync' should be marked [[nodiscard]] [modernize-use-nodiscard]
  102 |     virtual score::cpp::expected_blank<score::os::Error> fsync(const std::int32_t fd) const noexcept = 0;
      |     ^
      |     [[nodiscard]] 
external/score_baselibs+/score/os/unistd.h:103:5: warning: function 'fdatasync' should be marked [[nodiscard]] [modernize-use-nodiscard]
  103 |     virtual score::cpp::expected_blank<score::os::Error> fdatasync(const std::int32_t fd) const noexcept = 0;
      |     ^
      |     [[nodiscard]] 
external/score_baselibs+/score/os/unistd.h:106:5: warning: function 'sysconf' should be marked [[nodiscard]] [modernize-use-nodiscard]
  106 |     virtual score::cpp::expected<std::int64_t, score::os::Error> sysconf(const std::int32_t name) const noexcept = 0;
      |     ^
      |     [[nodiscard]] 
external/score_baselibs+/score/os/unistd.h:120:5: warning: function 'alarm' should be marked [[nodiscard]] [modernize-use-nodiscard]
  120 |     virtual std::uint32_t alarm(const std::uint32_t seconds) const noexcept = 0;
      |     ^
      |     [[nodiscard]] 
external/score_baselibs+/score/os/unistd.h:122:5: warning: function 'sync' should be marked [[nodiscard]] [modernize-use-nodiscard]
  122 |     virtual score::cpp::expected_blank<score::os::Error> sync() const noexcept = 0;
      |     ^
      |     [[nodiscard]] 
external/score_baselibs+/score/os/unistd.h:147:5: warning: function 'close' should be marked [[nodiscard]] [modernize-use-nodiscard]
  147 |     score::cpp::expected_blank<score::os::Error> close(const std::int32_t fd) const noexcept override;
      |     ^
      |     [[nodiscard]] 
external/score_baselibs+/score/os/unistd.h:156:5: warning: function 'dup' should be marked [[nodiscard]] [modernize-use-nodiscard]
  156 |     score::cpp::expected<std::int32_t, score::os::Error> dup(const std::int32_t oldfd) const noexcept override;
      |     ^
      |     [[nodiscard]] 
external/score_baselibs+/score/os/unistd.h:158:5: warning: function 'dup2' should be marked [[nodiscard]] [modernize-use-nodiscard]
  158 |     score::cpp::expected<std::int32_t, score::os::Error> dup2(const std::int32_t oldfd,
      |     ^
      |     [[nodiscard]] 
external/score_baselibs+/score/os/unistd.h:178:5: warning: function 'lseek' should be marked [[nodiscard]] [modernize-use-nodiscard]
  178 |     score::cpp::expected<off_t, score::os::Error> lseek(const std::int32_t fd,
      |     ^
      |     [[nodiscard]] 
external/score_baselibs+/score/os/unistd.h:181:5: warning: function 'ftruncate' should be marked [[nodiscard]] [modernize-use-nodiscard]
  181 |     score::cpp::expected_blank<score::os::Error> ftruncate(const std::int32_t fd, const off_t length) const noexcept override;
      |     ^
      |     [[nodiscard]] 
external/score_baselibs+/score/os/unistd.h:183:5: warning: function 'getpid' should be marked [[nodiscard]] [modernize-use-nodiscard]
  183 |     pid_t getpid() const noexcept override;
      |     ^
      |     [[nodiscard]] 
external/score_baselibs+/score/os/unistd.h:185:5: warning: function 'gettid' should be marked [[nodiscard]] [modernize-use-nodiscard]
  185 |     std::int64_t gettid() const noexcept override;
      |     ^
      |     [[nodiscard]] 
external/score_baselibs+/score/os/unistd.h:186:5: warning: function 'getuid' should be marked [[nodiscard]] [modernize-use-nodiscard]
  186 |     uid_t getuid() const noexcept override;
      |     ^
      |     [[nodiscard]] 
external/score_baselibs+/score/os/unistd.h:188:5: warning: function 'getgid' should be marked [[nodiscard]] [modernize-use-nodiscard]
  188 |     gid_t getgid() const noexcept override;
      |     ^
      |     [[nodiscard]] 
external/score_baselibs+/score/os/unistd.h:190:5: warning: function 'getppid' should be marked [[nodiscard]] [modernize-use-nodiscard]
  190 |     pid_t getppid() const noexcept override;
      |     ^
      |     [[nodiscard]] 
external/score_baselibs+/score/os/unistd.h:192:5: warning: function 'setuid' should be marked [[nodiscard]] [modernize-use-nodiscard]
  192 |     score::cpp::expected_blank<score::os::Error> setuid(const uid_t uid) const noexcept override;
      |     ^
      |     [[nodiscard]] 
external/score_baselibs+/score/os/unistd.h:193:5: warning: function 'setgid' should be marked [[nodiscard]] [modernize-use-nodiscard]
  193 |     score::cpp::expected_blank<score::os::Error> setgid(const gid_t gid) const noexcept override;
      |     ^
      |     [[nodiscard]] 
external/score_baselibs+/score/os/unistd.h:198:5: warning: function 'fsync' should be marked [[nodiscard]] [modernize-use-nodiscard]
  198 |     score::cpp::expected_blank<score::os::Error> fsync(const std::int32_t fd) const noexcept override;
      |     ^
      |     [[nodiscard]] 
external/score_baselibs+/score/os/unistd.h:200:5: warning: function 'fdatasync' should be marked [[nodiscard]] [modernize-use-nodiscard]
  200 |     score::cpp::expected_blank<score::os::Error> fdatasync(const std::int32_t fd) const noexcept override;
      |     ^
      |     [[nodiscard]] 
external/score_baselibs+/score/os/unistd.h:205:5: warning: function 'sysconf' should be marked [[nodiscard]] [modernize-use-nodiscard]
  205 |     score::cpp::expected<std::int64_t, score::os::Error> sysconf(const std::int32_t name) const noexcept override;
      |     ^
      |     [[nodiscard]] 
external/score_baselibs+/score/os/unistd.h:221:5: warning: function 'alarm' should be marked [[nodiscard]] [modernize-use-nodiscard]
  221 |     std::uint32_t alarm(const std::uint32_t seconds) const noexcept override;
      |     ^
      |     [[nodiscard]] 
external/score_baselibs+/score/os/unistd.h:223:5: warning: function 'sync' should be marked [[nodiscard]] [modernize-use-nodiscard]
  223 |     score::cpp::expected_blank<score::os::Error> sync() const noexcept override;
      |     ^
      |     [[nodiscard]] 
external/score_baselibs+/score/os/utils/interprocess/interprocess_conditional_variable.h:21:1: warning: nested namespaces can be concatenated [modernize-concat-nested-namespaces]
   21 | namespace score
      | ^~~~~~~~~~~~~~~
   22 | {
      | ~
   23 | namespace os
      | ~~~~~~~~~~~~
      | namespace score::os
external/score_baselibs+/score/os/utils/interprocess/interprocess_conditional_variable.h:45:26: warning: redundant boolean literal supplied to boolean operator [readability-simplify-boolean-expr]
   45 |         while (pred() == false)
      |                ~~~~~~~~~~^~~~~
      |                !static_cast<bool>(pred())
external/score_baselibs+/score/os/utils/interprocess/interprocess_mutex.h:18:1: warning: nested namespaces can be concatenated [modernize-concat-nested-namespaces]
   18 | namespace score
      | ^~~~~~~~~~~~~~~
   19 | {
      | ~
   20 | namespace os
      | ~~~~~~~~~~~~
      | namespace score::os
external/score_baselibs+/score/os/utils/interprocess/interprocess_notification.h:23:1: warning: nested namespaces can be concatenated [modernize-concat-nested-namespaces]
   23 | namespace score
      | ^~~~~~~~~~~~~~~
   24 | {
      | ~
   25 | namespace os
      | ~~~~~~~~~~~~
      | namespace score::os
external/score_baselibs+/score/result/details/expected/expected.h:118:5: warning: function 'error' should be marked [[nodiscard]] [modernize-use-nodiscard]
  118 |     constexpr const E& error() const& noexcept
      |     ^
      |     [[nodiscard]] 
external/score_baselibs+/score/result/details/expected/expected.h:127:5: warning: function 'error' should be marked [[nodiscard]] [modernize-use-nodiscard]
  127 |     constexpr const E&& error() const&& noexcept
      |     ^
      |     [[nodiscard]] 
external/score_baselibs+/score/result/details/expected/expected.h:570:9: warning: do not use 'else' after 'return' [readability-else-after-return]
  570 |         else
      |         ^~~~
  571 |         {
      |         ~
  572 |             return static_cast<T>(std::forward<U>(default_val));
      |             ~~~~~~~~~~~~~~~~~~~~~~~~~~~~~~~~~~~~~~~~~~~~~~~~~~~~
  573 |         }
      |         ~
external/score_baselibs+/score/result/details/expected/expected.h:585:9: warning: do not use 'else' after 'return' [readability-else-after-return]
  585 |         else
      |         ^~~~
  586 |         {
      |         ~
  587 |             return static_cast<T>(std::forward<U>(default_val));
      |             ~~~~~~~~~~~~~~~~~~~~~~~~~~~~~~~~~~~~~~~~~~~~~~~~~~~~
  588 |         }
      |         ~
external/score_baselibs+/score/result/details/expected/expected.h:599:9: warning: do not use 'else' after 'return' [readability-else-after-return]
  599 |         else
      |         ^~~~
  600 |         {
      |         ~
  601 |             return std::forward<G>(default_err);
      |             ~~~~~~~~~~~~~~~~~~~~~~~~~~~~~~~~~~~~
  602 |         }
      |         ~
external/score_baselibs+/score/result/details/expected/expected.h:614:9: warning: do not use 'else' after 'return' [readability-else-after-return]
  614 |         else
      |         ^~~~
  615 |         {
      |         ~
  616 |             return std::forward<G>(default_err);
      |             ~~~~~~~~~~~~~~~~~~~~~~~~~~~~~~~~~~~~
  617 |         }
      |         ~
external/score_baselibs+/score/result/details/expected/expected.h:626:23: warning: use c++17 style variable templates [modernize-type-traits]
  626 |         static_assert(std::is_same<typename U::error_type, E>::value, "Error types must match");
      |                       ^                                      ~~~~~~~
      |                                   _v
external/score_baselibs+/score/result/details/expected/expected.h:632:9: warning: do not use 'else' after 'return' [readability-else-after-return]
  632 |         else
      |         ^~~~
  633 |         {
      |         ~
  634 |             return U{unexpect, error()};
      |             ~~~~~~~~~~~~~~~~~~~~~~~~~~~~
  635 |         }
      |         ~
external/score_baselibs+/score/result/details/expected/expected.h:645:23: warning: use c++17 style variable templates [modernize-type-traits]
  645 |         static_assert(std::is_same<typename U::error_type, E>::value, "Error types must match");
      |                       ^                                      ~~~~~~~
      |                                   _v
external/score_baselibs+/score/result/details/expected/expected.h:651:9: warning: do not use 'else' after 'return' [readability-else-after-return]
  651 |         else
      |         ^~~~
  652 |         {
      |         ~
  653 |             return U{unexpect, error()};
      |             ~~~~~~~~~~~~~~~~~~~~~~~~~~~~
  654 |         }
      |         ~
external/score_baselibs+/score/result/details/expected/expected.h:664:23: warning: use c++17 style variable templates [modernize-type-traits]
  664 |         static_assert(std::is_same<typename U::error_type, E>::value, "Error types must match");
      |                       ^                                      ~~~~~~~
      |                                   _v
external/score_baselibs+/score/result/details/expected/expected.h:670:9: warning: do not use 'else' after 'return' [readability-else-after-return]
  670 |         else
      |         ^~~~
  671 |         {
      |         ~
  672 |             return U{unexpect, std::move(error())};
      |             ~~~~~~~~~~~~~~~~~~~~~~~~~~~~~~~~~~~~~~~
  673 |         }
      |         ~
external/score_baselibs+/score/result/details/expected/expected.h:683:23: warning: use c++17 style variable templates [modernize-type-traits]
  683 |         static_assert(std::is_same<typename U::error_type, E>::value, "Error types must match");
      |                       ^                                      ~~~~~~~
      |                                   _v
external/score_baselibs+/score/result/details/expected/expected.h:691:9: warning: do not use 'else' after 'return' [readability-else-after-return]
  691 |         else
      |         ^~~~
  692 |         {
      |         ~
  693 |             // Refer on top for suppression justification.
      |             ~~~~~~~~~~~~~~~~~~~~~~~~~~~~~~~~~~~~~~~~~~~~~~
  694 |             // coverity[autosar_cpp14_a18_9_3_violation]
      |             ~~~~~~~~~~~~~~~~~~~~~~~~~~~~~~~~~~~~~~~~~~~~
  695 |             return U{unexpect, std::move(error())};
      |             ~~~~~~~~~~~~~~~~~~~~~~~~~~~~~~~~~~~~~~~
  696 |         }
      |         ~
external/score_baselibs+/score/result/details/expected/expected.h:705:23: warning: use c++17 style variable templates [modernize-type-traits]
  705 |         static_assert(std::is_same<typename G::value_type, T>::value, "Value types must match");
      |                       ^                                      ~~~~~~~
      |                                   _v
external/score_baselibs+/score/result/details/expected/expected.h:711:9: warning: do not use 'else' after 'return' [readability-else-after-return]
  711 |         else
      |         ^~~~
  712 |         {
      |         ~
  713 |             return G{std::in_place, value()};
      |             ~~~~~~~~~~~~~~~~~~~~~~~~~~~~~~~~~
  714 |         }
      |         ~
external/score_baselibs+/score/result/details/expected/expected.h:724:23: warning: use c++17 style variable templates [modernize-type-traits]
  724 |         static_assert(std::is_same<typename G::value_type, T>::value, "Value types must match");
      |                       ^                                      ~~~~~~~
      |                                   _v
external/score_baselibs+/score/result/details/expected/expected.h:730:9: warning: do not use 'else' after 'return' [readability-else-after-return]
  730 |         else
      |         ^~~~
  731 |         {
      |         ~
  732 |             return G{std::in_place, value()};
      |             ~~~~~~~~~~~~~~~~~~~~~~~~~~~~~~~~~
  733 |         }
      |         ~
external/score_baselibs+/score/result/details/expected/expected.h:743:23: warning: use c++17 style variable templates [modernize-type-traits]
  743 |         static_assert(std::is_same<typename G::value_type, T>::value, "Value types must match");
      |                       ^                                      ~~~~~~~
      |                                   _v
external/score_baselibs+/score/result/details/expected/expected.h:749:9: warning: do not use 'else' after 'return' [readability-else-after-return]
  749 |         else
      |         ^~~~
  750 |         {
      |         ~
  751 |             return G{std::in_place, std::move(value())};
      |             ~~~~~~~~~~~~~~~~~~~~~~~~~~~~~~~~~~~~~~~~~~~~
  752 |         }
      |         ~
external/score_baselibs+/score/result/details/expected/expected.h:762:23: warning: use c++17 style variable templates [modernize-type-traits]
  762 |         static_assert(std::is_same<typename G::value_type, T>::value, "Value types must match");
      |                       ^                                      ~~~~~~~
      |                                   _v
external/score_baselibs+/score/result/details/expected/expected.h:770:9: warning: do not use 'else' after 'return' [readability-else-after-return]
  770 |         else
      |         ^~~~
  771 |         {
      |         ~
  772 |             // Refer on top for suppression justification.
      |             ~~~~~~~~~~~~~~~~~~~~~~~~~~~~~~~~~~~~~~~~~~~~~~
  773 |             // coverity[autosar_cpp14_a18_9_3_violation]
      |             ~~~~~~~~~~~~~~~~~~~~~~~~~~~~~~~~~~~~~~~~~~~~
  774 |             return G{std::in_place, std::move(value())};
      |             ~~~~~~~~~~~~~~~~~~~~~~~~~~~~~~~~~~~~~~~~~~~~
  775 |         }
      |         ~
external/score_baselibs+/score/result/details/expected/expected.h:898:9: warning: do not use 'else' after 'return' [readability-else-after-return]
  898 |         else
      |         ^~~~
  899 |         {
      |         ~
  900 |             return expected<T, G>{std::in_place, value()};
      |             ~~~~~~~~~~~~~~~~~~~~~~~~~~~~~~~~~~~~~~~~~~~~~~
  901 |         }
      |         ~
external/score_baselibs+/score/result/details/expected/expected.h:915:9: warning: do not use 'else' after 'return' [readability-else-after-return]
  915 |         else
      |         ^~~~
  916 |         {
      |         ~
  917 |             return expected<T, G>{std::in_place, value()};
      |             ~~~~~~~~~~~~~~~~~~~~~~~~~~~~~~~~~~~~~~~~~~~~~~
  918 |         }
      |         ~
external/score_baselibs+/score/result/details/expected/expected.h:932:9: warning: do not use 'else' after 'return' [readability-else-after-return]
  932 |         else
      |         ^~~~
  933 |         {
      |         ~
  934 |             return expected<T, G>{std::in_place, std::move(value())};
      |             ~~~~~~~~~~~~~~~~~~~~~~~~~~~~~~~~~~~~~~~~~~~~~~~~~~~~~~~~~
  935 |         }
      |         ~
external/score_baselibs+/score/result/details/expected/expected.h:951:9: warning: do not use 'else' after 'return' [readability-else-after-return]
  951 |         else
      |         ^~~~
  952 |         {
      |         ~
  953 |             // Refer on top for suppression justification.
      |             ~~~~~~~~~~~~~~~~~~~~~~~~~~~~~~~~~~~~~~~~~~~~~~
  954 |             // coverity[autosar_cpp14_a18_9_3_violation]
      |             ~~~~~~~~~~~~~~~~~~~~~~~~~~~~~~~~~~~~~~~~~~~~
  955 |             return expected<T, G>{std::in_place, std::move(value())};
      |             ~~~~~~~~~~~~~~~~~~~~~~~~~~~~~~~~~~~~~~~~~~~~~~~~~~~~~~~~~
  956 |         }
      |         ~
external/score_baselibs+/score/result/details/expected/expected.h:973:9: warning: do not use 'else' after 'return' [readability-else-after-return]
  973 |         else
      |         ^~~~
  974 |         {
      |         ~
  975 |             return (!rhs.has_value()) && (lhs.error() == rhs.error());
      |             ~~~~~~~~~~~~~~~~~~~~~~~~~~~~~~~~~~~~~~~~~~~~~~~~~~~~~~~~~~
  976 |         }
      |         ~
external/score_baselibs+/score/result/details/expected/expected.h:1259:9: warning: do not use 'else' after 'return' [readability-else-after-return]
 1259 |         else
      |         ^~~~
 1260 |         {
      |         ~
 1261 |             return std::forward<G>(default_err);
      |             ~~~~~~~~~~~~~~~~~~~~~~~~~~~~~~~~~~~~
 1262 |         }
      |         ~
external/score_baselibs+/score/result/details/expected/expected.h:1274:9: warning: do not use 'else' after 'return' [readability-else-after-return]
 1274 |         else
      |         ^~~~
 1275 |         {
      |         ~
 1276 |             return std::forward<G>(default_err);
      |             ~~~~~~~~~~~~~~~~~~~~~~~~~~~~~~~~~~~~
 1277 |         }
      |         ~
external/score_baselibs+/score/result/details/expected/expected.h:1286:23: warning: use c++17 style variable templates [modernize-type-traits]
 1286 |         static_assert(std::is_same<typename U::error_type, E>::value, "Error types must match");
      |                       ^                                      ~~~~~~~
      |                                   _v
external/score_baselibs+/score/result/details/expected/expected.h:1292:9: warning: do not use 'else' after 'return' [readability-else-after-return]
 1292 |         else
      |         ^~~~
 1293 |         {
      |         ~
 1294 |             return U{unexpect, error()};
      |             ~~~~~~~~~~~~~~~~~~~~~~~~~~~~
 1295 |         }
      |         ~
external/score_baselibs+/score/result/details/expected/expected.h:1305:23: warning: use c++17 style variable templates [modernize-type-traits]
 1305 |         static_assert(std::is_same<typename U::error_type, E>::value, "Error types must match");
      |                       ^                                      ~~~~~~~
      |                                   _v
external/score_baselibs+/score/result/details/expected/expected.h:1311:9: warning: do not use 'else' after 'return' [readability-else-after-return]
 1311 |         else
      |         ^~~~
 1312 |         {
      |         ~
 1313 |             return U{unexpect, error()};
      |             ~~~~~~~~~~~~~~~~~~~~~~~~~~~~
 1314 |         }
      |         ~
external/score_baselibs+/score/result/details/expected/expected.h:1324:23: warning: use c++17 style variable templates [modernize-type-traits]
 1324 |         static_assert(std::is_same<typename U::error_type, E>::value, "Error types must match");
      |                       ^                                      ~~~~~~~
      |                                   _v
external/score_baselibs+/score/result/details/expected/expected.h:1330:9: warning: do not use 'else' after 'return' [readability-else-after-return]
 1330 |         else
      |         ^~~~
 1331 |         {
      |         ~
 1332 |             return U{unexpect, std::move(error())};
      |             ~~~~~~~~~~~~~~~~~~~~~~~~~~~~~~~~~~~~~~~
 1333 |         }
      |         ~
external/score_baselibs+/score/result/details/expected/expected.h:1343:23: warning: use c++17 style variable templates [modernize-type-traits]
 1343 |         static_assert(std::is_same<typename U::error_type, E>::value, "Error types must match");
      |                       ^                                      ~~~~~~~
      |                                   _v
external/score_baselibs+/score/result/details/expected/expected.h:1351:9: warning: do not use 'else' after 'return' [readability-else-after-return]
 1351 |         else
      |         ^~~~
 1352 |         {
      |         ~
 1353 |             // Refer on top for suppression justification.
      |             ~~~~~~~~~~~~~~~~~~~~~~~~~~~~~~~~~~~~~~~~~~~~~~
 1354 |             // coverity[autosar_cpp14_a18_9_3_violation]
      |             ~~~~~~~~~~~~~~~~~~~~~~~~~~~~~~~~~~~~~~~~~~~~
 1355 |             return U{unexpect, std::move(error())};
      |             ~~~~~~~~~~~~~~~~~~~~~~~~~~~~~~~~~~~~~~~
 1356 |         }
      |         ~
external/score_baselibs+/score/result/details/expected/expected.h:1365:23: warning: use c++17 style variable templates [modernize-type-traits]
 1365 |         static_assert(std::is_void<typename G::value_type>::value, "Value type must be void for expected<void, E>");
      |                       ^                                   ~~~~~~~
      |                                   _v
external/score_baselibs+/score/result/details/expected/expected.h:1371:9: warning: do not use 'else' after 'return' [readability-else-after-return]
 1371 |         else
      |         ^~~~
 1372 |         {
      |         ~
 1373 |             return G{};
      |             ~~~~~~~~~~~
 1374 |         }
      |         ~
external/score_baselibs+/score/result/details/expected/expected.h:1384:23: warning: use c++17 style variable templates [modernize-type-traits]
 1384 |         static_assert(std::is_void<typename G::value_type>::value, "Value type must be void for expected<void, E>");
      |                       ^                                   ~~~~~~~
      |                                   _v
external/score_baselibs+/score/result/details/expected/expected.h:1390:9: warning: do not use 'else' after 'return' [readability-else-after-return]
 1390 |         else
      |         ^~~~
 1391 |         {
      |         ~
 1392 |             return G{};
      |             ~~~~~~~~~~~
 1393 |         }
      |         ~
external/score_baselibs+/score/result/details/expected/expected.h:1403:23: warning: use c++17 style variable templates [modernize-type-traits]
 1403 |         static_assert(std::is_void<typename G::value_type>::value, "Value type must be void for expected<void, E>");
      |                       ^                                   ~~~~~~~
      |                                   _v
external/score_baselibs+/score/result/details/expected/expected.h:1409:9: warning: do not use 'else' after 'return' [readability-else-after-return]
 1409 |         else
      |         ^~~~
 1410 |         {
      |         ~
 1411 |             return G{};
      |             ~~~~~~~~~~~
 1412 |         }
      |         ~
external/score_baselibs+/score/result/details/expected/expected.h:1422:23: warning: use c++17 style variable templates [modernize-type-traits]
 1422 |         static_assert(std::is_void<typename G::value_type>::value, "Value type must be void for expected<void, E>");
      |                       ^                                   ~~~~~~~
      |                                   _v
external/score_baselibs+/score/result/details/expected/expected.h:1430:9: warning: do not use 'else' after 'return' [readability-else-after-return]
 1430 |         else
      |         ^~~~
 1431 |         {
      |         ~
 1432 |             // Refer on top for suppression justification.
      |             ~~~~~~~~~~~~~~~~~~~~~~~~~~~~~~~~~~~~~~~~~~~~~~
 1433 |             // coverity[autosar_cpp14_a18_9_3_violation]
      |             ~~~~~~~~~~~~~~~~~~~~~~~~~~~~~~~~~~~~~~~~~~~~
 1434 |             return G{};
      |             ~~~~~~~~~~~
 1435 |         }
      |         ~
external/score_baselibs+/score/result/details/expected/expected.h:1558:9: warning: do not use 'else' after 'return' [readability-else-after-return]
 1558 |         else
      |         ^~~~
 1559 |         {
      |         ~
 1560 |             return expected<void, G>{};
      |             ~~~~~~~~~~~~~~~~~~~~~~~~~~~
 1561 |         }
      |         ~
external/score_baselibs+/score/result/details/expected/expected.h:1575:9: warning: do not use 'else' after 'return' [readability-else-after-return]
 1575 |         else
      |         ^~~~
 1576 |         {
      |         ~
 1577 |             return expected<void, G>{};
      |             ~~~~~~~~~~~~~~~~~~~~~~~~~~~
 1578 |         }
      |         ~
external/score_baselibs+/score/result/details/expected/expected.h:1592:9: warning: do not use 'else' after 'return' [readability-else-after-return]
 1592 |         else
      |         ^~~~
 1593 |         {
      |         ~
 1594 |             return expected<void, G>{};
      |             ~~~~~~~~~~~~~~~~~~~~~~~~~~~
 1595 |         }
      |         ~
external/score_baselibs+/score/result/details/expected/expected.h:1611:9: warning: do not use 'else' after 'return' [readability-else-after-return]
 1611 |         else
      |         ^~~~
 1612 |         {
      |         ~
 1613 |             // Refer on top for suppression justification.
      |             ~~~~~~~~~~~~~~~~~~~~~~~~~~~~~~~~~~~~~~~~~~~~~~
 1614 |             // coverity[autosar_cpp14_a18_9_3_violation]
      |             ~~~~~~~~~~~~~~~~~~~~~~~~~~~~~~~~~~~~~~~~~~~~
 1615 |             return expected<void, G>{};
      |             ~~~~~~~~~~~~~~~~~~~~~~~~~~~
 1616 |         }
      |         ~
external/score_baselibs+/score/result/details/expected/expected.h:1680:16: warning: swap functions should be marked noexcept [performance-noexcept-swap]
 1680 | constexpr void swap(::score::details::expected<T, E>& lhs, ::score::details::expected<T, E>& rhs)
      |                ^
 1681 | // NOLINTEND(cert-dcl58-cpp) See comment on the namespace above
      |  noexcept 
external/score_baselibs+/score/result/details/expected/extensions.h:34:5: warning: do not use 'else' after 'return' [readability-else-after-return]
   34 |     else
      |     ^~~~
   35 |     {
      |     ~
   36 |         return score::cpp::unexpected{expected.error()};
      |         ~~~~~~~~~~~~~~~~~~~~~~~~~~~~~~~~~~~~~~~~~~~~~~~~
   37 |     }
      |     ~
external/score_baselibs+/score/result/details/expected/extensions.h:47:5: warning: do not use 'else' after 'return' [readability-else-after-return]
   47 |     else
      |     ^~~~
   48 |     {
      |     ~
   49 |         return score::cpp::unexpected{std::move(expected).error()};
      |         ~~~~~~~~~~~~~~~~~~~~~~~~~~~~~~~~~~~~~~~~~~~~~~~~~~~~~~~~~~~
   50 |     }
      |     ~
external/score_baselibs+/score/result/details/expected/extensions.h:60:5: warning: do not use 'else' after 'return' [readability-else-after-return]
   60 |     else
      |     ^~~~
   61 |     {
      |     ~
   62 |         return unexpected{expected.error()};
      |         ~~~~~~~~~~~~~~~~~~~~~~~~~~~~~~~~~~~~
   63 |     }
      |     ~
external/score_baselibs+/score/result/details/expected/extensions.h:73:5: warning: do not use 'else' after 'return' [readability-else-after-return]
   73 |     else
      |     ^~~~
   74 |     {
      |     ~
   75 |         return unexpected{std::move(expected).error()};
      |         ~~~~~~~~~~~~~~~~~~~~~~~~~~~~~~~~~~~~~~~~~~~~~~~
   76 |     }
      |     ~
external/score_baselibs+/score/result/details/expected/extensions.h:86:5: warning: do not use 'else' after 'return' [readability-else-after-return]
   86 |     else
      |     ^~~~
   87 |     {
      |     ~
   88 |         std::invoke(std::forward<F>(error_handling), expected.error());
      |         ~~~~~~~~~~~~~~~~~~~~~~~~~~~~~~~~~~~~~~~~~~~~~~~~~~~~~~~~~~~~~~~
   89 |         return score::cpp::nullopt;
      |         ~~~~~~~~~~~~~~~~~~~~~~~~~~~
   90 |     }
      |     ~
external/score_baselibs+/score/result/details/expected/extensions.h:100:5: warning: do not use 'else' after 'return' [readability-else-after-return]
  100 |     else
      |     ^~~~
  101 |     {
      |     ~
  102 |         std::invoke(std::forward<F>(error_handling), std::move(expected).error());
      |         ~~~~~~~~~~~~~~~~~~~~~~~~~~~~~~~~~~~~~~~~~~~~~~~~~~~~~~~~~~~~~~~~~~~~~~~~~~
  103 |         return score::cpp::nullopt;
      |         ~~~~~~~~~~~~~~~~~~~~~~~~~~~
  104 |     }
      |     ~
external/score_baselibs+/score/result/details/expected/extensions.h:114:5: warning: do not use 'else' after 'return' [readability-else-after-return]
  114 |     else
      |     ^~~~
  115 |     {
      |     ~
  116 |         std::invoke(std::forward<F>(error_handling), expected.error());
      |         ~~~~~~~~~~~~~~~~~~~~~~~~~~~~~~~~~~~~~~~~~~~~~~~~~~~~~~~~~~~~~~~
  117 |         return std::nullopt;
      |         ~~~~~~~~~~~~~~~~~~~~
  118 |     }
      |     ~
external/score_baselibs+/score/result/details/expected/extensions.h:128:5: warning: do not use 'else' after 'return' [readability-else-after-return]
  128 |     else
      |     ^~~~
  129 |     {
      |     ~
  130 |         std::invoke(std::forward<F>(error_handling), std::move(expected).error());
      |         ~~~~~~~~~~~~~~~~~~~~~~~~~~~~~~~~~~~~~~~~~~~~~~~~~~~~~~~~~~~~~~~~~~~~~~~~~~
  131 |         return std::nullopt;
      |         ~~~~~~~~~~~~~~~~~~~~
  132 |     }
      |     ~
external/score_baselibs+/score/result/error.h:22:1: warning: nested namespaces can be concatenated [modernize-concat-nested-namespaces]
   22 | namespace score
      | ^~~~~~~~~~~~~~~
   23 | {
      | ~
   24 | namespace result
      | ~~~~~~~~~~~~~~~~
      | namespace score::result
external/score_baselibs+/score/result/error.h:94:5: warning: function 'Message' should be marked [[nodiscard]] [modernize-use-nodiscard]
   94 |     std::string_view Message() const noexcept
      |     ^
      |     [[nodiscard]] 
external/score_baselibs+/score/result/error.h:101:5: warning: function 'UserMessage' should be marked [[nodiscard]] [modernize-use-nodiscard]
  101 |     std::string_view UserMessage() const noexcept
      |     ^
      |     [[nodiscard]] 
external/score_baselibs+/score/result/error_code.h:18:1: warning: nested namespaces can be concatenated [modernize-concat-nested-namespaces]
   18 | namespace score
      | ^~~~~~~~~~~~~~~
   19 | {
      | ~
   20 | namespace result
      | ~~~~~~~~~~~~~~~~
      | namespace score::result
   21 | {
   22 | 
   23 | /// \brief Every user-defined error code shall inherit from here
   24 | ///
   25 | /// \details This way we can ensure that the user-defined error codes can be stored in our globally defined Error class.
   26 | using ErrorCode = std::int32_t;
   27 | 
   28 | }  // namespace result
      | ~~~~~~~~~~~~~~~~~~~~~~
      | } // namespace score::result
   29 | }  // namespace score
      | ~~~~~~~~~~~~~~~~~~~~~
external/score_baselibs+/score/result/error_domain.h:20:1: warning: nested namespaces can be concatenated [modernize-concat-nested-namespaces]
   20 | namespace score
      | ^~~~~~~~~~~~~~~
   21 | {
      | ~
   22 | namespace result
      | ~~~~~~~~~~~~~~~~
      | namespace score::result
external/score_baselibs+/score/result/error_domain.h:39:5: warning: function 'MessageFor' should be marked [[nodiscard]] [modernize-use-nodiscard]
   39 |     virtual std::string_view MessageFor(const score::result::ErrorCode& code) const noexcept = 0;
      |     ^
      |     [[nodiscard]] 
Suppressed 10532 warnings (10476 in non-user code, 53 NOLINT, 3 with check filters).
Use -header-filter=.* to display errors from all non-system headers. Use -system-headers to display errors from system headers as well.
