6078 warnings generated.
./score/mw/com/impl/test/dummy_instance_identifier_builder.h:40:24: warning: function 'score::mw::com::impl::DummyInstanceIdentifierBuilder::CreateValidLolaInstanceIdentifierWithField' has a definition with different parameter names [readability-inconsistent-declaration-parameter-name]
   40 |     InstanceIdentifier CreateValidLolaInstanceIdentifierWithField(
      |                        ^
/home/runner/.bazel/sandbox/linux-sandbox/3905/execroot/_main/score/mw/com/impl/test/dummy_instance_identifier_builder.cpp:78:52: note: the definition seen here
   78 | InstanceIdentifier DummyInstanceIdentifierBuilder::CreateValidLolaInstanceIdentifierWithField(
      |                                                    ^
./score/mw/com/impl/test/dummy_instance_identifier_builder.h:40:24: note: differing parameters are named here: ('events'), in definition: ('fields')
   40 |     InstanceIdentifier CreateValidLolaInstanceIdentifierWithField(
      |                        ^
   41 |         const LolaServiceInstanceDeployment::EventInstanceMapping& events);
      |                                                                    ~~~~~~
      |                                                                    fields
bazel-out/k8-fastbuild/bin/external/score_baselibs+/score/static_reflection_with_serialization/visitor/_virtual_includes/visitor/static_reflection_with_serialization/visitor/visit_as_struct.h:51:58: warning: do not declare C-style arrays, use std::array<> instead [modernize-avoid-c-arrays]
   51 | constexpr inline std::size_t strip_trailing_spaces(const char (&pretty_name)[N], std::size_t begin, std::size_t end)
      |                                                          ^
bazel-out/k8-fastbuild/bin/external/score_baselibs+/score/static_reflection_with_serialization/visitor/_virtual_includes/visitor/static_reflection_with_serialization/visitor/visit_as_struct.h:84:86: warning: do not declare C-style arrays, use std::array<> instead [modernize-avoid-c-arrays]
   84 | constexpr inline std::pair<std::size_t, std::size_t> visitor_extract_type_span(const char (&pretty_name)[N])
      |                                                                                      ^
bazel-out/k8-fastbuild/bin/external/score_baselibs+/score/static_reflection_with_serialization/visitor/_virtual_includes/visitor/static_reflection_with_serialization/visitor/visit_as_struct.h:114:52: warning: do not declare C-style arrays, use std::array<> instead [modernize-avoid-c-arrays]
  114 | constexpr inline Output visitor_extract_type(const char (&pretty_name)[N])
      |                                                    ^
Suppressed 6159 warnings (6068 in non-user code, 85 NOLINT, 6 with check filters).
Use -header-filter=.* to display errors from all non-system headers. Use -system-headers to display errors from system headers as well.
