7379 warnings generated.
./score/mw/com/impl/bindings/lola/methods/method_error.h:51:5: warning: function 'MessageFor' should be marked [[nodiscard]] [modernize-use-nodiscard]
   51 |     std::string_view MessageFor(const score::result::ErrorCode& code) const noexcept override final
      |     ^
      |     [[nodiscard]] 
./score/mw/com/impl/com_error.h:97:5: warning: function 'MessageFor' should be marked [[nodiscard]] [modernize-use-nodiscard]
   97 |     std::string_view MessageFor(const score::result::ErrorCode& code) const noexcept override final
      |     ^
      |     [[nodiscard]] 
./score/mw/com/impl/error_serializer.h:59:32: warning: function 'score::mw::com::impl::ErrorSerializer::Deserialize' has a definition with different parameter names [readability-inconsistent-declaration-parameter-name]
   59 |     static score::Result<void> Deserialize(const SerializedErrorType serialized_error);
      |                                ^
/home/runner/.bazel/sandbox/linux-sandbox/1014/execroot/_main/score/mw/com/impl/error_serializer.cpp:45:34: note: the definition seen here
   45 | auto ErrorSerializer<ErrorCode>::Deserialize(const SerializedErrorType serialized_error_code) -> score::Result<void>
      |                                  ^
./score/mw/com/impl/error_serializer.h:59:32: note: differing parameters are named here: ('serialized_error'), in definition: ('serialized_error_code')
   59 |     static score::Result<void> Deserialize(const SerializedErrorType serialized_error);
      |                                ^                                     ~~~~~~~~~~~~~~~~
      |                                                                      serialized_error_code
/home/runner/.bazel/sandbox/linux-sandbox/1014/execroot/_main/score/mw/com/impl/error_serializer.cpp:29:12: warning: redundant explicit casting to the same type 'SerializedErrorType' (aka 'int') as the sub-expression, remove this casting [readability-redundant-casting]
   29 |     return SerializedErrorType(0);
      |            ^~~~~~~~~~~~~~~~~~~~ ~
/home/runner/.bazel/sandbox/linux-sandbox/1014/execroot/_main/score/mw/com/impl/error_serializer.cpp:45:105: warning: no header providing "score::Result" is directly included [misc-include-cleaner]
   17 | auto ErrorSerializer<ErrorCode>::Deserialize(const SerializedErrorType serialized_error_code) -> score::Result<void>
      |                                                                                                         ^
external/score_baselibs+/score/result/details/expected/expected.h:118:5: warning: function 'error' should be marked [[nodiscard]] [modernize-use-nodiscard]
  118 |     constexpr const E& error() const& noexcept
      |     ^
      |     [[nodiscard]] 
external/score_baselibs+/score/result/details/expected/expected.h:127:5: warning: function 'error' should be marked [[nodiscard]] [modernize-use-nodiscard]
  127 |     constexpr const E&& error() const&& noexcept
      |     ^
      |     [[nodiscard]] 
external/score_baselibs+/score/result/details/expected/expected.h:570:9: warning: do not use 'else' after 'return' [readability-else-after-return]
  570 |         else
      |         ^~~~
  571 |         {
      |         ~
  572 |             return static_cast<T>(std::forward<U>(default_val));
      |             ~~~~~~~~~~~~~~~~~~~~~~~~~~~~~~~~~~~~~~~~~~~~~~~~~~~~
  573 |         }
      |         ~
external/score_baselibs+/score/result/details/expected/expected.h:585:9: warning: do not use 'else' after 'return' [readability-else-after-return]
  585 |         else
      |         ^~~~
  586 |         {
      |         ~
  587 |             return static_cast<T>(std::forward<U>(default_val));
      |             ~~~~~~~~~~~~~~~~~~~~~~~~~~~~~~~~~~~~~~~~~~~~~~~~~~~~
  588 |         }
      |         ~
external/score_baselibs+/score/result/details/expected/expected.h:599:9: warning: do not use 'else' after 'return' [readability-else-after-return]
  599 |         else
      |         ^~~~
  600 |         {
      |         ~
  601 |             return std::forward<G>(default_err);
      |             ~~~~~~~~~~~~~~~~~~~~~~~~~~~~~~~~~~~~
  602 |         }
      |         ~
external/score_baselibs+/score/result/details/expected/expected.h:614:9: warning: do not use 'else' after 'return' [readability-else-after-return]
  614 |         else
      |         ^~~~
  615 |         {
      |         ~
  616 |             return std::forward<G>(default_err);
      |             ~~~~~~~~~~~~~~~~~~~~~~~~~~~~~~~~~~~~
  617 |         }
      |         ~
external/score_baselibs+/score/result/details/expected/expected.h:626:23: warning: use c++17 style variable templates [modernize-type-traits]
  626 |         static_assert(std::is_same<typename U::error_type, E>::value, "Error types must match");
      |                       ^                                      ~~~~~~~
      |                                   _v
external/score_baselibs+/score/result/details/expected/expected.h:632:9: warning: do not use 'else' after 'return' [readability-else-after-return]
  632 |         else
      |         ^~~~
  633 |         {
      |         ~
  634 |             return U{unexpect, error()};
      |             ~~~~~~~~~~~~~~~~~~~~~~~~~~~~
  635 |         }
      |         ~
external/score_baselibs+/score/result/details/expected/expected.h:645:23: warning: use c++17 style variable templates [modernize-type-traits]
  645 |         static_assert(std::is_same<typename U::error_type, E>::value, "Error types must match");
      |                       ^                                      ~~~~~~~
      |                                   _v
external/score_baselibs+/score/result/details/expected/expected.h:651:9: warning: do not use 'else' after 'return' [readability-else-after-return]
  651 |         else
      |         ^~~~
  652 |         {
      |         ~
  653 |             return U{unexpect, error()};
      |             ~~~~~~~~~~~~~~~~~~~~~~~~~~~~
  654 |         }
      |         ~
external/score_baselibs+/score/result/details/expected/expected.h:664:23: warning: use c++17 style variable templates [modernize-type-traits]
  664 |         static_assert(std::is_same<typename U::error_type, E>::value, "Error types must match");
      |                       ^                                      ~~~~~~~
      |                                   _v
external/score_baselibs+/score/result/details/expected/expected.h:670:9: warning: do not use 'else' after 'return' [readability-else-after-return]
  670 |         else
      |         ^~~~
  671 |         {
      |         ~
  672 |             return U{unexpect, std::move(error())};
      |             ~~~~~~~~~~~~~~~~~~~~~~~~~~~~~~~~~~~~~~~
  673 |         }
      |         ~
external/score_baselibs+/score/result/details/expected/expected.h:683:23: warning: use c++17 style variable templates [modernize-type-traits]
  683 |         static_assert(std::is_same<typename U::error_type, E>::value, "Error types must match");
      |                       ^                                      ~~~~~~~
      |                                   _v
external/score_baselibs+/score/result/details/expected/expected.h:691:9: warning: do not use 'else' after 'return' [readability-else-after-return]
  691 |         else
      |         ^~~~
  692 |         {
      |         ~
  693 |             // Refer on top for suppression justification.
      |             ~~~~~~~~~~~~~~~~~~~~~~~~~~~~~~~~~~~~~~~~~~~~~~
  694 |             // coverity[autosar_cpp14_a18_9_3_violation]
      |             ~~~~~~~~~~~~~~~~~~~~~~~~~~~~~~~~~~~~~~~~~~~~
  695 |             return U{unexpect, std::move(error())};
      |             ~~~~~~~~~~~~~~~~~~~~~~~~~~~~~~~~~~~~~~~
  696 |         }
      |         ~
external/score_baselibs+/score/result/details/expected/expected.h:705:23: warning: use c++17 style variable templates [modernize-type-traits]
  705 |         static_assert(std::is_same<typename G::value_type, T>::value, "Value types must match");
      |                       ^                                      ~~~~~~~
      |                                   _v
external/score_baselibs+/score/result/details/expected/expected.h:711:9: warning: do not use 'else' after 'return' [readability-else-after-return]
  711 |         else
      |         ^~~~
  712 |         {
      |         ~
  713 |             return G{std::in_place, value()};
      |             ~~~~~~~~~~~~~~~~~~~~~~~~~~~~~~~~~
  714 |         }
      |         ~
external/score_baselibs+/score/result/details/expected/expected.h:724:23: warning: use c++17 style variable templates [modernize-type-traits]
  724 |         static_assert(std::is_same<typename G::value_type, T>::value, "Value types must match");
      |                       ^                                      ~~~~~~~
      |                                   _v
external/score_baselibs+/score/result/details/expected/expected.h:730:9: warning: do not use 'else' after 'return' [readability-else-after-return]
  730 |         else
      |         ^~~~
  731 |         {
      |         ~
  732 |             return G{std::in_place, value()};
      |             ~~~~~~~~~~~~~~~~~~~~~~~~~~~~~~~~~
  733 |         }
      |         ~
external/score_baselibs+/score/result/details/expected/expected.h:743:23: warning: use c++17 style variable templates [modernize-type-traits]
  743 |         static_assert(std::is_same<typename G::value_type, T>::value, "Value types must match");
      |                       ^                                      ~~~~~~~
      |                                   _v
external/score_baselibs+/score/result/details/expected/expected.h:749:9: warning: do not use 'else' after 'return' [readability-else-after-return]
  749 |         else
      |         ^~~~
  750 |         {
      |         ~
  751 |             return G{std::in_place, std::move(value())};
      |             ~~~~~~~~~~~~~~~~~~~~~~~~~~~~~~~~~~~~~~~~~~~~
  752 |         }
      |         ~
external/score_baselibs+/score/result/details/expected/expected.h:762:23: warning: use c++17 style variable templates [modernize-type-traits]
  762 |         static_assert(std::is_same<typename G::value_type, T>::value, "Value types must match");
      |                       ^                                      ~~~~~~~
      |                                   _v
external/score_baselibs+/score/result/details/expected/expected.h:770:9: warning: do not use 'else' after 'return' [readability-else-after-return]
  770 |         else
      |         ^~~~
  771 |         {
      |         ~
  772 |             // Refer on top for suppression justification.
      |             ~~~~~~~~~~~~~~~~~~~~~~~~~~~~~~~~~~~~~~~~~~~~~~
  773 |             // coverity[autosar_cpp14_a18_9_3_violation]
      |             ~~~~~~~~~~~~~~~~~~~~~~~~~~~~~~~~~~~~~~~~~~~~
  774 |             return G{std::in_place, std::move(value())};
      |             ~~~~~~~~~~~~~~~~~~~~~~~~~~~~~~~~~~~~~~~~~~~~
  775 |         }
      |         ~
external/score_baselibs+/score/result/details/expected/expected.h:898:9: warning: do not use 'else' after 'return' [readability-else-after-return]
  898 |         else
      |         ^~~~
  899 |         {
      |         ~
  900 |             return expected<T, G>{std::in_place, value()};
      |             ~~~~~~~~~~~~~~~~~~~~~~~~~~~~~~~~~~~~~~~~~~~~~~
  901 |         }
      |         ~
external/score_baselibs+/score/result/details/expected/expected.h:915:9: warning: do not use 'else' after 'return' [readability-else-after-return]
  915 |         else
      |         ^~~~
  916 |         {
      |         ~
  917 |             return expected<T, G>{std::in_place, value()};
      |             ~~~~~~~~~~~~~~~~~~~~~~~~~~~~~~~~~~~~~~~~~~~~~~
  918 |         }
      |         ~
external/score_baselibs+/score/result/details/expected/expected.h:932:9: warning: do not use 'else' after 'return' [readability-else-after-return]
  932 |         else
      |         ^~~~
  933 |         {
      |         ~
  934 |             return expected<T, G>{std::in_place, std::move(value())};
      |             ~~~~~~~~~~~~~~~~~~~~~~~~~~~~~~~~~~~~~~~~~~~~~~~~~~~~~~~~~
  935 |         }
      |         ~
external/score_baselibs+/score/result/details/expected/expected.h:951:9: warning: do not use 'else' after 'return' [readability-else-after-return]
  951 |         else
      |         ^~~~
  952 |         {
      |         ~
  953 |             // Refer on top for suppression justification.
      |             ~~~~~~~~~~~~~~~~~~~~~~~~~~~~~~~~~~~~~~~~~~~~~~
  954 |             // coverity[autosar_cpp14_a18_9_3_violation]
      |             ~~~~~~~~~~~~~~~~~~~~~~~~~~~~~~~~~~~~~~~~~~~~
  955 |             return expected<T, G>{std::in_place, std::move(value())};
      |             ~~~~~~~~~~~~~~~~~~~~~~~~~~~~~~~~~~~~~~~~~~~~~~~~~~~~~~~~~
  956 |         }
      |         ~
external/score_baselibs+/score/result/details/expected/expected.h:973:9: warning: do not use 'else' after 'return' [readability-else-after-return]
  973 |         else
      |         ^~~~
  974 |         {
      |         ~
  975 |             return (!rhs.has_value()) && (lhs.error() == rhs.error());
      |             ~~~~~~~~~~~~~~~~~~~~~~~~~~~~~~~~~~~~~~~~~~~~~~~~~~~~~~~~~~
  976 |         }
      |         ~
external/score_baselibs+/score/result/details/expected/expected.h:1259:9: warning: do not use 'else' after 'return' [readability-else-after-return]
 1259 |         else
      |         ^~~~
 1260 |         {
      |         ~
 1261 |             return std::forward<G>(default_err);
      |             ~~~~~~~~~~~~~~~~~~~~~~~~~~~~~~~~~~~~
 1262 |         }
      |         ~
external/score_baselibs+/score/result/details/expected/expected.h:1274:9: warning: do not use 'else' after 'return' [readability-else-after-return]
 1274 |         else
      |         ^~~~
 1275 |         {
      |         ~
 1276 |             return std::forward<G>(default_err);
      |             ~~~~~~~~~~~~~~~~~~~~~~~~~~~~~~~~~~~~
 1277 |         }
      |         ~
external/score_baselibs+/score/result/details/expected/expected.h:1286:23: warning: use c++17 style variable templates [modernize-type-traits]
 1286 |         static_assert(std::is_same<typename U::error_type, E>::value, "Error types must match");
      |                       ^                                      ~~~~~~~
      |                                   _v
external/score_baselibs+/score/result/details/expected/expected.h:1292:9: warning: do not use 'else' after 'return' [readability-else-after-return]
 1292 |         else
      |         ^~~~
 1293 |         {
      |         ~
 1294 |             return U{unexpect, error()};
      |             ~~~~~~~~~~~~~~~~~~~~~~~~~~~~
 1295 |         }
      |         ~
external/score_baselibs+/score/result/details/expected/expected.h:1305:23: warning: use c++17 style variable templates [modernize-type-traits]
 1305 |         static_assert(std::is_same<typename U::error_type, E>::value, "Error types must match");
      |                       ^                                      ~~~~~~~
      |                                   _v
external/score_baselibs+/score/result/details/expected/expected.h:1311:9: warning: do not use 'else' after 'return' [readability-else-after-return]
 1311 |         else
      |         ^~~~
 1312 |         {
      |         ~
 1313 |             return U{unexpect, error()};
      |             ~~~~~~~~~~~~~~~~~~~~~~~~~~~~
 1314 |         }
      |         ~
external/score_baselibs+/score/result/details/expected/expected.h:1324:23: warning: use c++17 style variable templates [modernize-type-traits]
 1324 |         static_assert(std::is_same<typename U::error_type, E>::value, "Error types must match");
      |                       ^                                      ~~~~~~~
      |                                   _v
external/score_baselibs+/score/result/details/expected/expected.h:1330:9: warning: do not use 'else' after 'return' [readability-else-after-return]
 1330 |         else
      |         ^~~~
 1331 |         {
      |         ~
 1332 |             return U{unexpect, std::move(error())};
      |             ~~~~~~~~~~~~~~~~~~~~~~~~~~~~~~~~~~~~~~~
 1333 |         }
      |         ~
external/score_baselibs+/score/result/details/expected/expected.h:1343:23: warning: use c++17 style variable templates [modernize-type-traits]
 1343 |         static_assert(std::is_same<typename U::error_type, E>::value, "Error types must match");
      |                       ^                                      ~~~~~~~
      |                                   _v
external/score_baselibs+/score/result/details/expected/expected.h:1351:9: warning: do not use 'else' after 'return' [readability-else-after-return]
 1351 |         else
      |         ^~~~
 1352 |         {
      |         ~
 1353 |             // Refer on top for suppression justification.
      |             ~~~~~~~~~~~~~~~~~~~~~~~~~~~~~~~~~~~~~~~~~~~~~~
 1354 |             // coverity[autosar_cpp14_a18_9_3_violation]
      |             ~~~~~~~~~~~~~~~~~~~~~~~~~~~~~~~~~~~~~~~~~~~~
 1355 |             return U{unexpect, std::move(error())};
      |             ~~~~~~~~~~~~~~~~~~~~~~~~~~~~~~~~~~~~~~~
 1356 |         }
      |         ~
external/score_baselibs+/score/result/details/expected/expected.h:1365:23: warning: use c++17 style variable templates [modernize-type-traits]
 1365 |         static_assert(std::is_void<typename G::value_type>::value, "Value type must be void for expected<void, E>");
      |                       ^                                   ~~~~~~~
      |                                   _v
external/score_baselibs+/score/result/details/expected/expected.h:1371:9: warning: do not use 'else' after 'return' [readability-else-after-return]
 1371 |         else
      |         ^~~~
 1372 |         {
      |         ~
 1373 |             return G{};
      |             ~~~~~~~~~~~
 1374 |         }
      |         ~
external/score_baselibs+/score/result/details/expected/expected.h:1384:23: warning: use c++17 style variable templates [modernize-type-traits]
 1384 |         static_assert(std::is_void<typename G::value_type>::value, "Value type must be void for expected<void, E>");
      |                       ^                                   ~~~~~~~
      |                                   _v
external/score_baselibs+/score/result/details/expected/expected.h:1390:9: warning: do not use 'else' after 'return' [readability-else-after-return]
 1390 |         else
      |         ^~~~
 1391 |         {
      |         ~
 1392 |             return G{};
      |             ~~~~~~~~~~~
 1393 |         }
      |         ~
external/score_baselibs+/score/result/details/expected/expected.h:1403:23: warning: use c++17 style variable templates [modernize-type-traits]
 1403 |         static_assert(std::is_void<typename G::value_type>::value, "Value type must be void for expected<void, E>");
      |                       ^                                   ~~~~~~~
      |                                   _v
external/score_baselibs+/score/result/details/expected/expected.h:1409:9: warning: do not use 'else' after 'return' [readability-else-after-return]
 1409 |         else
      |         ^~~~
 1410 |         {
      |         ~
 1411 |             return G{};
      |             ~~~~~~~~~~~
 1412 |         }
      |         ~
external/score_baselibs+/score/result/details/expected/expected.h:1422:23: warning: use c++17 style variable templates [modernize-type-traits]
 1422 |         static_assert(std::is_void<typename G::value_type>::value, "Value type must be void for expected<void, E>");
      |                       ^                                   ~~~~~~~
      |                                   _v
external/score_baselibs+/score/result/details/expected/expected.h:1430:9: warning: do not use 'else' after 'return' [readability-else-after-return]
 1430 |         else
      |         ^~~~
 1431 |         {
      |         ~
 1432 |             // Refer on top for suppression justification.
      |             ~~~~~~~~~~~~~~~~~~~~~~~~~~~~~~~~~~~~~~~~~~~~~~
 1433 |             // coverity[autosar_cpp14_a18_9_3_violation]
      |             ~~~~~~~~~~~~~~~~~~~~~~~~~~~~~~~~~~~~~~~~~~~~
 1434 |             return G{};
      |             ~~~~~~~~~~~
 1435 |         }
      |         ~
external/score_baselibs+/score/result/details/expected/expected.h:1558:9: warning: do not use 'else' after 'return' [readability-else-after-return]
 1558 |         else
      |         ^~~~
 1559 |         {
      |         ~
 1560 |             return expected<void, G>{};
      |             ~~~~~~~~~~~~~~~~~~~~~~~~~~~
 1561 |         }
      |         ~
external/score_baselibs+/score/result/details/expected/expected.h:1575:9: warning: do not use 'else' after 'return' [readability-else-after-return]
 1575 |         else
      |         ^~~~
 1576 |         {
      |         ~
 1577 |             return expected<void, G>{};
      |             ~~~~~~~~~~~~~~~~~~~~~~~~~~~
 1578 |         }
      |         ~
external/score_baselibs+/score/result/details/expected/expected.h:1592:9: warning: do not use 'else' after 'return' [readability-else-after-return]
 1592 |         else
      |         ^~~~
 1593 |         {
      |         ~
 1594 |             return expected<void, G>{};
      |             ~~~~~~~~~~~~~~~~~~~~~~~~~~~
 1595 |         }
      |         ~
external/score_baselibs+/score/result/details/expected/expected.h:1611:9: warning: do not use 'else' after 'return' [readability-else-after-return]
 1611 |         else
      |         ^~~~
 1612 |         {
      |         ~
 1613 |             // Refer on top for suppression justification.
      |             ~~~~~~~~~~~~~~~~~~~~~~~~~~~~~~~~~~~~~~~~~~~~~~
 1614 |             // coverity[autosar_cpp14_a18_9_3_violation]
      |             ~~~~~~~~~~~~~~~~~~~~~~~~~~~~~~~~~~~~~~~~~~~~
 1615 |             return expected<void, G>{};
      |             ~~~~~~~~~~~~~~~~~~~~~~~~~~~
 1616 |         }
      |         ~
external/score_baselibs+/score/result/details/expected/expected.h:1680:16: warning: swap functions should be marked noexcept [performance-noexcept-swap]
 1680 | constexpr void swap(::score::details::expected<T, E>& lhs, ::score::details::expected<T, E>& rhs)
      |                ^
 1681 | // NOLINTEND(cert-dcl58-cpp) See comment on the namespace above
      |  noexcept 
external/score_baselibs+/score/result/details/expected/extensions.h:34:5: warning: do not use 'else' after 'return' [readability-else-after-return]
   34 |     else
      |     ^~~~
   35 |     {
      |     ~
   36 |         return score::cpp::unexpected{expected.error()};
      |         ~~~~~~~~~~~~~~~~~~~~~~~~~~~~~~~~~~~~~~~~~~~~~~~~
   37 |     }
      |     ~
external/score_baselibs+/score/result/details/expected/extensions.h:47:5: warning: do not use 'else' after 'return' [readability-else-after-return]
   47 |     else
      |     ^~~~
   48 |     {
      |     ~
   49 |         return score::cpp::unexpected{std::move(expected).error()};
      |         ~~~~~~~~~~~~~~~~~~~~~~~~~~~~~~~~~~~~~~~~~~~~~~~~~~~~~~~~~~~
   50 |     }
      |     ~
external/score_baselibs+/score/result/details/expected/extensions.h:60:5: warning: do not use 'else' after 'return' [readability-else-after-return]
   60 |     else
      |     ^~~~
   61 |     {
      |     ~
   62 |         return unexpected{expected.error()};
      |         ~~~~~~~~~~~~~~~~~~~~~~~~~~~~~~~~~~~~
   63 |     }
      |     ~
external/score_baselibs+/score/result/details/expected/extensions.h:73:5: warning: do not use 'else' after 'return' [readability-else-after-return]
   73 |     else
      |     ^~~~
   74 |     {
      |     ~
   75 |         return unexpected{std::move(expected).error()};
      |         ~~~~~~~~~~~~~~~~~~~~~~~~~~~~~~~~~~~~~~~~~~~~~~~
   76 |     }
      |     ~
external/score_baselibs+/score/result/details/expected/extensions.h:86:5: warning: do not use 'else' after 'return' [readability-else-after-return]
   86 |     else
      |     ^~~~
   87 |     {
      |     ~
   88 |         std::invoke(std::forward<F>(error_handling), expected.error());
      |         ~~~~~~~~~~~~~~~~~~~~~~~~~~~~~~~~~~~~~~~~~~~~~~~~~~~~~~~~~~~~~~~
   89 |         return score::cpp::nullopt;
      |         ~~~~~~~~~~~~~~~~~~~~~~~~~~~
   90 |     }
      |     ~
external/score_baselibs+/score/result/details/expected/extensions.h:100:5: warning: do not use 'else' after 'return' [readability-else-after-return]
  100 |     else
      |     ^~~~
  101 |     {
      |     ~
  102 |         std::invoke(std::forward<F>(error_handling), std::move(expected).error());
      |         ~~~~~~~~~~~~~~~~~~~~~~~~~~~~~~~~~~~~~~~~~~~~~~~~~~~~~~~~~~~~~~~~~~~~~~~~~~
  103 |         return score::cpp::nullopt;
      |         ~~~~~~~~~~~~~~~~~~~~~~~~~~~
  104 |     }
      |     ~
external/score_baselibs+/score/result/details/expected/extensions.h:114:5: warning: do not use 'else' after 'return' [readability-else-after-return]
  114 |     else
      |     ^~~~
  115 |     {
      |     ~
  116 |         std::invoke(std::forward<F>(error_handling), expected.error());
      |         ~~~~~~~~~~~~~~~~~~~~~~~~~~~~~~~~~~~~~~~~~~~~~~~~~~~~~~~~~~~~~~~
  117 |         return std::nullopt;
      |         ~~~~~~~~~~~~~~~~~~~~
  118 |     }
      |     ~
external/score_baselibs+/score/result/details/expected/extensions.h:128:5: warning: do not use 'else' after 'return' [readability-else-after-return]
  128 |     else
      |     ^~~~
  129 |     {
      |     ~
  130 |         std::invoke(std::forward<F>(error_handling), std::move(expected).error());
      |         ~~~~~~~~~~~~~~~~~~~~~~~~~~~~~~~~~~~~~~~~~~~~~~~~~~~~~~~~~~~~~~~~~~~~~~~~~~
  131 |         return std::nullopt;
      |         ~~~~~~~~~~~~~~~~~~~~
  132 |     }
      |     ~
external/score_baselibs+/score/result/error.h:22:1: warning: nested namespaces can be concatenated [modernize-concat-nested-namespaces]
   22 | namespace score
      | ^~~~~~~~~~~~~~~
   23 | {
      | ~
   24 | namespace result
      | ~~~~~~~~~~~~~~~~
      | namespace score::result
external/score_baselibs+/score/result/error.h:94:5: warning: function 'Message' should be marked [[nodiscard]] [modernize-use-nodiscard]
   94 |     std::string_view Message() const noexcept
      |     ^
      |     [[nodiscard]] 
external/score_baselibs+/score/result/error.h:101:5: warning: function 'UserMessage' should be marked [[nodiscard]] [modernize-use-nodiscard]
  101 |     std::string_view UserMessage() const noexcept
      |     ^
      |     [[nodiscard]] 
external/score_baselibs+/score/result/error_code.h:18:1: warning: nested namespaces can be concatenated [modernize-concat-nested-namespaces]
   18 | namespace score
      | ^~~~~~~~~~~~~~~
   19 | {
      | ~
   20 | namespace result
      | ~~~~~~~~~~~~~~~~
      | namespace score::result
   21 | {
   22 | 
   23 | /// \brief Every user-defined error code shall inherit from here
   24 | ///
   25 | /// \details This way we can ensure that the user-defined error codes can be stored in our globally defined Error class.
   26 | using ErrorCode = std::int32_t;
   27 | 
   28 | }  // namespace result
      | ~~~~~~~~~~~~~~~~~~~~~~
      | } // namespace score::result
   29 | }  // namespace score
      | ~~~~~~~~~~~~~~~~~~~~~
external/score_baselibs+/score/result/error_domain.h:20:1: warning: nested namespaces can be concatenated [modernize-concat-nested-namespaces]
   20 | namespace score
      | ^~~~~~~~~~~~~~~
   21 | {
      | ~
   22 | namespace result
      | ~~~~~~~~~~~~~~~~
      | namespace score::result
external/score_baselibs+/score/result/error_domain.h:39:5: warning: function 'MessageFor' should be marked [[nodiscard]] [modernize-use-nodiscard]
   39 |     virtual std::string_view MessageFor(const score::result::ErrorCode& code) const noexcept = 0;
      |     ^
      |     [[nodiscard]] 
Suppressed 7332 warnings (7307 in non-user code, 22 NOLINT, 3 with check filters).
Use -header-filter=.* to display errors from all non-system headers. Use -system-headers to display errors from system headers as well.
