10786 warnings generated.
./score/mw/com/impl/bindings/lola/consumer_event_data_control_local_view.h:57:5: warning: single-argument constructors must be marked explicit to avoid unintentional implicit conversions [google-explicit-constructor]
   57 |     ConsumerEventDataControlLocalView(EventDataControl& event_data_control_shared) noexcept;
      |     ^
      |     explicit 
./score/mw/com/impl/bindings/lola/consumer_event_data_control_local_view.h:107:5: warning: function 'GetNumNewEvents' should be marked [[nodiscard]] [modernize-use-nodiscard]
  107 |     std::size_t GetNumNewEvents(const EventSlotStatus::EventTimeStamp reference_time) const noexcept;
      |     ^
      |     [[nodiscard]] 
./score/mw/com/impl/bindings/lola/consumer_event_data_control_local_view.h:128:5: warning: function 'GetMaxSampleSlots' should be marked [[nodiscard]] [modernize-use-nodiscard]
  128 |     std::size_t GetMaxSampleSlots() const noexcept
      |     ^
      |     [[nodiscard]] 
./score/mw/com/impl/bindings/lola/event_slot_status.h:61:5: warning: function 'IsInvalid' should be marked [[nodiscard]] [modernize-use-nodiscard]
   61 |     bool IsInvalid() const noexcept;
      |     ^
      |     [[nodiscard]] 
./score/mw/com/impl/bindings/lola/event_slot_status.h:62:5: warning: function 'IsInWriting' should be marked [[nodiscard]] [modernize-use-nodiscard]
   62 |     bool IsInWriting() const noexcept;
      |     ^
      |     [[nodiscard]] 
./score/mw/com/impl/bindings/lola/event_slot_status.h:67:5: warning: function 'GetReferenceCount' should be marked [[nodiscard]] [modernize-use-nodiscard]
   67 |     SubscriberCount GetReferenceCount() const noexcept;
      |     ^
      |     [[nodiscard]] 
./score/mw/com/impl/bindings/lola/event_slot_status.h:68:5: warning: function 'GetTimeStamp' should be marked [[nodiscard]] [modernize-use-nodiscard]
   68 |     EventTimeStamp GetTimeStamp() const noexcept;
      |     ^
      |     [[nodiscard]] 
./score/mw/com/impl/bindings/lola/event_slot_status.h:76:5: warning: function 'IsUsed' should be marked [[nodiscard]] [modernize-use-nodiscard]
   76 |     bool IsUsed() const noexcept;
      |     ^
      |     [[nodiscard]] 
./score/mw/com/impl/bindings/lola/event_slot_status.h:83:5: warning: function 'IsTimeStampBetween' should be marked [[nodiscard]] [modernize-use-nodiscard]
   83 |     bool IsTimeStampBetween(const EventTimeStamp min_timestamp, const EventTimeStamp max_timestamp) const noexcept;
      |     ^
      |     [[nodiscard]] 
./score/mw/com/impl/bindings/lola/provider_event_data_control_local_view.h:62:5: warning: single-argument constructors must be marked explicit to avoid unintentional implicit conversions [google-explicit-constructor]
   62 |     ProviderEventDataControlLocalView(EventDataControl& event_data_control) noexcept;
      |     ^
      |     explicit 
./score/mw/com/impl/bindings/lola/transaction_log_local_view.h:47:5: warning: single-argument constructors must be marked explicit to avoid unintentional implicit conversions [google-explicit-constructor]
   47 |     TransactionLogLocalView(TransactionLog& transaction_log) noexcept;
      |     ^
      |     explicit 
./score/mw/com/impl/bindings/lola/transaction_log_local_view.h:98:5: warning: function 'ContainsTransactions' should be marked [[nodiscard]] [modernize-use-nodiscard]
   98 |     bool ContainsTransactions() const noexcept;
      |     ^
      |     [[nodiscard]] 
./score/mw/com/impl/bindings/lola/transaction_log_slot.h:35:5: warning: function 'GetTransactionBegin' should be marked [[nodiscard]] [modernize-use-nodiscard]
   35 |     bool GetTransactionBegin() const noexcept
      |     ^
      |     [[nodiscard]] 
./score/mw/com/impl/bindings/lola/transaction_log_slot.h:39:5: warning: function 'GetTransactionEnd' should be marked [[nodiscard]] [modernize-use-nodiscard]
   39 |     bool GetTransactionEnd() const noexcept
      |     ^
      |     [[nodiscard]] 
/home/runner/.bazel/sandbox/linux-sandbox/3378/execroot/_main/score/mw/com/impl/bindings/lola/event_control.cpp:18:34: warning: no header providing "score::mw::com::impl::lola::SlotIndexType" is directly included [misc-include-cleaner]
   14 | 
   15 | namespace score::mw::com::impl::lola
   16 | {
   17 | 
   18 | EventControl::EventControl(const SlotIndexType number_of_slots,
      |                                  ^
/home/runner/.bazel/sandbox/linux-sandbox/3378/execroot/_main/score/mw/com/impl/bindings/lola/event_control.cpp:21:51: warning: no header providing "score::memory::shared::ManagedMemoryResource" is directly included [misc-include-cleaner]
   14 | 
   15 | namespace score::mw::com::impl::lola
   16 | {
   17 | 
   18 | EventControl::EventControl(const SlotIndexType number_of_slots,
   19 |                            const SubscriberCountType max_subscribers,
   20 |                            const bool enforce_max_samples,
   21 |                            score::memory::shared::ManagedMemoryResource& resource) noexcept
      |                                                   ^
Suppressed 10838 warnings (10764 in non-user code, 68 NOLINT, 6 with check filters).
Use -header-filter=.* to display errors from all non-system headers. Use -system-headers to display errors from system headers as well.
