9984 warnings generated.
./score/mw/com/impl/bindings/lola/consumer_event_data_control_local_view.h:57:5: warning: single-argument constructors must be marked explicit to avoid unintentional implicit conversions [google-explicit-constructor]
   57 |     ConsumerEventDataControlLocalView(EventDataControl& event_data_control_shared) noexcept;
      |     ^
      |     explicit 
./score/mw/com/impl/bindings/lola/consumer_event_data_control_local_view.h:107:5: warning: function 'GetNumNewEvents' should be marked [[nodiscard]] [modernize-use-nodiscard]
  107 |     std::size_t GetNumNewEvents(const EventSlotStatus::EventTimeStamp reference_time) const noexcept;
      |     ^
      |     [[nodiscard]] 
./score/mw/com/impl/bindings/lola/consumer_event_data_control_local_view.h:128:5: warning: function 'GetMaxSampleSlots' should be marked [[nodiscard]] [modernize-use-nodiscard]
  128 |     std::size_t GetMaxSampleSlots() const noexcept
      |     ^
      |     [[nodiscard]] 
./score/mw/com/impl/bindings/lola/event_data_control_composite.h:48:12: warning: constructor does not initialize these fields: qm_misbehaved [cppcoreguidelines-pro-type-member-init]
   48 |     struct AllocationResult
      |            ^
   49 |     {
   50 |         // \brief the index of the slot reserved for writing (potentially in QM and ASIL-B control section) if a slot
   51 |         // could be found. Otherwise, an empty optional.
   52 |         std::optional<SlotIndexType> allocated_slot_index;
   53 | 
   54 |         // \brief A flag indicating whether QM consumers should be ignored due to misbehaviour. In this case, QM
   55 |         // consumers have been disconnected and therefore the QM related slots are ignored.
   56 |         bool qm_misbehaved;
      |                           
      |                           {}
./score/mw/com/impl/bindings/lola/event_data_control_composite.h:95:5: warning: function 'IsQmControlDisconnected' should be marked [[nodiscard]] [modernize-use-nodiscard]
   95 |     bool IsQmControlDisconnected() const noexcept;
      |     ^
      |     [[nodiscard]] 
./score/mw/com/impl/bindings/lola/event_data_control_composite.h:105:5: warning: function 'GetEventSlotTimestamp' should be marked [[nodiscard]] [modernize-use-nodiscard]
  105 |     EventSlotStatus::EventTimeStamp GetEventSlotTimestamp(const SlotIndexType slot_index) const noexcept;
      |     ^
      |     [[nodiscard]] 
./score/mw/com/impl/bindings/lola/event_data_control_composite.h:105:37: warning: function 'score::mw::com::impl::lola::EventDataControlComposite::GetEventSlotTimestamp' has a definition with different parameter names [readability-inconsistent-declaration-parameter-name]
  105 |     EventSlotStatus::EventTimeStamp GetEventSlotTimestamp(const SlotIndexType slot_index) const noexcept;
      |                                     ^
/home/runner/.bazel/sandbox/linux-sandbox/1321/execroot/_main/score/mw/com/impl/bindings/lola/event_data_control_composite.cpp:214:82: note: the definition seen here
  214 | EventSlotStatus::EventTimeStamp EventDataControlComposite<AtomicIndirectorType>::GetEventSlotTimestamp(
      |                                                                                  ^
./score/mw/com/impl/bindings/lola/event_data_control_composite.h:105:37: note: differing parameters are named here: ('slot_index'), in definition: ('slot')
  105 |     EventSlotStatus::EventTimeStamp GetEventSlotTimestamp(const SlotIndexType slot_index) const noexcept;
      |                                     ^                                         ~~~~~~~~~~
      |                                                                               slot
./score/mw/com/impl/bindings/lola/event_data_control_composite.h:115:5: warning: function 'GetLatestTimestamp' should be marked [[nodiscard]] [modernize-use-nodiscard]
  115 |     EventSlotStatus::EventTimeStamp GetLatestTimestamp() const noexcept;
      |     ^
      |     [[nodiscard]] 
./score/mw/com/impl/bindings/lola/event_slot_status.h:61:5: warning: function 'IsInvalid' should be marked [[nodiscard]] [modernize-use-nodiscard]
   61 |     bool IsInvalid() const noexcept;
      |     ^
      |     [[nodiscard]] 
./score/mw/com/impl/bindings/lola/event_slot_status.h:62:5: warning: function 'IsInWriting' should be marked [[nodiscard]] [modernize-use-nodiscard]
   62 |     bool IsInWriting() const noexcept;
      |     ^
      |     [[nodiscard]] 
./score/mw/com/impl/bindings/lola/event_slot_status.h:67:5: warning: function 'GetReferenceCount' should be marked [[nodiscard]] [modernize-use-nodiscard]
   67 |     SubscriberCount GetReferenceCount() const noexcept;
      |     ^
      |     [[nodiscard]] 
./score/mw/com/impl/bindings/lola/event_slot_status.h:68:5: warning: function 'GetTimeStamp' should be marked [[nodiscard]] [modernize-use-nodiscard]
   68 |     EventTimeStamp GetTimeStamp() const noexcept;
      |     ^
      |     [[nodiscard]] 
./score/mw/com/impl/bindings/lola/event_slot_status.h:76:5: warning: function 'IsUsed' should be marked [[nodiscard]] [modernize-use-nodiscard]
   76 |     bool IsUsed() const noexcept;
      |     ^
      |     [[nodiscard]] 
./score/mw/com/impl/bindings/lola/event_slot_status.h:83:5: warning: function 'IsTimeStampBetween' should be marked [[nodiscard]] [modernize-use-nodiscard]
   83 |     bool IsTimeStampBetween(const EventTimeStamp min_timestamp, const EventTimeStamp max_timestamp) const noexcept;
      |     ^
      |     [[nodiscard]] 
./score/mw/com/impl/bindings/lola/provider_event_data_control_local_view.h:62:5: warning: single-argument constructors must be marked explicit to avoid unintentional implicit conversions [google-explicit-constructor]
   62 |     ProviderEventDataControlLocalView(EventDataControl& event_data_control) noexcept;
      |     ^
      |     explicit 
./score/mw/com/impl/bindings/lola/provider_event_data_control_local_view.h:111:5: warning: function 'FindOldestUnusedSlot' should be marked [[nodiscard]] [modernize-use-nodiscard]
  111 |     std::optional<ProviderEventDataControlLocalView::SlotInfo> FindOldestUnusedSlot() const noexcept;
      |     ^
      |     [[nodiscard]] 
./score/mw/com/impl/bindings/lola/transaction_log_local_view.h:47:5: warning: single-argument constructors must be marked explicit to avoid unintentional implicit conversions [google-explicit-constructor]
   47 |     TransactionLogLocalView(TransactionLog& transaction_log) noexcept;
      |     ^
      |     explicit 
./score/mw/com/impl/bindings/lola/transaction_log_local_view.h:98:5: warning: function 'ContainsTransactions' should be marked [[nodiscard]] [modernize-use-nodiscard]
   98 |     bool ContainsTransactions() const noexcept;
      |     ^
      |     [[nodiscard]] 
./score/mw/com/impl/bindings/lola/transaction_log_slot.h:35:5: warning: function 'GetTransactionBegin' should be marked [[nodiscard]] [modernize-use-nodiscard]
   35 |     bool GetTransactionBegin() const noexcept
      |     ^
      |     [[nodiscard]] 
./score/mw/com/impl/bindings/lola/transaction_log_slot.h:39:5: warning: function 'GetTransactionEnd' should be marked [[nodiscard]] [modernize-use-nodiscard]
   39 |     bool GetTransactionEnd() const noexcept
      |     ^
      |     [[nodiscard]] 
/home/runner/.bazel/sandbox/linux-sandbox/1321/execroot/_main/score/mw/com/impl/bindings/lola/event_data_control_composite.cpp:25:16: warning: no header providing "std::size_t" is directly included [misc-include-cleaner]
   17 | #include <optional>
   18 | 
   19 | namespace score::mw::com::impl::lola
   20 | {
   21 | 
   22 | namespace
   23 | {
   24 | 
   25 | constexpr std::size_t MAX_MULTI_ALLOCATE_RETRY_COUNT{100U};
      |                ^
/home/runner/.bazel/sandbox/linux-sandbox/1321/execroot/_main/score/mw/com/impl/bindings/lola/event_data_control_composite.cpp:32:5: warning: no header providing "score::mw::com::impl::lola::ProviderEventDataControlLocalView" is directly included [misc-include-cleaner]
   16 |     ProviderEventDataControlLocalView<AtomicIndirectorType>& asil_qm_control_local)
      |     ^
/home/runner/.bazel/sandbox/linux-sandbox/1321/execroot/_main/score/mw/com/impl/bindings/lola/event_data_control_composite.cpp:68:77: warning: no header providing "std::memory_order_acquire" is directly included [misc-include-cleaner]
   17 |             asil_qm_control_local_.get().state_slots_[slot_index].load(std::memory_order_acquire)};
      |                                                                             ^
/home/runner/.bazel/sandbox/linux-sandbox/1321/execroot/_main/score/mw/com/impl/bindings/lola/event_data_control_composite.cpp:85:17: warning: no header providing "SCORE_LANGUAGE_FUTURECPP_ASSERT_PRD_MESSAGE" is directly included [misc-include-cleaner]
   18 |                 SCORE_LANGUAGE_FUTURECPP_ASSERT_PRD_MESSAGE(
      |                 ^
/home/runner/.bazel/sandbox/linux-sandbox/1321/execroot/_main/score/mw/com/impl/bindings/lola/event_data_control_composite.cpp:223:5: warning: do not use 'else' after 'return' [readability-else-after-return]
  223 |     else
      |     ^~~~
  224 |     {
      |     ~
  225 |         const EventSlotStatus event_slot_status{asil_qm_control_local_.get()[slot]};
      |         ~~~~~~~~~~~~~~~~~~~~~~~~~~~~~~~~~~~~~~~~~~~~~~~~~~~~~~~~~~~~~~~~~~~~~~~~~~~~
  226 |         const EventSlotStatus::EventTimeStamp sample_timestamp{event_slot_status.GetTimeStamp()};
      |         ~~~~~~~~~~~~~~~~~~~~~~~~~~~~~~~~~~~~~~~~~~~~~~~~~~~~~~~~~~~~~~~~~~~~~~~~~~~~~~~~~~~~~~~~~
  227 |         return sample_timestamp;
      |         ~~~~~~~~~~~~~~~~~~~~~~~~
  228 |     }
      |     ~
/home/runner/.bazel/sandbox/linux-sandbox/1321/execroot/_main/score/mw/com/impl/bindings/lola/event_data_control_composite.cpp:248:9: warning: no header providing "SCORE_LANGUAGE_FUTURECPP_ASSERT_PRD" is directly included [misc-include-cleaner]
  248 |         SCORE_LANGUAGE_FUTURECPP_ASSERT_PRD(static_cast<std::size_t>(slot_index) < control.state_slots_.size());
      |         ^
/home/runner/.bazel/sandbox/linux-sandbox/1321/execroot/_main/score/mw/com/impl/bindings/lola/event_data_control_composite.cpp:253:13: warning: use `std::max` instead of `<` [readability-use-std-min-max]
   17 |             if (latest_time_stamp < slot_time_stamp)
      |             ^~~~~~~~~~~~~~~~~~~~~~~~~~~~~~~~~~~~~~~~
      |             latest_time_stamp = std::max(latest_time_stamp, slot_time_stamp);
   18 |             {
      |             ~
   19 |                 latest_time_stamp = slot_time_stamp;
      |                 ~~~~~~~~~~~~~~~~~~~~~~~~~~~~~~~~~~~~
   20 |             }
      |             ~
/home/runner/.bazel/sandbox/linux-sandbox/1321/execroot/_main/score/mw/com/impl/bindings/lola/event_data_control_composite.cpp:262:58: warning: no header providing "score::memory::shared::AtomicIndirectorReal" is directly included [misc-include-cleaner]
   14 | template class EventDataControlComposite<memory::shared::AtomicIndirectorReal>;
      |                                                          ^
/home/runner/.bazel/sandbox/linux-sandbox/1321/execroot/_main/score/mw/com/impl/bindings/lola/event_data_control_composite.cpp:263:58: warning: no header providing "score::memory::shared::AtomicIndirectorMock" is directly included [misc-include-cleaner]
  263 | template class EventDataControlComposite<memory::shared::AtomicIndirectorMock>;
      |                                                          ^
Suppressed 10011 warnings (9951 in non-user code, 57 NOLINT, 3 with check filters).
Use -header-filter=.* to display errors from all non-system headers. Use -system-headers to display errors from system headers as well.
