6366 warnings generated.
./score/mw/com/impl/bindings/lola/consumer_event_data_control_local_view.h:57:5: warning: single-argument constructors must be marked explicit to avoid unintentional implicit conversions [google-explicit-constructor]
   57 |     ConsumerEventDataControlLocalView(EventDataControl& event_data_control_shared) noexcept;
      |     ^
      |     explicit 
./score/mw/com/impl/bindings/lola/event_data_control_composite.h:48:12: warning: constructor does not initialize these fields: qm_misbehaved [cppcoreguidelines-pro-type-member-init]
   48 |     struct AllocationResult
      |            ^
   49 |     {
   50 |         // \brief the index of the slot reserved for writing (potentially in QM and ASIL-B control section) if a slot
   51 |         // could be found. Otherwise, an empty optional.
   52 |         std::optional<SlotIndexType> allocated_slot_index;
   53 | 
   54 |         // \brief A flag indicating whether QM consumers should be ignored due to misbehaviour. In this case, QM
   55 |         // consumers have been disconnected and therefore the QM related slots are ignored.
   56 |         bool qm_misbehaved;
      |                           
      |                           {}
./score/mw/com/impl/bindings/lola/provider_event_data_control_local_view.h:62:5: warning: single-argument constructors must be marked explicit to avoid unintentional implicit conversions [google-explicit-constructor]
   62 |     ProviderEventDataControlLocalView(EventDataControl& event_data_control) noexcept;
      |     ^
      |     explicit 
./score/mw/com/impl/bindings/lola/transaction_log_local_view.h:47:5: warning: single-argument constructors must be marked explicit to avoid unintentional implicit conversions [google-explicit-constructor]
   47 |     TransactionLogLocalView(TransactionLog& transaction_log) noexcept;
      |     ^
      |     explicit 
/home/runner/.bazel/sandbox/linux-sandbox/4167/execroot/_main/score/mw/com/impl/generic_skeleton_event.cpp:35:35: warning: do not use static_cast to downcast from a base to a derived class; use dynamic_cast instead [cppcoreguidelines-pro-type-static-cast-downcast]
   35 |         auto* const binding_ptr = static_cast<GenericSkeletonEventBinding*>(binding_.get());
      |                                   ^~~~~~~~~~~
      |                                   dynamic_cast
/home/runner/.bazel/sandbox/linux-sandbox/4167/execroot/_main/score/mw/com/impl/generic_skeleton_event.cpp:36:13: warning: implicit conversion 'GenericSkeletonEventBinding *' -> 'bool' [readability-implicit-bool-conversion]
   36 |         if (binding_ptr)
      |             ^          
      |                         != nullptr
/home/runner/.bazel/sandbox/linux-sandbox/4167/execroot/_main/score/mw/com/impl/generic_skeleton_event.cpp:56:27: warning: do not use static_cast to downcast from a base to a derived class; use dynamic_cast instead [cppcoreguidelines-pro-type-static-cast-downcast]
   56 |     auto* const binding = static_cast<GenericSkeletonEventBinding*>(binding_.get());
      |                           ^~~~~~~~~~~
      |                           dynamic_cast
/home/runner/.bazel/sandbox/linux-sandbox/4167/execroot/_main/score/mw/com/impl/generic_skeleton_event.cpp:77:27: warning: do not use static_cast to downcast from a base to a derived class; use dynamic_cast instead [cppcoreguidelines-pro-type-static-cast-downcast]
   77 |     auto* const binding = static_cast<GenericSkeletonEventBinding*>(binding_.get());
      |                           ^~~~~~~~~~~
      |                           dynamic_cast
/home/runner/.bazel/sandbox/linux-sandbox/4167/execroot/_main/score/mw/com/impl/generic_skeleton_event.cpp:93:33: warning: do not use static_cast to downcast from a base to a derived class; use dynamic_cast instead [cppcoreguidelines-pro-type-static-cast-downcast]
   93 |     const auto* const binding = static_cast<const GenericSkeletonEventBinding*>(binding_.get());
      |                                 ^~~~~~~~~~~
      |                                 dynamic_cast
/home/runner/.bazel/sandbox/linux-sandbox/4167/execroot/_main/score/mw/com/impl/generic_skeleton_event.cpp:94:10: warning: implicit conversion 'const GenericSkeletonEventBinding *' -> 'bool' [readability-implicit-bool-conversion]
   94 |     if (!binding)
      |         ~^      
      |                  == nullptr
/home/runner/.bazel/sandbox/linux-sandbox/4167/execroot/_main/score/mw/com/impl/generic_skeleton_event.cpp:94:18: warning: statement should be inside braces [readability-braces-around-statements]
   94 |     if (!binding)
      |                  ^
      |                   {
   95 |         return {};
      |                   
Suppressed 6483 warnings (6349 in non-user code, 128 NOLINT, 6 with check filters).
Use -header-filter=.* to display errors from all non-system headers. Use -system-headers to display errors from system headers as well.
