13583 warnings generated.
./score/mw/com/impl/bindings/lola/element_fq_id.h:77:5: warning: function 'ToString' should be marked [[nodiscard]] [modernize-use-nodiscard]
   77 |     std::string ToString() const noexcept;
      |     ^
      |     [[nodiscard]] 
./score/mw/com/impl/bindings/lola/element_fq_id.h:92:15: warning: use c++17 style variable templates [modernize-type-traits]
   92 | static_assert(std::is_trivially_copyable<ElementFqId>::value,
      |               ^                                      ~~~~~~~
      |                                         _v
./score/mw/com/impl/bindings/lola/element_fq_id.h:130:101: warning: 32U is a magic number; consider replacing it with a named constant [readability-magic-numbers]
  130 |         return std::hash<std::uint64_t>{}((static_cast<std::uint64_t>(element_fq_id.service_id_) << 32U) |
      |                                                                                                     ^
./score/mw/com/impl/bindings/lola/element_fq_id.h:131:101: warning: 16U is a magic number; consider replacing it with a named constant [readability-magic-numbers]
  131 |                                           (static_cast<std::uint64_t>(element_fq_id.element_id_) << 16U) |
      |                                                                                                     ^
./score/mw/com/impl/bindings/lola/i_runtime.h:40:5: warning: function 'HasAsilBSupport' should be marked [[nodiscard]] [modernize-use-nodiscard]
   40 |     virtual bool HasAsilBSupport() const noexcept = 0;
      |     ^
      |     [[nodiscard]] 
./score/mw/com/impl/bindings/lola/i_runtime.h:43:5: warning: function 'GetShmSizeCalculationMode' should be marked [[nodiscard]] [modernize-use-nodiscard]
   43 |     virtual ShmSizeCalculationMode GetShmSizeCalculationMode() const noexcept = 0;
      |     ^
      |     [[nodiscard]] 
./score/mw/com/impl/bindings/lola/i_runtime.h:48:5: warning: function 'GetPid' should be marked [[nodiscard]] [modernize-use-nodiscard]
   48 |     virtual pid_t GetPid() const noexcept = 0;
      |     ^
      |     [[nodiscard]] 
./score/mw/com/impl/bindings/lola/i_runtime.h:51:5: warning: function 'GetApplicationId' should be marked [[nodiscard]] [modernize-use-nodiscard]
   51 |     virtual GlobalConfiguration::ApplicationId GetApplicationId() const noexcept = 0;
      |     ^
      |     [[nodiscard]] 
./score/mw/com/impl/bindings/lola/methods/proxy_method_instance_identifier.h:30:8: warning: constructor does not initialize these fields: proxy_instance_identifier [cppcoreguidelines-pro-type-member-init]
   30 | struct ProxyMethodInstanceIdentifier
      |        ^
   31 | {
   32 |     ProxyInstanceIdentifier proxy_instance_identifier;
      |                                                      
      |                                                      {}
Suppressed 13681 warnings (13568 in non-user code, 107 NOLINT, 6 with check filters).
Use -header-filter=.* to display errors from all non-system headers. Use -system-headers to display errors from system headers as well.
