11277 warnings generated.
./score/mw/com/impl/tracing/configuration/hash_helper_utility.h:24:67: warning: use c++17 style variable templates [modernize-type-traits]
   24 | template <typename InputIt, typename T, typename std::enable_if_t<std::is_unsigned<T>::value>* = nullptr>
      |                                                                   ^                  ~~~~~~~
      |                                                                                   _v
./score/mw/com/impl/tracing/configuration/hash_helper_utility.h:28:9: warning: use c++17 style variable templates [modernize-type-traits]
   28 |         std::is_base_of<std::input_iterator_tag, typename std::iterator_traits<InputIt>::iterator_category>::value,
      |         ^                                                                                                  ~~~~~~~
      |                        _v
./score/mw/com/impl/tracing/i_binding_tracing_runtime.h:65:5: warning: function 'GetTraceClientId' should be marked [[nodiscard]] [modernize-use-nodiscard]
   65 |     virtual analysis::tracing::TraceClientId GetTraceClientId() const noexcept = 0;
      |     ^
      |     [[nodiscard]] 
./score/mw/com/impl/tracing/i_binding_tracing_runtime.h:73:5: warning: function 'GetDataLossFlag' should be marked [[nodiscard]] [modernize-use-nodiscard]
   73 |     virtual bool GetDataLossFlag() const noexcept = 0;
      |     ^
      |     [[nodiscard]] 
./score/mw/com/impl/tracing/i_binding_tracing_runtime.h:87:5: warning: function 'GetShmObjectHandle' should be marked [[nodiscard]] [modernize-use-nodiscard]
   87 |     virtual std::optional<analysis::tracing::ShmObjectHandle> GetShmObjectHandle(
      |     ^
      |     [[nodiscard]] 
./score/mw/com/impl/tracing/i_binding_tracing_runtime.h:90:5: warning: function 'GetShmRegionStartAddress' should be marked [[nodiscard]] [modernize-use-nodiscard]
   90 |     virtual std::optional<void*> GetShmRegionStartAddress(
      |     ^
      |     [[nodiscard]] 
./score/mw/com/impl/tracing/i_binding_tracing_runtime.h:98:5: warning: function 'GetCachedFileDescriptorForReregisteringShmObject' should be marked [[nodiscard]] [modernize-use-nodiscard]
   98 |     virtual std::optional<std::pair<memory::shared::ISharedMemoryResource::FileDescriptor, void*>>
      |     ^
      |     [[nodiscard]] 
./score/mw/com/impl/tracing/i_binding_tracing_runtime.h:105:5: warning: function 'ConvertToTracingServiceInstanceElement' should be marked [[nodiscard]] [modernize-use-nodiscard]
  105 |     virtual analysis::tracing::ServiceInstanceElement ConvertToTracingServiceInstanceElement(
      |     ^
      |     [[nodiscard]] 
./score/mw/com/impl/tracing/i_tracing_runtime.h:80:5: warning: function 'GetBindingTracingRuntime' should be marked [[nodiscard]] [modernize-use-nodiscard]
   80 |     virtual IBindingTracingRuntime& GetBindingTracingRuntime(const BindingType binding_type) const noexcept = 0;
      |     ^
      |     [[nodiscard]] 
./score/mw/com/impl/tracing/type_erased_sample_ptr.h:33:34: warning: 128U is a magic number; consider replacing it with a named constant [readability-magic-numbers]
   33 |     score::cpp::callback<void(), 128U> type_erased_sample_ptr_;
      |                                  ^
Suppressed 11347 warnings (11261 in non-user code, 80 NOLINT, 6 with check filters).
Use -header-filter=.* to display errors from all non-system headers. Use -system-headers to display errors from system headers as well.
