12744 warnings generated.
./score/mw/com/impl/com_error.h:97:5: warning: function 'MessageFor' should be marked [[nodiscard]] [modernize-use-nodiscard]
   97 |     std::string_view MessageFor(const score::result::ErrorCode& code) const noexcept override final
      |     ^
      |     [[nodiscard]] 
./score/mw/com/impl/configuration/binding_service_type_deployment.h:43:5: warning: function 'Serialize' should be marked [[nodiscard]] [modernize-use-nodiscard]
   43 |     json::Object Serialize() const noexcept;
      |     ^
      |     [[nodiscard]] 
./score/mw/com/impl/configuration/binding_service_type_deployment.h:44:5: warning: function 'ToHashString' should be marked [[nodiscard]] [modernize-use-nodiscard]
   44 |     std::string_view ToHashString() const noexcept;
      |     ^
      |     [[nodiscard]] 
./score/mw/com/impl/configuration/configuration.h:70:5: warning: function 'GetServiceTypes' should be marked [[nodiscard]] [modernize-use-nodiscard]
   70 |     const ServiceTypeDeployments& GetServiceTypes() const noexcept
      |     ^
      |     [[nodiscard]] 
./score/mw/com/impl/configuration/configuration.h:74:5: warning: function 'GetServiceInstances' should be marked [[nodiscard]] [modernize-use-nodiscard]
   74 |     const ServiceInstanceDeployments& GetServiceInstances() const noexcept
      |     ^
      |     [[nodiscard]] 
./score/mw/com/impl/configuration/configuration.h:78:5: warning: function 'GetGlobalConfiguration' should be marked [[nodiscard]] [modernize-use-nodiscard]
   78 |     const GlobalConfiguration& GetGlobalConfiguration() const noexcept
      |     ^
      |     [[nodiscard]] 
./score/mw/com/impl/configuration/configuration.h:82:5: warning: function 'GetTracingConfiguration' should be marked [[nodiscard]] [modernize-use-nodiscard]
   82 |     const TracingConfiguration& GetTracingConfiguration() const noexcept
      |     ^
      |     [[nodiscard]] 
./score/mw/com/impl/configuration/configuration_common_resources.h:46:40: warning: use c++17 style variable templates [modernize-type-traits]
   46 |           typename = std::enable_if_t<!std::is_arithmetic<T>::value>,
      |                                        ^                    ~~~~~~~
      |                                                          _v
./score/mw/com/impl/configuration/configuration_common_resources.h:47:40: warning: use c++17 style variable templates [modernize-type-traits]
   47 |           typename = std::enable_if_t<!std::is_same<T, std::string_view>::value, bool>>
      |                                        ^                                ~~~~~~~
      |                                                    _v
./score/mw/com/impl/configuration/configuration_common_resources.h:63:51: warning: use c++17 style variable templates [modernize-type-traits]
   63 | template <typename T, typename = std::enable_if_t<std::is_arithmetic<T>::value, bool>>
      |                                                   ^                    ~~~~~~~
      |                                                                     _v
./score/mw/com/impl/configuration/configuration_common_resources.h:79:51: warning: use c++17 style variable templates [modernize-type-traits]
   79 | template <typename T, typename = std::enable_if_t<std::is_same<T, std::string_view>::value, bool>>
      |                                                   ^                                ~~~~~~~
      |                                                               _v
./score/mw/com/impl/configuration/configuration_common_resources.h:154:20: warning: use c++14 style type templates [modernize-type-traits]
  154 |           typename std::enable_if<VariantIndex == std::variant_size<VariantType>::value>::type* = nullptr>
      |           ~~~~~~~~ ^                                                                    ~~~~~~
      |                                  _t
./score/mw/com/impl/configuration/configuration_common_resources.h:164:20: warning: use c++14 style type templates [modernize-type-traits]
  164 |           typename std::enable_if<VariantIndex<std::variant_size<VariantType>::value>::type* = nullptr> auto
      |           ~~~~~~~~ ^                                                                 ~~~~~~
      |                                  _t
./score/mw/com/impl/configuration/configuration_common_resources.h:176:5: warning: do not use 'else' after 'return' [readability-else-after-return]
  176 |     else
      |     ^~~~
  177 |     {
      |     ~
  178 |         return DeserializeVariant<VariantIndex + 1, VariantType>(json_object, variant_index, json_variant_key);
      |         ~~~~~~~~~~~~~~~~~~~~~~~~~~~~~~~~~~~~~~~~~~~~~~~~~~~~~~~~~~~~~~~~~~~~~~~~~~~~~~~~~~~~~~~~~~~~~~~~~~~~~~~
  179 |     }
      |     ~
./score/mw/com/impl/configuration/global_configuration.h:69:5: warning: function 'GetReceiverMessageQueueSize' should be marked [[nodiscard]] [modernize-use-nodiscard]
   69 |     std::int32_t GetReceiverMessageQueueSize(const QualityType quality_type) const noexcept;
      |     ^
      |     [[nodiscard]] 
./score/mw/com/impl/configuration/global_configuration.h:71:5: warning: function 'GetSenderMessageQueueSize' should be marked [[nodiscard]] [modernize-use-nodiscard]
   71 |     std::int32_t GetSenderMessageQueueSize() const noexcept
      |     ^
      |     [[nodiscard]] 
./score/mw/com/impl/configuration/global_configuration.h:76:5: warning: function 'GetProcessAsilLevel' should be marked [[nodiscard]] [modernize-use-nodiscard]
   76 |     QualityType GetProcessAsilLevel() const
      |     ^
      |     [[nodiscard]] 
./score/mw/com/impl/configuration/global_configuration.h:86:5: warning: function 'GetApplicationId' should be marked [[nodiscard]] [modernize-use-nodiscard]
   86 |     score::cpp::optional<ApplicationId> GetApplicationId() const
      |     ^
      |     [[nodiscard]] 
./score/mw/com/impl/configuration/global_configuration.h:91:5: warning: function 'GetShmSizeCalcMode' should be marked [[nodiscard]] [modernize-use-nodiscard]
   91 |     ShmSizeCalculationMode GetShmSizeCalcMode() const noexcept
      |     ^
      |     [[nodiscard]] 
./score/mw/com/impl/configuration/lola_event_instance_deployment.h:44:5: warning: function 'Serialize' should be marked [[nodiscard]] [modernize-use-nodiscard]
   44 |     score::json::Object Serialize() const noexcept;
      |     ^
      |     [[nodiscard]] 
./score/mw/com/impl/configuration/lola_method_instance_deployment.h:57:5: warning: function 'Serialize' should be marked [[nodiscard]] [modernize-use-nodiscard]
   57 |     score::json::Object Serialize() const;
      |     ^
      |     [[nodiscard]] 
./score/mw/com/impl/configuration/lola_service_instance_deployment.h:85:5: warning: function 'Serialize' should be marked [[nodiscard]] [modernize-use-nodiscard]
   85 |     score::json::Object Serialize() const noexcept;
      |     ^
      |     [[nodiscard]] 
./score/mw/com/impl/configuration/lola_service_instance_deployment.h:86:5: warning: function 'ContainsEvent' should be marked [[nodiscard]] [modernize-use-nodiscard]
   86 |     bool ContainsEvent(const std::string& event_name) const noexcept;
      |     ^
      |     [[nodiscard]] 
./score/mw/com/impl/configuration/lola_service_instance_deployment.h:87:5: warning: function 'ContainsField' should be marked [[nodiscard]] [modernize-use-nodiscard]
   87 |     bool ContainsField(const std::string& field_name) const noexcept;
      |     ^
      |     [[nodiscard]] 
./score/mw/com/impl/configuration/lola_service_instance_deployment.h:88:5: warning: function 'ContainsMethod' should be marked [[nodiscard]] [modernize-use-nodiscard]
   88 |     bool ContainsMethod(const std::string& method_name) const noexcept;
      |     ^
      |     [[nodiscard]] 
./score/mw/com/impl/configuration/lola_service_instance_id.h:37:5: warning: function 'Serialize' should be marked [[nodiscard]] [modernize-use-nodiscard]
   37 |     score::json::Object Serialize() const noexcept;
      |     ^
      |     [[nodiscard]] 
./score/mw/com/impl/configuration/lola_service_instance_id.h:38:5: warning: function 'ToHashString' should be marked [[nodiscard]] [modernize-use-nodiscard]
   38 |     std::string_view ToHashString() const noexcept;
      |     ^
      |     [[nodiscard]] 
./score/mw/com/impl/configuration/lola_service_instance_id.h:49:5: warning: function 'GetId' should be marked [[nodiscard]] [modernize-use-nodiscard]
   49 |     InstanceId GetId() const
      |     ^
      |     [[nodiscard]] 
./score/mw/com/impl/configuration/service_identifier_type.h:84:5: warning: function 'ToString' should be marked [[nodiscard]] [modernize-use-nodiscard]
   84 |     std::string_view ToString() const noexcept;
      |     ^
      |     [[nodiscard]] 
./score/mw/com/impl/configuration/service_identifier_type.h:90:5: warning: function 'ToHashString' should be marked [[nodiscard]] [modernize-use-nodiscard]
   90 |     std::string_view ToHashString() const noexcept
      |     ^
      |     [[nodiscard]] 
./score/mw/com/impl/configuration/service_identifier_type.h:95:5: warning: function 'Serialize' should be marked [[nodiscard]] [modernize-use-nodiscard]
   95 |     score::json::Object Serialize() const noexcept;
      |     ^
      |     [[nodiscard]] 
./score/mw/com/impl/configuration/service_identifier_type.h:159:5: warning: function 'getInternalTypeName' should be marked [[nodiscard]] [modernize-use-nodiscard]
  159 |     inline std::string_view getInternalTypeName() const
      |     ^
      |     [[nodiscard]] 
./score/mw/com/impl/configuration/service_identifier_type.h:159:5: warning: function 'getInternalTypeName' has inline specifier but is implicitly inlined [readability-redundant-inline-specifier]
  159 |     inline std::string_view getInternalTypeName() const
      |     ^~~~~~
./score/mw/com/impl/configuration/service_identifier_type.h:164:5: warning: function 'GetVersion' should be marked [[nodiscard]] [modernize-use-nodiscard]
  164 |     inline ServiceVersionType GetVersion() const
      |     ^
      |     [[nodiscard]] 
./score/mw/com/impl/configuration/service_identifier_type.h:164:5: warning: function 'GetVersion' has inline specifier but is implicitly inlined [readability-redundant-inline-specifier]
  164 |     inline ServiceVersionType GetVersion() const
      |     ^~~~~~
./score/mw/com/impl/configuration/service_identifier_type.h:169:22: warning: function 'GetSerializationVersion' has inline specifier but is implicitly inlined [readability-redundant-inline-specifier]
  169 |     constexpr static inline std::uint32_t GetSerializationVersion()
      |                      ^~~~~~
./score/mw/com/impl/configuration/service_instance_deployment.h:45:59: warning: the const qualified parameter 'service' is copied for each invocation; consider making it a reference [performance-unnecessary-value-param]
   45 |     ServiceInstanceDeployment(const ServiceIdentifierType service,
      |                                                           ^
      |                                                          &
./score/mw/com/impl/configuration/service_instance_deployment.h:63:5: warning: function 'Serialize' should be marked [[nodiscard]] [modernize-use-nodiscard]
   63 |     score::json::Object Serialize() const noexcept;
      |     ^
      |     [[nodiscard]] 
./score/mw/com/impl/configuration/service_instance_deployment.h:65:5: warning: function 'GetBindingType' should be marked [[nodiscard]] [modernize-use-nodiscard]
   65 |     BindingType GetBindingType() const noexcept;
      |     ^
      |     [[nodiscard]] 
./score/mw/com/impl/configuration/service_instance_id.h:39:5: warning: function 'Serialize' should be marked [[nodiscard]] [modernize-use-nodiscard]
   39 |     score::json::Object Serialize() const noexcept;
      |     ^
      |     [[nodiscard]] 
./score/mw/com/impl/configuration/service_instance_id.h:40:5: warning: function 'ToHashString' should be marked [[nodiscard]] [modernize-use-nodiscard]
   40 |     std::string_view ToHashString() const noexcept;
      |     ^
      |     [[nodiscard]] 
./score/mw/com/impl/configuration/service_type_deployment.h:39:5: warning: function 'Serialize' should be marked [[nodiscard]] [modernize-use-nodiscard]
   39 |     score::json::Object Serialize() const noexcept;
      |     ^
      |     [[nodiscard]] 
./score/mw/com/impl/configuration/service_type_deployment.h:40:5: warning: function 'ToHashString' should be marked [[nodiscard]] [modernize-use-nodiscard]
   40 |     std::string_view ToHashString() const noexcept;
      |     ^
      |     [[nodiscard]] 
./score/mw/com/impl/configuration/service_version_type.h:107:5: warning: function 'ToString' should be marked [[nodiscard]] [modernize-use-nodiscard]
  107 |     std::string_view ToString() const noexcept;
      |     ^
      |     [[nodiscard]] 
./score/mw/com/impl/configuration/service_version_type.h:109:5: warning: function 'Serialize' should be marked [[nodiscard]] [modernize-use-nodiscard]
  109 |     score::json::Object Serialize() const noexcept;
      |     ^
      |     [[nodiscard]] 
./score/mw/com/impl/configuration/service_version_type.h:173:5: warning: function 'getMajor' should be marked [[nodiscard]] [modernize-use-nodiscard]
  173 |     constexpr inline std::uint32_t getMajor() const
      |     ^
      |     [[nodiscard]] 
./score/mw/com/impl/configuration/service_version_type.h:173:15: warning: function 'getMajor' has inline specifier but is implicitly inlined [readability-redundant-inline-specifier]
  173 |     constexpr inline std::uint32_t getMajor() const
      |               ^~~~~~
./score/mw/com/impl/configuration/service_version_type.h:178:5: warning: function 'getMinor' should be marked [[nodiscard]] [modernize-use-nodiscard]
  178 |     constexpr inline std::uint32_t getMinor() const
      |     ^
      |     [[nodiscard]] 
./score/mw/com/impl/configuration/service_version_type.h:178:15: warning: function 'getMinor' has inline specifier but is implicitly inlined [readability-redundant-inline-specifier]
  178 |     constexpr inline std::uint32_t getMinor() const
      |               ^~~~~~
./score/mw/com/impl/configuration/someip_event_instance_deployment.h:27:5: warning: function 'Serialize' should be marked [[nodiscard]] [modernize-use-nodiscard]
   27 |     json::Object Serialize() const noexcept
      |     ^
      |     [[nodiscard]] 
./score/mw/com/impl/configuration/someip_field_instance_deployment.h:27:5: warning: function 'Serialize' should be marked [[nodiscard]] [modernize-use-nodiscard]
   27 |     json::Object Serialize() const noexcept
      |     ^
      |     [[nodiscard]] 
./score/mw/com/impl/configuration/someip_service_instance_deployment.h:39:46: warning: pass by value and use std::move [modernize-pass-by-value]
   39 |     explicit SomeIpServiceInstanceDeployment(score::cpp::optional<SomeIpServiceInstanceId> instance_id = {},
      |                                              ^
   40 |                                              EventInstanceMapping events = {},
   41 |                                              FieldInstanceMapping fields = {})
   42 |         : instance_id_{instance_id}, events_{std::move(events)}, fields_{std::move(fields)}
      |                                   
      |                        std::move( )
./score/mw/com/impl/configuration/someip_service_instance_deployment.h:42:24: warning: parameter 'instance_id' is passed by value and only copied once; consider moving it to avoid unnecessary copies [performance-unnecessary-value-param]
   42 |         : instance_id_{instance_id}, events_{std::move(events)}, fields_{std::move(fields)}
      |                        ^          
      |                        std::move( )
./score/mw/com/impl/configuration/someip_service_instance_deployment.h:58:5: warning: function 'Serialize' should be marked [[nodiscard]] [modernize-use-nodiscard]
   58 |     score::json::Object Serialize() const noexcept;
      |     ^
      |     [[nodiscard]] 
./score/mw/com/impl/configuration/someip_service_instance_id.h:37:5: warning: function 'Serialize' should be marked [[nodiscard]] [modernize-use-nodiscard]
   37 |     score::json::Object Serialize() const noexcept;
      |     ^
      |     [[nodiscard]] 
./score/mw/com/impl/configuration/someip_service_instance_id.h:38:5: warning: function 'ToHashString' should be marked [[nodiscard]] [modernize-use-nodiscard]
   38 |     std::string_view ToHashString() const noexcept;
      |     ^
      |     [[nodiscard]] 
./score/mw/com/impl/configuration/someip_service_instance_id.h:40:5: warning: function 'GetId' should be marked [[nodiscard]] [modernize-use-nodiscard]
   40 |     InstanceId GetId() const noexcept;
      |     ^
      |     [[nodiscard]] 
./score/mw/com/impl/configuration/tracing_configuration.h:64:5: warning: function 'IsTracingEnabled' should be marked [[nodiscard]] [modernize-use-nodiscard]
   64 |     bool IsTracingEnabled() const noexcept
      |     ^
      |     [[nodiscard]] 
./score/mw/com/impl/configuration/tracing_configuration.h:68:5: warning: function 'GetTracingFilterConfigPath' should be marked [[nodiscard]] [modernize-use-nodiscard]
   68 |     std::string_view GetTracingFilterConfigPath() const noexcept
      |     ^
      |     [[nodiscard]] 
./score/mw/com/impl/configuration/tracing_configuration.h:72:5: warning: function 'GetApplicationInstanceID' should be marked [[nodiscard]] [modernize-use-nodiscard]
   72 |     std::string_view GetApplicationInstanceID() const noexcept
      |     ^
      |     [[nodiscard]] 
./score/mw/com/impl/configuration/tracing_configuration.h:79:5: warning: function 'IsServiceElementTracingEnabled' should be marked [[nodiscard]] [modernize-use-nodiscard]
   79 |     bool IsServiceElementTracingEnabled(tracing::ServiceElementIdentifierView service_element_identifier_view,
      |     ^
      |     [[nodiscard]] 
./score/mw/com/impl/instance_identifier.h:103:5: warning: function 'ToString' should be marked [[nodiscard]] [modernize-use-nodiscard]
  103 |     std::string_view ToString() const noexcept;
      |     ^
      |     [[nodiscard]] 
./score/mw/com/impl/instance_identifier.h:151:5: warning: function 'Serialize' should be marked [[nodiscard]] [modernize-use-nodiscard]
  151 |     json::Object Serialize() const noexcept;
      |     ^
      |     [[nodiscard]] 
./score/mw/com/impl/instance_identifier.h:230:5: warning: function 'Serialize' should be marked [[nodiscard]] [modernize-use-nodiscard]
  230 |     json::Object Serialize() const noexcept
      |     ^
      |     [[nodiscard]] 
./score/mw/com/impl/instance_identifier.h:235:5: warning: function 'GetServiceInstanceId' should be marked [[nodiscard]] [modernize-use-nodiscard]
  235 |     score::cpp::optional<ServiceInstanceId> GetServiceInstanceId() const noexcept;
      |     ^
      |     [[nodiscard]] 
./score/mw/com/impl/instance_identifier.h:236:5: warning: function 'GetServiceInstanceDeployment' should be marked [[nodiscard]] [modernize-use-nodiscard]
  236 |     const ServiceInstanceDeployment& GetServiceInstanceDeployment() const noexcept;
      |     ^
      |     [[nodiscard]] 
./score/mw/com/impl/instance_identifier.h:237:5: warning: function 'GetServiceTypeDeployment' should be marked [[nodiscard]] [modernize-use-nodiscard]
  237 |     const ServiceTypeDeployment& GetServiceTypeDeployment() const;
      |     ^
      |     [[nodiscard]] 
./score/mw/com/impl/instance_identifier.h:238:5: warning: function 'isCompatibleWith' should be marked [[nodiscard]] [modernize-use-nodiscard]
  238 |     bool isCompatibleWith(const InstanceIdentifier&) const;
      |     ^
      |     [[nodiscard]] 
./score/mw/com/impl/instance_identifier.h:239:5: warning: function 'isCompatibleWith' should be marked [[nodiscard]] [modernize-use-nodiscard]
  239 |     bool isCompatibleWith(const InstanceIdentifierView&) const;
      |     ^
      |     [[nodiscard]] 
./score/mw/com/impl/instance_specifier.h:77:5: warning: function 'ToString' should be marked [[nodiscard]] [modernize-use-nodiscard]
   77 |     std::string_view ToString() const noexcept;
      |     ^
      |     [[nodiscard]] 
./score/mw/com/impl/tracing/configuration/hash_helper_utility.h:24:67: warning: use c++17 style variable templates [modernize-type-traits]
   24 | template <typename InputIt, typename T, typename std::enable_if_t<std::is_unsigned<T>::value>* = nullptr>
      |                                                                   ^                  ~~~~~~~
      |                                                                                   _v
./score/mw/com/impl/tracing/configuration/hash_helper_utility.h:28:9: warning: use c++17 style variable templates [modernize-type-traits]
   28 |         std::is_base_of<std::input_iterator_tag, typename std::iterator_traits<InputIt>::iterator_category>::value,
      |         ^                                                                                                  ~~~~~~~
      |                        _v
/home/runner/.bazel/sandbox/linux-sandbox/3222/execroot/_main/score/mw/com/impl/instance_identifier.cpp:19:1: warning: included header json_writer.h is not used directly [misc-include-cleaner]
   19 | #include "score/json/json_writer.h"
      | ^~~~~~~~~~~~~~~~~~~~~~~~~~~~~~~~~~~
   20 | #include "score/result/result.h"
/home/runner/.bazel/sandbox/linux-sandbox/3222/execroot/_main/score/mw/com/impl/instance_identifier.cpp:25:1: warning: included header sstream is not used directly [misc-include-cleaner]
   25 | #include <sstream>
      | ^~~~~~~~~~~~~~~~~~
   26 | #include <tuple>
/home/runner/.bazel/sandbox/linux-sandbox/3222/execroot/_main/score/mw/com/impl/instance_identifier.cpp:39:1: warning: no header providing "score::mw::com::impl::Configuration" is directly included [misc-include-cleaner]
   15 | Configuration* InstanceIdentifier::configuration_{nullptr};
      | ^
/home/runner/.bazel/sandbox/linux-sandbox/3222/execroot/_main/score/mw/com/impl/instance_identifier.cpp:47:67: warning: no header providing "std::string" is directly included [misc-include-cleaner]
   26 | score::Result<InstanceIdentifier> InstanceIdentifier::Create(std::string&& serialized_format) noexcept
      |                                                                   ^
/home/runner/.bazel/sandbox/linux-sandbox/3222/execroot/_main/score/mw/com/impl/instance_identifier.cpp:54:11: warning: no header providing "score::json::JsonParser" is directly included [misc-include-cleaner]
   14 |     json::JsonParser json_parser{};
      |           ^
/home/runner/.bazel/sandbox/linux-sandbox/3222/execroot/_main/score/mw/com/impl/instance_identifier.cpp:67:33: warning: no header providing "std::move" is directly included [misc-include-cleaner]
   27 |     auto json_obj_result = std::move(json_result).value().As<json::Object>();
      |                                 ^
/home/runner/.bazel/sandbox/linux-sandbox/3222/execroot/_main/score/mw/com/impl/instance_identifier.cpp:67:68: warning: no header providing "score::json::Object" is directly included [misc-include-cleaner]
   14 |     auto json_obj_result = std::move(json_result).value().As<json::Object>();
      |                                                                    ^
/home/runner/.bazel/sandbox/linux-sandbox/3222/execroot/_main/score/mw/com/impl/instance_identifier.cpp:74:62: warning: no header providing "std::move" is directly included [misc-include-cleaner]
   74 |     InstanceIdentifier instance_identifier{json_object, std::move(serialized_format)};
      |                                                              ^
/home/runner/.bazel/sandbox/linux-sandbox/3222/execroot/_main/score/mw/com/impl/instance_identifier.cpp:86:62: warning: no header providing "std::uint32_t" is directly included [misc-include-cleaner]
   22 |     const auto serialization_version = GetValueFromJson<std::uint32_t>(json_object, kSerializationVersionKey);
      |                                                              ^
/home/runner/.bazel/sandbox/linux-sandbox/3222/execroot/_main/score/mw/com/impl/instance_identifier.cpp:94:5: warning: no header providing "score::mw::com::impl::ServiceInstanceDeployment" is directly included [misc-include-cleaner]
   17 |     ServiceInstanceDeployment instance_deployment{
      |     ^
/home/runner/.bazel/sandbox/linux-sandbox/3222/execroot/_main/score/mw/com/impl/instance_identifier.cpp:96:5: warning: no header providing "score::mw::com::impl::ServiceTypeDeployment" is directly included [misc-include-cleaner]
   17 |     ServiceTypeDeployment type_deployment{GetValueFromJson<json::Object>(json_object, kServiceTypeDeploymentKey)};
      |     ^
/home/runner/.bazel/sandbox/linux-sandbox/3222/execroot/_main/score/mw/com/impl/instance_identifier.cpp:100:55: warning: no header providing "std::move" is directly included [misc-include-cleaner]
  100 |         configuration_->AddServiceTypeDeployment(std::move(service_identifier_type), std::move(type_deployment));
      |                                                       ^
/home/runner/.bazel/sandbox/linux-sandbox/3222/execroot/_main/score/mw/com/impl/instance_identifier.cpp:100:91: warning: no header providing "std::move" is directly included [misc-include-cleaner]
  100 |         configuration_->AddServiceTypeDeployment(std::move(service_identifier_type), std::move(type_deployment));
      |                                                                                           ^
/home/runner/.bazel/sandbox/linux-sandbox/3222/execroot/_main/score/mw/com/impl/instance_identifier.cpp:101:5: warning: no header providing "SCORE_LANGUAGE_FUTURECPP_ASSERT_PRD_MESSAGE" is directly included [misc-include-cleaner]
   22 |     SCORE_LANGUAGE_FUTURECPP_ASSERT_PRD_MESSAGE(type_deployment_ptr != nullptr,
      |     ^
/home/runner/.bazel/sandbox/linux-sandbox/3222/execroot/_main/score/mw/com/impl/instance_identifier.cpp:107:60: warning: no header providing "std::move" is directly included [misc-include-cleaner]
  107 |         configuration_->AddServiceInstanceDeployments(std::move(instance_specifier), std::move(instance_deployment));
      |                                                            ^
/home/runner/.bazel/sandbox/linux-sandbox/3222/execroot/_main/score/mw/com/impl/instance_identifier.cpp:107:91: warning: no header providing "std::move" is directly included [misc-include-cleaner]
  107 |         configuration_->AddServiceInstanceDeployments(std::move(instance_specifier), std::move(instance_deployment));
      |                                                                                           ^
/home/runner/.bazel/sandbox/linux-sandbox/3222/execroot/_main/score/mw/com/impl/instance_identifier.cpp:164:83: warning: no header providing "score::cpp::optional" is directly included [misc-include-cleaner]
   22 | auto InstanceIdentifierView::GetServiceInstanceId() const noexcept -> score::cpp::optional<ServiceInstanceId>
      |                                                                                   ^
/home/runner/.bazel/sandbox/linux-sandbox/3222/execroot/_main/score/mw/com/impl/instance_identifier.cpp:164:92: warning: no header providing "score::mw::com::impl::ServiceInstanceId" is directly included [misc-include-cleaner]
   17 | auto InstanceIdentifierView::GetServiceInstanceId() const noexcept -> score::cpp::optional<ServiceInstanceId>
      |                                                                                            ^
/home/runner/.bazel/sandbox/linux-sandbox/3222/execroot/_main/score/mw/com/impl/instance_identifier.cpp:167:18: warning: no header providing "score::mw::com::impl::LolaServiceInstanceDeployment" is directly included [misc-include-cleaner]
   17 |         [](const LolaServiceInstanceDeployment& deployment) -> score::cpp::optional<ServiceInstanceId> {
      |                  ^
/home/runner/.bazel/sandbox/linux-sandbox/3222/execroot/_main/score/mw/com/impl/instance_identifier.cpp:174:18: warning: no header providing "score::mw::com::impl::SomeIpServiceInstanceDeployment" is directly included [misc-include-cleaner]
   17 |         [](const SomeIpServiceInstanceDeployment& deployment) -> score::cpp::optional<ServiceInstanceId> {
      |                  ^
/home/runner/.bazel/sandbox/linux-sandbox/3222/execroot/_main/score/mw/com/impl/instance_identifier.cpp:181:30: warning: no header providing "score::cpp::blank" is directly included [misc-include-cleaner]
   22 |         [](const score::cpp::blank&) noexcept -> score::cpp::optional<ServiceInstanceId> {
      |                              ^
/home/runner/.bazel/sandbox/linux-sandbox/3222/execroot/_main/score/mw/com/impl/instance_identifier.cpp:184:17: warning: no header providing "std::visit" is directly included [misc-include-cleaner]
   27 |     return std::visit(visitor, GetServiceInstanceDeployment().bindingInfo_);
      |                 ^
/home/runner/.bazel/sandbox/linux-sandbox/3222/execroot/_main/score/mw/com/impl/instance_identifier.cpp:199:12: warning: no header providing "score::mw::com::impl::areCompatible" is directly included [misc-include-cleaner]
  199 |     return areCompatible(*identifier_.instance_deployment_, *rhs.instance_deployment_);
      |            ^
/home/runner/.bazel/sandbox/linux-sandbox/3222/execroot/_main/score/mw/com/impl/instance_identifier.cpp:209:11: warning: no header providing "std::hash" is directly included [misc-include-cleaner]
  209 | auto std::hash<score::mw::com::impl::InstanceIdentifier>::operator()(
      |           ^
/home/runner/.bazel/sandbox/linux-sandbox/3222/execroot/_main/score/mw/com/impl/instance_identifier.cpp:209:59: warning: no header providing "std::hash<score::mw::com::impl::InstanceIdentifier>::operator()" is directly included [misc-include-cleaner]
   22 | auto std::hash<score::mw::com::impl::InstanceIdentifier>::operator()(
      |                                                           ^
/home/runner/.bazel/sandbox/linux-sandbox/3222/execroot/_main/score/mw/com/impl/instance_identifier.cpp:210:97: warning: no header providing "std::size_t" is directly included [misc-include-cleaner]
   22 |     const score::mw::com::impl::InstanceIdentifier& instance_identifier) const noexcept -> std::size_t
      |                                                                                                 ^
/home/runner/.bazel/sandbox/linux-sandbox/3222/execroot/_main/score/mw/com/impl/instance_identifier.cpp:212:17: warning: no header providing "std::hash" is directly included [misc-include-cleaner]
  212 |     return std::hash<std::string_view>()(instance_identifier.ToString());
      |                 ^
/home/runner/.bazel/sandbox/linux-sandbox/3222/execroot/_main/score/mw/com/impl/instance_identifier.cpp:212:42: warning: no header providing "instance_identifier" is directly included [misc-include-cleaner]
  212 |     return std::hash<std::string_view>()(instance_identifier.ToString());
      |                                          ^
Suppressed 12739 warnings (12636 in non-user code, 97 NOLINT, 6 with check filters).
Use -header-filter=.* to display errors from all non-system headers. Use -system-headers to display errors from system headers as well.
