12556 warnings generated.
./score/mw/com/impl/bindings/lola/service_discovery/lola_service_instance_identifier.h:32:5: warning: function 'GetServiceId' should be marked [[nodiscard]] [modernize-use-nodiscard]
   32 |     LolaServiceId GetServiceId() const noexcept;
      |     ^
      |     [[nodiscard]] 
./score/mw/com/impl/bindings/lola/service_discovery/lola_service_instance_identifier.h:33:5: warning: function 'GetInstanceId' should be marked [[nodiscard]] [modernize-use-nodiscard]
   33 |     std::optional<LolaServiceInstanceId::InstanceId> GetInstanceId() const noexcept;
      |     ^
      |     [[nodiscard]] 
/home/runner/.bazel/sandbox/linux-sandbox/3568/execroot/_main/score/mw/com/impl/bindings/lola/service_discovery/lola_service_instance_identifier.cpp:19:62: warning: no header providing "score::mw::com::impl::LolaServiceId" is directly included [misc-include-cleaner]
   14 | #include "score/mw/com/impl/configuration/lola_service_type_deployment.h"
   15 | 
   16 | namespace score::mw::com::impl::lola
   17 | {
   18 | 
   19 | LolaServiceInstanceIdentifier::LolaServiceInstanceIdentifier(LolaServiceId service_id) noexcept
      |                                                              ^
/home/runner/.bazel/sandbox/linux-sandbox/3568/execroot/_main/score/mw/com/impl/bindings/lola/service_discovery/lola_service_instance_identifier.cpp:20:50: warning: no header providing "std::nullopt" is directly included [misc-include-cleaner]
   15 | 
   16 | namespace score::mw::com::impl::lola
   17 | {
   18 | 
   19 | LolaServiceInstanceIdentifier::LolaServiceInstanceIdentifier(LolaServiceId service_id) noexcept
   20 |     : service_id_{service_id}, instance_id_{std::nullopt}
      |                                                  ^
/home/runner/.bazel/sandbox/linux-sandbox/3568/execroot/_main/score/mw/com/impl/bindings/lola/service_discovery/lola_service_instance_identifier.cpp:29:11: warning: no header providing "score::mw::com::impl::EnrichedInstanceIdentifier" is directly included [misc-include-cleaner]
   15 | 
   16 | namespace score::mw::com::impl::lola
   17 | {
   18 | 
   19 | LolaServiceInstanceIdentifier::LolaServiceInstanceIdentifier(LolaServiceId service_id) noexcept
   20 |     : service_id_{service_id}, instance_id_{std::nullopt}
   21 | {
   22 | }
   23 | 
   24 | // Suppress "AUTOSAR C++14 A12-6-1" rule finding. This rule declares: "All class data members that are
   25 | // initialized by the constructor shall be initialized using member initializers".
   26 | // This is false positive, all data members are initialized using member initializers in the delegation constructor.
   27 | // coverity[autosar_cpp14_a12_6_1_violation]
   28 | LolaServiceInstanceIdentifier::LolaServiceInstanceIdentifier(
   29 |     const EnrichedInstanceIdentifier& enriched_instance_identifier) noexcept
      |           ^
/home/runner/.bazel/sandbox/linux-sandbox/3568/execroot/_main/score/mw/com/impl/bindings/lola/service_discovery/lola_service_instance_identifier.cpp:34:67: warning: no header providing "score::mw::com::impl::LolaServiceInstanceId" is directly included [misc-include-cleaner]
   14 |         enriched_instance_identifier.GetBindingSpecificInstanceId<LolaServiceInstanceId>();
      |                                                                   ^
/home/runner/.bazel/sandbox/linux-sandbox/3568/execroot/_main/score/mw/com/impl/bindings/lola/service_discovery/lola_service_instance_identifier.cpp:47:6: warning: no header providing "std::optional" is directly included [misc-include-cleaner]
   47 | std::optional<LolaServiceInstanceId::InstanceId> LolaServiceInstanceIdentifier::GetInstanceId() const noexcept
      |      ^
/home/runner/.bazel/sandbox/linux-sandbox/3568/execroot/_main/score/mw/com/impl/bindings/lola/service_discovery/lola_service_instance_identifier.cpp:63:6: warning: no header providing "std::size_t" is directly included [misc-include-cleaner]
   15 | std::size_t std::hash<score::mw::com::impl::lola::LolaServiceInstanceIdentifier>::operator()(
      |      ^
/home/runner/.bazel/sandbox/linux-sandbox/3568/execroot/_main/score/mw/com/impl/bindings/lola/service_discovery/lola_service_instance_identifier.cpp:63:18: warning: no header providing "std::hash" is directly included [misc-include-cleaner]
   63 | std::size_t std::hash<score::mw::com::impl::lola::LolaServiceInstanceIdentifier>::operator()(
      |                  ^
/home/runner/.bazel/sandbox/linux-sandbox/3568/execroot/_main/score/mw/com/impl/bindings/lola/service_discovery/lola_service_instance_identifier.cpp:63:83: warning: no header providing "std::hash<score::mw::com::impl::lola::LolaServiceInstanceIdentifier>::operator()" is directly included [misc-include-cleaner]
   15 | std::size_t std::hash<score::mw::com::impl::lola::LolaServiceInstanceIdentifier>::operator()(
      |                                                                                   ^
/home/runner/.bazel/sandbox/linux-sandbox/3568/execroot/_main/score/mw/com/impl/bindings/lola/service_discovery/lola_service_instance_identifier.cpp:68:17: warning: no header providing "result" is directly included [misc-include-cleaner]
   68 |     std::size_t result{static_cast<std::size_t>(identifier.GetServiceId()) << 32U};
      |                 ^
/home/runner/.bazel/sandbox/linux-sandbox/3568/execroot/_main/score/mw/com/impl/bindings/lola/service_discovery/lola_service_instance_identifier.cpp:68:49: warning: no header providing "identifier" is directly included [misc-include-cleaner]
   68 |     std::size_t result{static_cast<std::size_t>(identifier.GetServiceId()) << 32U};
      |                                                 ^
/home/runner/.bazel/sandbox/linux-sandbox/3568/execroot/_main/score/mw/com/impl/bindings/lola/service_discovery/lola_service_instance_identifier.cpp:68:79: warning: 32U is a magic number; consider replacing it with a named constant [readability-magic-numbers]
   68 |     std::size_t result{static_cast<std::size_t>(identifier.GetServiceId()) << 32U};
      |                                                                               ^
/home/runner/.bazel/sandbox/linux-sandbox/3568/execroot/_main/score/mw/com/impl/bindings/lola/service_discovery/lola_service_instance_identifier.cpp:71:83: warning: 16U is a magic number; consider replacing it with a named constant [readability-magic-numbers]
   71 |         result += static_cast<std::size_t>(identifier.GetInstanceId().value()) << 16U;
      |                                                                                   ^
Suppressed 12628 warnings (12535 in non-user code, 87 NOLINT, 6 with check filters).
Use -header-filter=.* to display errors from all non-system headers. Use -system-headers to display errors from system headers as well.
