20965 warnings generated.
/home/runner/.bazel/sandbox/linux-sandbox/4798/execroot/_main/score/mw/com/test/service_discovery_offer_and_search/service.cpp:14:1: warning: included header interruptible_future.h is not used directly [misc-include-cleaner]
   14 | #include "score/concurrency/future/interruptible_future.h"
      | ^~~~~~~~~~~~~~~~~~~~~~~~~~~~~~~~~~~~~~~~~~~~~~~~~~~~~~~~~~
   15 | #include "score/concurrency/future/interruptible_promise.h"
/home/runner/.bazel/sandbox/linux-sandbox/4798/execroot/_main/score/mw/com/test/service_discovery_offer_and_search/service.cpp:15:1: warning: included header interruptible_promise.h is not used directly [misc-include-cleaner]
   15 | #include "score/concurrency/future/interruptible_promise.h"
      | ^~~~~~~~~~~~~~~~~~~~~~~~~~~~~~~~~~~~~~~~~~~~~~~~~~~~~~~~~~~
   16 | #include "score/mw/com/test/common_test_resources/common_service.h"
/home/runner/.bazel/sandbox/linux-sandbox/4798/execroot/_main/score/mw/com/test/service_discovery_offer_and_search/service.cpp:23:1: warning: included header result.h is not used directly [misc-include-cleaner]
   23 | #include "score/result/result.h"
      | ^~~~~~~~~~~~~~~~~~~~~~~~~~~~~~~~
   24 | 
/home/runner/.bazel/sandbox/linux-sandbox/4798/execroot/_main/score/mw/com/test/service_discovery_offer_and_search/service.cpp:28:1: warning: included header fstream is not used directly [misc-include-cleaner]
   28 | #include <fstream>
      | ^~~~~~~~~~~~~~~~~~
   29 | #include <iostream>
/home/runner/.bazel/sandbox/linux-sandbox/4798/execroot/_main/score/mw/com/test/service_discovery_offer_and_search/service.cpp:31:1: warning: included header utility is not used directly [misc-include-cleaner]
   31 | #include <utility>
      | ^~~~~~~~~~~~~~~~~~
   32 | 
/home/runner/.bazel/sandbox/linux-sandbox/4798/execroot/_main/score/mw/com/test/service_discovery_offer_and_search/service.cpp:38:5: warning: function 'run_service' can be made static or moved into an anonymous namespace to enforce internal linkage [misc-use-internal-linkage]
   38 | int run_service(const std::chrono::milliseconds& cycle_time, const score::cpp::stop_token& stop_token)
      |     ^
      | static 
/home/runner/.bazel/sandbox/linux-sandbox/4798/execroot/_main/score/mw/com/test/service_discovery_offer_and_search/service.cpp:85:16: warning: no header providing "std::vector" is directly included [misc-include-cleaner]
   32 |     const std::vector<Parameters> allowed_parameters{Parameters::CYCLE_TIME};
      |                ^
Suppressed 21143 warnings (20950 in non-user code, 185 NOLINT, 8 with check filters).
Use -header-filter=.* to display errors from all non-system headers. Use -system-headers to display errors from system headers as well.
