11450 warnings generated.
./score/mw/com/impl/configuration/configuration_common_resources.h:46:40: warning: use c++17 style variable templates [modernize-type-traits]
   46 |           typename = std::enable_if_t<!std::is_arithmetic<T>::value>,
      |                                        ^                    ~~~~~~~
      |                                                          _v
./score/mw/com/impl/configuration/configuration_common_resources.h:47:40: warning: use c++17 style variable templates [modernize-type-traits]
   47 |           typename = std::enable_if_t<!std::is_same<T, std::string_view>::value, bool>>
      |                                        ^                                ~~~~~~~
      |                                                    _v
./score/mw/com/impl/configuration/configuration_common_resources.h:63:51: warning: use c++17 style variable templates [modernize-type-traits]
   63 | template <typename T, typename = std::enable_if_t<std::is_arithmetic<T>::value, bool>>
      |                                                   ^                    ~~~~~~~
      |                                                                     _v
./score/mw/com/impl/configuration/configuration_common_resources.h:79:51: warning: use c++17 style variable templates [modernize-type-traits]
   79 | template <typename T, typename = std::enable_if_t<std::is_same<T, std::string_view>::value, bool>>
      |                                                   ^                                ~~~~~~~
      |                                                               _v
./score/mw/com/impl/configuration/configuration_common_resources.h:154:20: warning: use c++14 style type templates [modernize-type-traits]
  154 |           typename std::enable_if<VariantIndex == std::variant_size<VariantType>::value>::type* = nullptr>
      |           ~~~~~~~~ ^                                                                    ~~~~~~
      |                                  _t
./score/mw/com/impl/configuration/configuration_common_resources.h:164:20: warning: use c++14 style type templates [modernize-type-traits]
  164 |           typename std::enable_if<VariantIndex<std::variant_size<VariantType>::value>::type* = nullptr> auto
      |           ~~~~~~~~ ^                                                                 ~~~~~~
      |                                  _t
./score/mw/com/impl/configuration/configuration_common_resources.h:176:5: warning: do not use 'else' after 'return' [readability-else-after-return]
  176 |     else
      |     ^~~~
  177 |     {
      |     ~
  178 |         return DeserializeVariant<VariantIndex + 1, VariantType>(json_object, variant_index, json_variant_key);
      |         ~~~~~~~~~~~~~~~~~~~~~~~~~~~~~~~~~~~~~~~~~~~~~~~~~~~~~~~~~~~~~~~~~~~~~~~~~~~~~~~~~~~~~~~~~~~~~~~~~~~~~~~
  179 |     }
      |     ~
./score/mw/com/impl/configuration/lola_service_instance_id.h:37:5: warning: function 'Serialize' should be marked [[nodiscard]] [modernize-use-nodiscard]
   37 |     score::json::Object Serialize() const noexcept;
      |     ^
      |     [[nodiscard]] 
./score/mw/com/impl/configuration/lola_service_instance_id.h:38:5: warning: function 'ToHashString' should be marked [[nodiscard]] [modernize-use-nodiscard]
   38 |     std::string_view ToHashString() const noexcept;
      |     ^
      |     [[nodiscard]] 
./score/mw/com/impl/configuration/lola_service_instance_id.h:49:5: warning: function 'GetId' should be marked [[nodiscard]] [modernize-use-nodiscard]
   49 |     InstanceId GetId() const
      |     ^
      |     [[nodiscard]] 
./score/mw/com/impl/configuration/service_instance_id.h:39:5: warning: function 'Serialize' should be marked [[nodiscard]] [modernize-use-nodiscard]
   39 |     score::json::Object Serialize() const noexcept;
      |     ^
      |     [[nodiscard]] 
./score/mw/com/impl/configuration/service_instance_id.h:40:5: warning: function 'ToHashString' should be marked [[nodiscard]] [modernize-use-nodiscard]
   40 |     std::string_view ToHashString() const noexcept;
      |     ^
      |     [[nodiscard]] 
./score/mw/com/impl/configuration/someip_service_instance_id.h:37:5: warning: function 'Serialize' should be marked [[nodiscard]] [modernize-use-nodiscard]
   37 |     score::json::Object Serialize() const noexcept;
      |     ^
      |     [[nodiscard]] 
./score/mw/com/impl/configuration/someip_service_instance_id.h:38:5: warning: function 'ToHashString' should be marked [[nodiscard]] [modernize-use-nodiscard]
   38 |     std::string_view ToHashString() const noexcept;
      |     ^
      |     [[nodiscard]] 
./score/mw/com/impl/configuration/someip_service_instance_id.h:40:5: warning: function 'GetId' should be marked [[nodiscard]] [modernize-use-nodiscard]
   40 |     InstanceId GetId() const noexcept;
      |     ^
      |     [[nodiscard]] 
/home/runner/.bazel/sandbox/linux-sandbox/1464/execroot/_main/score/mw/com/impl/configuration/service_instance_id.cpp:17:1: warning: included header json_parser.h is not used directly [misc-include-cleaner]
   17 | #include "score/json/json_parser.h"
      | ^~~~~~~~~~~~~~~~~~~~~~~~~~~~~~~~~~~
   18 | 
/home/runner/.bazel/sandbox/linux-sandbox/1464/execroot/_main/score/mw/com/impl/configuration/service_instance_id.cpp:22:1: warning: included header limits is not used directly [misc-include-cleaner]
   22 | #include <limits>
      | ^~~~~~~~~~~~~~~~~
   23 | #include <sstream>
/home/runner/.bazel/sandbox/linux-sandbox/1464/execroot/_main/score/mw/com/impl/configuration/service_instance_id.cpp:37:81: warning: no header providing "score::json::Object" is directly included [misc-include-cleaner]
   15 | ServiceInstanceId::BindingInformation GetBindingInfoFromJson(const score::json::Object& json_object) noexcept
      |                                                                                 ^
/home/runner/.bazel/sandbox/linux-sandbox/1464/execroot/_main/score/mw/com/impl/configuration/service_instance_id.cpp:39:54: warning: no header providing "std::ptrdiff_t" is directly included [misc-include-cleaner]
   19 |     const auto variant_index = GetValueFromJson<std::ptrdiff_t>(json_object, kBindingInfoIndexKeySerInstID);
      |                                                      ^
/home/runner/.bazel/sandbox/linux-sandbox/1464/execroot/_main/score/mw/com/impl/configuration/service_instance_id.cpp:63:6: warning: no header providing "std::string" is directly included [misc-include-cleaner]
   24 | std::string ToHashStringImpl(const ServiceInstanceId::BindingInformation& binding_info) noexcept
      |      ^
/home/runner/.bazel/sandbox/linux-sandbox/1464/execroot/_main/score/mw/com/impl/configuration/service_instance_id.cpp:68:24: warning: no header providing "std::variant_size" is directly included [misc-include-cleaner]
   24 |     static_assert(std::variant_size<ServiceInstanceId::BindingInformation>::value <= 0xFU,
      |                        ^
/home/runner/.bazel/sandbox/linux-sandbox/1464/execroot/_main/score/mw/com/impl/configuration/service_instance_id.cpp:68:86: warning: 0xFU is a magic number; consider replacing it with a named constant [readability-magic-numbers]
   68 |     static_assert(std::variant_size<ServiceInstanceId::BindingInformation>::value <= 0xFU,
      |                                                                                      ^
/home/runner/.bazel/sandbox/linux-sandbox/1464/execroot/_main/score/mw/com/impl/configuration/service_instance_id.cpp:82:41: warning: no header providing "std::hex" is directly included [misc-include-cleaner]
   19 |     binding_index_string_stream << std::hex << binding_info_index;
      |                                         ^
/home/runner/.bazel/sandbox/linux-sandbox/1464/execroot/_main/score/mw/com/impl/configuration/service_instance_id.cpp:85:18: warning: no header providing "score::mw::com::impl::LolaServiceInstanceId" is directly included [misc-include-cleaner]
   18 |         [](const LolaServiceInstanceId& instance_id) noexcept -> std::string_view {
      |                  ^
/home/runner/.bazel/sandbox/linux-sandbox/1464/execroot/_main/score/mw/com/impl/configuration/service_instance_id.cpp:88:18: warning: no header providing "score::mw::com::impl::SomeIpServiceInstanceId" is directly included [misc-include-cleaner]
   18 |         [](const SomeIpServiceInstanceId& instance_id) noexcept -> std::string_view {
      |                  ^
/home/runner/.bazel/sandbox/linux-sandbox/1464/execroot/_main/score/mw/com/impl/configuration/service_instance_id.cpp:91:30: warning: no header providing "score::cpp::blank" is directly included [misc-include-cleaner]
   19 |         [](const score::cpp::blank&) noexcept -> std::string_view {
      |                              ^
/home/runner/.bazel/sandbox/linux-sandbox/1464/execroot/_main/score/mw/com/impl/configuration/service_instance_id.cpp:94:60: warning: no header providing "std::visit" is directly included [misc-include-cleaner]
   94 |     const auto binding_instance_id_hash_string_view = std::visit(visitor, binding_info);
      |                                                            ^
/home/runner/.bazel/sandbox/linux-sandbox/1464/execroot/_main/score/mw/com/impl/configuration/service_instance_id.cpp:108:26: warning: no header providing "std::move" is directly included [misc-include-cleaner]
   24 |     : binding_info_{std::move(binding_info)}, hash_string_{ToHashStringImpl(binding_info_)}
      |                          ^
/home/runner/.bazel/sandbox/linux-sandbox/1464/execroot/_main/score/mw/com/impl/configuration/service_instance_id.cpp:119:62: warning: no header providing "std::uint32_t" is directly included [misc-include-cleaner]
   19 |     const auto serialization_version = GetValueFromJson<std::uint32_t>(json_object, kSerializationVersionKeySerInstID);
      |                                                              ^
/home/runner/.bazel/sandbox/linux-sandbox/1464/execroot/_main/score/mw/com/impl/configuration/service_instance_id.cpp:142:10: warning: no header providing "std::visit" is directly included [misc-include-cleaner]
  142 |     std::visit(visitor, binding_info_);
      |          ^
/home/runner/.bazel/sandbox/linux-sandbox/1464/execroot/_main/score/mw/com/impl/configuration/service_instance_id.cpp:157:47: warning: no header providing "std::get_if" is directly included [misc-include-cleaner]
  157 |             const auto* const rhs_lola = std::get_if<LolaServiceInstanceId>(&rhs.binding_info_);
      |                                               ^
/home/runner/.bazel/sandbox/linux-sandbox/1464/execroot/_main/score/mw/com/impl/configuration/service_instance_id.cpp:165:49: warning: no header providing "std::get_if" is directly included [misc-include-cleaner]
  165 |             const auto* const rhs_someip = std::get_if<SomeIpServiceInstanceId>(&rhs.binding_info_);
      |                                                 ^
/home/runner/.bazel/sandbox/linux-sandbox/1464/execroot/_main/score/mw/com/impl/configuration/service_instance_id.cpp:175:17: warning: no header providing "std::visit" is directly included [misc-include-cleaner]
  175 |     return std::visit(visitor, lhs.binding_info_);
      |                 ^
/home/runner/.bazel/sandbox/linux-sandbox/1464/execroot/_main/score/mw/com/impl/configuration/service_instance_id.cpp:204:17: warning: no header providing "std::visit" is directly included [misc-include-cleaner]
  204 |     return std::visit(visitor, lhs.binding_info_);
      |                 ^
Suppressed 11492 warnings (11410 in non-user code, 76 NOLINT, 6 with check filters).
Use -header-filter=.* to display errors from all non-system headers. Use -system-headers to display errors from system headers as well.
