17672 warnings generated.
./score/mw/com/test/service_discovery_during_consumer_crash/consumer.h:30:58: warning: 501 is a magic number; consider replacing it with a named constant [readability-magic-numbers]
   30 |     std::uniform_int_distribution<std::uint32_t> dist(0, 501);
      |                                                          ^
/home/runner/.bazel/sandbox/linux-sandbox/4641/execroot/_main/score/mw/com/test/service_discovery_during_consumer_crash/service_discovery_during_consumer_crash_application.cpp:25:1: warning: included header program_options.hpp is not used directly [misc-include-cleaner]
   25 | #include <boost/program_options.hpp>
      | ^~~~~~~~~~~~~~~~~~~~~~~~~~~~~~~~~~~~
   26 | #include <chrono>
/home/runner/.bazel/sandbox/linux-sandbox/4641/execroot/_main/score/mw/com/test/service_discovery_during_consumer_crash/service_discovery_during_consumer_crash_application.cpp:30:1: warning: included header random is not used directly [misc-include-cleaner]
   30 | #include <random>
      | ^~~~~~~~~~~~~~~~~
   31 | #include <string>
/home/runner/.bazel/sandbox/linux-sandbox/4641/execroot/_main/score/mw/com/test/service_discovery_during_consumer_crash/service_discovery_during_consumer_crash_application.cpp:59:9: warning: no header providing "boost::program_options::options_description" is directly included [misc-include-cleaner]
   22 |     po::options_description options;
      |         ^
/home/runner/.bazel/sandbox/linux-sandbox/4641/execroot/_main/score/mw/com/test/service_discovery_during_consumer_crash/service_discovery_during_consumer_crash_application.cpp:66:43: warning: no header providing "boost::program_options::value" is directly included [misc-include-cleaner]
   22 |         ("service_instance_manifest", po::value<std::string>(&service_instance_manifest)->default_value(""), "Path to the com configuration file")
      |                                           ^
/home/runner/.bazel/sandbox/linux-sandbox/4641/execroot/_main/score/mw/com/test/service_discovery_during_consumer_crash/service_discovery_during_consumer_crash_application.cpp:67:30: warning: no header providing "boost::program_options::value" is directly included [misc-include-cleaner]
   67 |         ("iterations,t", po::value<std::size_t>(&test_parameters.number_test_iterations), "Number of cycles (provider restarts) to be done");
      |                              ^
/home/runner/.bazel/sandbox/linux-sandbox/4641/execroot/_main/score/mw/com/test/service_discovery_during_consumer_crash/service_discovery_during_consumer_crash_application.cpp:69:9: warning: no header providing "boost::program_options::variables_map" is directly included [misc-include-cleaner]
   22 |     po::variables_map args;
      |         ^
/home/runner/.bazel/sandbox/linux-sandbox/4641/execroot/_main/score/mw/com/test/service_discovery_during_consumer_crash/service_discovery_during_consumer_crash_application.cpp:73:44: warning: no header providing "boost::program_options::command_line_style::unix_style" is directly included [misc-include-cleaner]
   22 |             .style(po::command_line_style::unix_style | po::command_line_style::allow_long_disguise)
      |                                            ^
/home/runner/.bazel/sandbox/linux-sandbox/4641/execroot/_main/score/mw/com/test/service_discovery_during_consumer_crash/service_discovery_during_consumer_crash_application.cpp:73:81: warning: no header providing "boost::program_options::command_line_style::allow_long_disguise" is directly included [misc-include-cleaner]
   73 |             .style(po::command_line_style::unix_style | po::command_line_style::allow_long_disguise)
      |                                                                                 ^
/home/runner/.bazel/sandbox/linux-sandbox/4641/execroot/_main/score/mw/com/test/service_discovery_during_consumer_crash/service_discovery_during_consumer_crash_application.cpp:75:9: warning: no header providing "boost::program_options::store" is directly included [misc-include-cleaner]
   75 |     po::store(parsed_args, args);
      |         ^
/home/runner/.bazel/sandbox/linux-sandbox/4641/execroot/_main/score/mw/com/test/service_discovery_during_consumer_crash/service_discovery_during_consumer_crash_application.cpp:83:9: warning: no header providing "boost::program_options::notify" is directly included [misc-include-cleaner]
   83 |     po::notify(args);
      |         ^
/home/runner/.bazel/sandbox/linux-sandbox/4641/execroot/_main/score/mw/com/test/service_discovery_during_consumer_crash/service_discovery_during_consumer_crash_application.cpp:159:27: warning: no header providing "score::mw::com::test::TimeoutSupervisor" is directly included [misc-include-cleaner]
   19 |     score::mw::com::test::TimeoutSupervisor timeout_supervisor{};
      |                           ^
/home/runner/.bazel/sandbox/linux-sandbox/4641/execroot/_main/score/mw/com/test/service_discovery_during_consumer_crash/service_discovery_during_consumer_crash_application.cpp:197:23: warning: no header providing "std::this_thread::sleep_for" is directly included [misc-include-cleaner]
   33 |     std::this_thread::sleep_for(random_time);
      |                       ^
/home/runner/.bazel/sandbox/linux-sandbox/4641/execroot/_main/score/mw/com/test/service_discovery_during_consumer_crash/service_discovery_during_consumer_crash_application.cpp:280:17: warning: no header providing "score::cpp::set_assertion_handler" is directly included [misc-include-cleaner]
   22 |     score::cpp::set_assertion_handler(&score::mw::com::test::assertion_stdout_handler);
      |                 ^
Suppressed 17711 warnings (17655 in non-user code, 53 NOLINT, 3 with check filters).
Use -header-filter=.* to display errors from all non-system headers. Use -system-headers to display errors from system headers as well.
