8480 warnings generated.
./score/mw/com/performance_benchmarks/common_test_resources/shared_memory_object_creator.h:124:44: warning: use nullptr [hicpp-use-nullptr,modernize-use-nullptr]
  124 |         ::score::os::Mman::instance().mmap(NULL,
      |                                            ^~~~
      |                                            nullptr
./score/mw/com/performance_benchmarks/common_test_resources/shared_memory_object_creator.h:169:44: warning: use nullptr [hicpp-use-nullptr,modernize-use-nullptr]
  169 |         ::score::os::Mman::instance().mmap(NULL,
      |                                            ^~~~
      |                                            nullptr
./score/mw/com/performance_benchmarks/common_test_resources/shared_memory_object_creator.h:213:5: warning: do not use 'else' after 'return' [readability-else-after-return]
  213 |     else
      |     ^~~~
  214 |     {
      |     ~
  215 |         std::stringstream ss{};
      |         ~~~~~~~~~~~~~~~~~~~~~~~
  216 |         ss << "SharedMemoryObjectCreator: Unexpected error while opening object with SharedMemoryObjectCreator at path"
      |         ~~~~~~~~~~~~~~~~~~~~~~~~~~~~~~~~~~~~~~~~~~~~~~~~~~~~~~~~~~~~~~~~~~~~~~~~~~~~~~~~~~~~~~~~~~~~~~~~~~~~~~~~~~~~~~~
  217 |            << shared_memory_file_name << "with errno" << open_object_result.error();
      |            ~~~~~~~~~~~~~~~~~~~~~~~~~~~~~~~~~~~~~~~~~~~~~~~~~~~~~~~~~~~~~~~~~~~~~~~~~
  218 |         std::cerr << ss.str() << std::endl;
      |         ~~~~~~~~~~~~~~~~~~~~~~~~~~~~~~~~~~~
  219 |         std::terminate();
      |         ~~~~~~~~~~~~~~~~~
  220 |     }
      |     ~
Suppressed 8503 warnings (8472 in non-user code, 28 NOLINT, 3 with check filters).
Use -header-filter=.* to display errors from all non-system headers. Use -system-headers to display errors from system headers as well.
