18332 warnings generated.
./score/mw/com/impl/bindings/lola/consumer_event_data_control_local_view.h:57:5: warning: single-argument constructors must be marked explicit to avoid unintentional implicit conversions [google-explicit-constructor]
   57 |     ConsumerEventDataControlLocalView(EventDataControl& event_data_control_shared) noexcept;
      |     ^
      |     explicit 
./score/mw/com/impl/bindings/lola/consumer_event_data_control_local_view.h:107:5: warning: function 'GetNumNewEvents' should be marked [[nodiscard]] [modernize-use-nodiscard]
  107 |     std::size_t GetNumNewEvents(const EventSlotStatus::EventTimeStamp reference_time) const noexcept;
      |     ^
      |     [[nodiscard]] 
./score/mw/com/impl/bindings/lola/consumer_event_data_control_local_view.h:128:5: warning: function 'GetMaxSampleSlots' should be marked [[nodiscard]] [modernize-use-nodiscard]
  128 |     std::size_t GetMaxSampleSlots() const noexcept
      |     ^
      |     [[nodiscard]] 
./score/mw/com/impl/bindings/lola/element_fq_id.h:77:5: warning: function 'ToString' should be marked [[nodiscard]] [modernize-use-nodiscard]
   77 |     std::string ToString() const noexcept;
      |     ^
      |     [[nodiscard]] 
./score/mw/com/impl/bindings/lola/element_fq_id.h:92:15: warning: use c++17 style variable templates [modernize-type-traits]
   92 | static_assert(std::is_trivially_copyable<ElementFqId>::value,
      |               ^                                      ~~~~~~~
      |                                         _v
./score/mw/com/impl/bindings/lola/element_fq_id.h:130:101: warning: 32U is a magic number; consider replacing it with a named constant [readability-magic-numbers]
  130 |         return std::hash<std::uint64_t>{}((static_cast<std::uint64_t>(element_fq_id.service_id_) << 32U) |
      |                                                                                                     ^
./score/mw/com/impl/bindings/lola/element_fq_id.h:131:101: warning: 16U is a magic number; consider replacing it with a named constant [readability-magic-numbers]
  131 |                                           (static_cast<std::uint64_t>(element_fq_id.element_id_) << 16U) |
      |                                                                                                     ^
./score/mw/com/impl/bindings/lola/event_data_control_composite.h:48:12: warning: constructor does not initialize these fields: qm_misbehaved [cppcoreguidelines-pro-type-member-init]
   48 |     struct AllocationResult
      |            ^
   49 |     {
   50 |         // \brief the index of the slot reserved for writing (potentially in QM and ASIL-B control section) if a slot
   51 |         // could be found. Otherwise, an empty optional.
   52 |         std::optional<SlotIndexType> allocated_slot_index;
   53 | 
   54 |         // \brief A flag indicating whether QM consumers should be ignored due to misbehaviour. In this case, QM
   55 |         // consumers have been disconnected and therefore the QM related slots are ignored.
   56 |         bool qm_misbehaved;
      |                           
      |                           {}
./score/mw/com/impl/bindings/lola/event_data_control_composite.h:95:5: warning: function 'IsQmControlDisconnected' should be marked [[nodiscard]] [modernize-use-nodiscard]
   95 |     bool IsQmControlDisconnected() const noexcept;
      |     ^
      |     [[nodiscard]] 
./score/mw/com/impl/bindings/lola/event_data_control_composite.h:98:5: warning: function 'GetQmEventDataControlLocal' should be marked [[nodiscard]] [modernize-use-nodiscard]
   98 |     ProviderEventDataControlLocalView<AtomicIndirectorType>& GetQmEventDataControlLocal() const noexcept;
      |     ^
      |     [[nodiscard]] 
./score/mw/com/impl/bindings/lola/event_data_control_composite.h:105:5: warning: function 'GetEventSlotTimestamp' should be marked [[nodiscard]] [modernize-use-nodiscard]
  105 |     EventSlotStatus::EventTimeStamp GetEventSlotTimestamp(const SlotIndexType slot_index) const noexcept;
      |     ^
      |     [[nodiscard]] 
./score/mw/com/impl/bindings/lola/event_data_control_composite.h:115:5: warning: function 'GetLatestTimestamp' should be marked [[nodiscard]] [modernize-use-nodiscard]
  115 |     EventSlotStatus::EventTimeStamp GetLatestTimestamp() const noexcept;
      |     ^
      |     [[nodiscard]] 
./score/mw/com/impl/bindings/lola/event_data_control_composite.h:128:5: warning: function 'GetNextFreeMultiSlot' should be marked [[nodiscard]] [modernize-use-nodiscard]
  128 |     std::optional<typename ProviderEventDataControlLocalView<AtomicIndirectorType>::SlotInfo> GetNextFreeMultiSlot()
      |     ^
      |     [[nodiscard]] 
./score/mw/com/impl/bindings/lola/event_meta_info.h:30:57: warning: the const qualified parameter 'event_slots_raw_array' is copied for each invocation; consider making it a reference [performance-unnecessary-value-param]
   30 |                   const memory::shared::OffsetPtr<void> event_slots_raw_array)
      |                                                         ^
      |                                                        &
./score/mw/com/impl/bindings/lola/event_slot_status.h:61:5: warning: function 'IsInvalid' should be marked [[nodiscard]] [modernize-use-nodiscard]
   61 |     bool IsInvalid() const noexcept;
      |     ^
      |     [[nodiscard]] 
./score/mw/com/impl/bindings/lola/event_slot_status.h:62:5: warning: function 'IsInWriting' should be marked [[nodiscard]] [modernize-use-nodiscard]
   62 |     bool IsInWriting() const noexcept;
      |     ^
      |     [[nodiscard]] 
./score/mw/com/impl/bindings/lola/event_slot_status.h:67:5: warning: function 'GetReferenceCount' should be marked [[nodiscard]] [modernize-use-nodiscard]
   67 |     SubscriberCount GetReferenceCount() const noexcept;
      |     ^
      |     [[nodiscard]] 
./score/mw/com/impl/bindings/lola/event_slot_status.h:68:5: warning: function 'GetTimeStamp' should be marked [[nodiscard]] [modernize-use-nodiscard]
   68 |     EventTimeStamp GetTimeStamp() const noexcept;
      |     ^
      |     [[nodiscard]] 
./score/mw/com/impl/bindings/lola/event_slot_status.h:76:5: warning: function 'IsUsed' should be marked [[nodiscard]] [modernize-use-nodiscard]
   76 |     bool IsUsed() const noexcept;
      |     ^
      |     [[nodiscard]] 
./score/mw/com/impl/bindings/lola/event_slot_status.h:83:5: warning: function 'IsTimeStampBetween' should be marked [[nodiscard]] [modernize-use-nodiscard]
   83 |     bool IsTimeStampBetween(const EventTimeStamp min_timestamp, const EventTimeStamp max_timestamp) const noexcept;
      |     ^
      |     [[nodiscard]] 
./score/mw/com/impl/bindings/lola/i_partial_restart_path_builder.h:32:5: warning: function 'GetServiceInstanceExistenceMarkerFilePath' should be marked [[nodiscard]] [modernize-use-nodiscard]
   32 |     virtual std::string GetServiceInstanceExistenceMarkerFilePath(
      |     ^
      |     [[nodiscard]] 
./score/mw/com/impl/bindings/lola/i_partial_restart_path_builder.h:36:5: warning: function 'GetServiceInstanceUsageMarkerFilePath' should be marked [[nodiscard]] [modernize-use-nodiscard]
   36 |     virtual std::string GetServiceInstanceUsageMarkerFilePath(
      |     ^
      |     [[nodiscard]] 
./score/mw/com/impl/bindings/lola/i_partial_restart_path_builder.h:40:5: warning: function 'GetLolaPartialRestartDirectoryPath' should be marked [[nodiscard]] [modernize-use-nodiscard]
   40 |     virtual std::string GetLolaPartialRestartDirectoryPath() const noexcept = 0;
      |     ^
      |     [[nodiscard]] 
./score/mw/com/impl/bindings/lola/i_runtime.h:40:5: warning: function 'HasAsilBSupport' should be marked [[nodiscard]] [modernize-use-nodiscard]
   40 |     virtual bool HasAsilBSupport() const noexcept = 0;
      |     ^
      |     [[nodiscard]] 
./score/mw/com/impl/bindings/lola/i_runtime.h:43:5: warning: function 'GetShmSizeCalculationMode' should be marked [[nodiscard]] [modernize-use-nodiscard]
   43 |     virtual ShmSizeCalculationMode GetShmSizeCalculationMode() const noexcept = 0;
      |     ^
      |     [[nodiscard]] 
./score/mw/com/impl/bindings/lola/i_runtime.h:48:5: warning: function 'GetPid' should be marked [[nodiscard]] [modernize-use-nodiscard]
   48 |     virtual pid_t GetPid() const noexcept = 0;
      |     ^
      |     [[nodiscard]] 
./score/mw/com/impl/bindings/lola/i_runtime.h:51:5: warning: function 'GetApplicationId' should be marked [[nodiscard]] [modernize-use-nodiscard]
   51 |     virtual GlobalConfiguration::ApplicationId GetApplicationId() const noexcept = 0;
      |     ^
      |     [[nodiscard]] 
./score/mw/com/impl/bindings/lola/i_shm_path_builder.h:51:5: warning: function 'GetDataChannelShmName' should be marked [[nodiscard]] [modernize-use-nodiscard]
   51 |     virtual std::string GetDataChannelShmName(const LolaServiceInstanceId::InstanceId instance_id) const noexcept = 0;
      |     ^
      |     [[nodiscard]] 
./score/mw/com/impl/bindings/lola/i_shm_path_builder.h:57:5: warning: function 'GetControlChannelShmName' should be marked [[nodiscard]] [modernize-use-nodiscard]
   57 |     virtual std::string GetControlChannelShmName(const LolaServiceInstanceId::InstanceId instance_id,
      |     ^
      |     [[nodiscard]] 
./score/mw/com/impl/bindings/lola/i_shm_path_builder.h:67:5: warning: function 'GetMethodChannelShmName' should be marked [[nodiscard]] [modernize-use-nodiscard]
   67 |     virtual std::string GetMethodChannelShmName(
      |     ^
      |     [[nodiscard]] 
./score/mw/com/impl/bindings/lola/methods/method_resource_map.h:67:5: warning: function 'Contains' should be marked [[nodiscard]] [modernize-use-nodiscard]
   67 |     bool Contains(const ProxyInstanceIdentifier proxy_instance_identifier, const pid_t proxy_pid) const;
      |     ^
      |     [[nodiscard]] 
./score/mw/com/impl/bindings/lola/methods/type_erased_call_queue.h:52:5: warning: function 'GetInArgValuesQueueStorage' should be marked [[nodiscard]] [modernize-use-nodiscard]
   52 |     std::optional<score::cpp::span<std::byte>> GetInArgValuesQueueStorage() const;
      |     ^
      |     [[nodiscard]] 
./score/mw/com/impl/bindings/lola/methods/type_erased_call_queue.h:54:5: warning: function 'GetReturnValueQueueStorage' should be marked [[nodiscard]] [modernize-use-nodiscard]
   54 |     std::optional<score::cpp::span<std::byte>> GetReturnValueQueueStorage() const;
      |     ^
      |     [[nodiscard]] 
./score/mw/com/impl/bindings/lola/methods/type_erased_call_queue.h:56:5: warning: function 'GetTypeErasedElementInfo' should be marked [[nodiscard]] [modernize-use-nodiscard]
   56 |     auto GetTypeErasedElementInfo() const -> const TypeErasedElementInfo&;
      |     ^
      |     [[nodiscard]] 
./score/mw/com/impl/bindings/lola/methods/type_erased_call_queue.h:68:5: warning: function 'AllocateQueue' should be marked [[nodiscard]] [modernize-use-nodiscard]
   68 |     std::pair<InArgQueueSpan, ReturnQueueSpan> AllocateQueue() const;
      |     ^
      |     [[nodiscard]] 
./score/mw/com/impl/bindings/lola/provider_event_data_control_local_view.h:62:5: warning: single-argument constructors must be marked explicit to avoid unintentional implicit conversions [google-explicit-constructor]
   62 |     ProviderEventDataControlLocalView(EventDataControl& event_data_control) noexcept;
      |     ^
      |     explicit 
./score/mw/com/impl/bindings/lola/provider_event_data_control_local_view.h:111:5: warning: function 'FindOldestUnusedSlot' should be marked [[nodiscard]] [modernize-use-nodiscard]
  111 |     std::optional<ProviderEventDataControlLocalView::SlotInfo> FindOldestUnusedSlot() const noexcept;
      |     ^
      |     [[nodiscard]] 
./score/mw/com/impl/bindings/lola/sample_allocatee_ptr.h:144:14: warning: use c++14 style type templates [modernize-type-traits]
  144 |     typename std::add_lvalue_reference<SampleType>::type operator*() const noexcept
      |     ~~~~~~~~ ^                                    ~~~~~~
      |                                       _t
./score/mw/com/impl/bindings/lola/sample_allocatee_ptr.h:174:5: warning: function 'GetReferencedSlot' should be marked [[nodiscard]] [modernize-use-nodiscard]
  174 |     SlotIndexType GetReferencedSlot() const noexcept
      |     ^
      |     [[nodiscard]] 
./score/mw/com/impl/bindings/lola/sample_allocatee_ptr.h:218:5: warning: function 'GetEventDataControlComposite' should be marked [[nodiscard]] [modernize-use-nodiscard]
  218 |     const std::optional<EventDataControlComposite<>>& GetEventDataControlComposite() const noexcept
      |     ^
      |     [[nodiscard]] 
./score/mw/com/impl/bindings/lola/sample_allocatee_ptr.h:239:5: warning: function 'GetEventDataControlComposite' should be marked [[nodiscard]] [modernize-use-nodiscard]
  239 |     const std::optional<EventDataControlComposite<>>& GetEventDataControlComposite() const noexcept
      |     ^
      |     [[nodiscard]] 
./score/mw/com/impl/bindings/lola/skeleton.h:117:5: warning: function 'GetBindingType' should be marked [[nodiscard]] [modernize-use-nodiscard]
  117 |     BindingType GetBindingType() const noexcept override
      |     ^
      |     [[nodiscard]] 
./score/mw/com/impl/bindings/lola/skeleton.h:148:5: warning: function 'GetInstanceQualityType' should be marked [[nodiscard]] [modernize-use-nodiscard]
  148 |     QualityType GetInstanceQualityType() const;
      |     ^
      |     [[nodiscard]] 
./score/mw/com/impl/bindings/lola/skeleton.h:170:5: warning: function 'VerifyAllMethodsRegistered' should be marked [[nodiscard]] [modernize-use-nodiscard]
  170 |     bool VerifyAllMethodsRegistered() const override;
      |     ^
      |     [[nodiscard]] 
./score/mw/com/impl/bindings/lola/skeleton.h:192:5: warning: function 'GetAllowedConsumers' should be marked [[nodiscard]] [modernize-use-nodiscard]
  192 |     IMessagePassingService::AllowedConsumerUids GetAllowedConsumers(const QualityType asil_level) const;
      |     ^
      |     [[nodiscard]] 
./score/mw/com/impl/bindings/lola/skeleton_event_common.h:264:54: warning: redundant boolean literal supplied to boolean operator [readability-simplify-boolean-expr]
  264 |     if (event_data_control_composite_.has_value() == false)
      |         ~~~~~~~~~~~~~~~~~~~~~~~~~~~~~~~~~~~~~~~~~~~~~^~~~~
      |         !event_data_control_composite_.has_value()
./score/mw/com/impl/bindings/lola/skeleton_method.h:61:5: warning: function 'IsRegistered' should be marked [[nodiscard]] [modernize-use-nodiscard]
   61 |     bool IsRegistered() const;
      |     ^
      |     [[nodiscard]] 
./score/mw/com/impl/bindings/lola/transaction_log_local_view.h:47:5: warning: single-argument constructors must be marked explicit to avoid unintentional implicit conversions [google-explicit-constructor]
   47 |     TransactionLogLocalView(TransactionLog& transaction_log) noexcept;
      |     ^
      |     explicit 
./score/mw/com/impl/bindings/lola/transaction_log_local_view.h:98:5: warning: function 'ContainsTransactions' should be marked [[nodiscard]] [modernize-use-nodiscard]
   98 |     bool ContainsTransactions() const noexcept;
      |     ^
      |     [[nodiscard]] 
./score/mw/com/impl/bindings/lola/transaction_log_slot.h:35:5: warning: function 'GetTransactionBegin' should be marked [[nodiscard]] [modernize-use-nodiscard]
   35 |     bool GetTransactionBegin() const noexcept
      |     ^
      |     [[nodiscard]] 
./score/mw/com/impl/bindings/lola/transaction_log_slot.h:39:5: warning: function 'GetTransactionEnd' should be marked [[nodiscard]] [modernize-use-nodiscard]
   39 |     bool GetTransactionEnd() const noexcept
      |     ^
      |     [[nodiscard]] 
Suppressed 18415 warnings (18268 in non-user code, 139 NOLINT, 8 with check filters).
Use -header-filter=.* to display errors from all non-system headers. Use -system-headers to display errors from system headers as well.
