15139 warnings generated.
./score/mw/com/impl/tracing/configuration/hash_helper_utility.h:24:67: warning: use c++17 style variable templates [modernize-type-traits]
   24 | template <typename InputIt, typename T, typename std::enable_if_t<std::is_unsigned<T>::value>* = nullptr>
      |                                                                   ^                  ~~~~~~~
      |                                                                                   _v
./score/mw/com/impl/tracing/configuration/hash_helper_utility.h:28:9: warning: use c++17 style variable templates [modernize-type-traits]
   28 |         std::is_base_of<std::input_iterator_tag, typename std::iterator_traits<InputIt>::iterator_category>::value,
      |         ^                                                                                                  ~~~~~~~
      |                        _v
./score/mw/com/impl/tracing/configuration/i_tracing_filter_config.h:42:5: warning: function 'IsTracePointEnabled' should be marked [[nodiscard]] [modernize-use-nodiscard]
   42 |     virtual bool IsTracePointEnabled(std::string_view service_type,
      |     ^
      |     [[nodiscard]] 
./score/mw/com/impl/tracing/configuration/i_tracing_filter_config.h:46:5: warning: function 'IsTracePointEnabled' should be marked [[nodiscard]] [modernize-use-nodiscard]
   46 |     virtual bool IsTracePointEnabled(std::string_view service_type,
      |     ^
      |     [[nodiscard]] 
./score/mw/com/impl/tracing/configuration/i_tracing_filter_config.h:50:5: warning: function 'IsTracePointEnabled' should be marked [[nodiscard]] [modernize-use-nodiscard]
   50 |     virtual bool IsTracePointEnabled(std::string_view service_type,
      |     ^
      |     [[nodiscard]] 
./score/mw/com/impl/tracing/configuration/i_tracing_filter_config.h:54:5: warning: function 'IsTracePointEnabled' should be marked [[nodiscard]] [modernize-use-nodiscard]
   54 |     virtual bool IsTracePointEnabled(std::string_view service_type,
      |     ^
      |     [[nodiscard]] 
./score/mw/com/impl/tracing/configuration/tracing_filter_config.h:31:5: warning: function 'IsTracePointEnabled' should be marked [[nodiscard]] [modernize-use-nodiscard]
   31 |     bool IsTracePointEnabled(std::string_view service_type,
      |     ^
      |     [[nodiscard]] 
./score/mw/com/impl/tracing/configuration/tracing_filter_config.h:35:5: warning: function 'IsTracePointEnabled' should be marked [[nodiscard]] [modernize-use-nodiscard]
   35 |     bool IsTracePointEnabled(std::string_view service_type,
      |     ^
      |     [[nodiscard]] 
./score/mw/com/impl/tracing/configuration/tracing_filter_config.h:39:5: warning: function 'IsTracePointEnabled' should be marked [[nodiscard]] [modernize-use-nodiscard]
   39 |     bool IsTracePointEnabled(std::string_view service_type,
      |     ^
      |     [[nodiscard]] 
./score/mw/com/impl/tracing/configuration/tracing_filter_config.h:43:5: warning: function 'IsTracePointEnabled' should be marked [[nodiscard]] [modernize-use-nodiscard]
   43 |     bool IsTracePointEnabled(std::string_view service_type,
      |     ^
      |     [[nodiscard]] 
./score/mw/com/impl/tracing/i_binding_tracing_runtime.h:65:5: warning: function 'GetTraceClientId' should be marked [[nodiscard]] [modernize-use-nodiscard]
   65 |     virtual analysis::tracing::TraceClientId GetTraceClientId() const noexcept = 0;
      |     ^
      |     [[nodiscard]] 
./score/mw/com/impl/tracing/i_binding_tracing_runtime.h:73:5: warning: function 'GetDataLossFlag' should be marked [[nodiscard]] [modernize-use-nodiscard]
   73 |     virtual bool GetDataLossFlag() const noexcept = 0;
      |     ^
      |     [[nodiscard]] 
./score/mw/com/impl/tracing/i_binding_tracing_runtime.h:87:5: warning: function 'GetShmObjectHandle' should be marked [[nodiscard]] [modernize-use-nodiscard]
   87 |     virtual std::optional<analysis::tracing::ShmObjectHandle> GetShmObjectHandle(
      |     ^
      |     [[nodiscard]] 
./score/mw/com/impl/tracing/i_binding_tracing_runtime.h:90:5: warning: function 'GetShmRegionStartAddress' should be marked [[nodiscard]] [modernize-use-nodiscard]
   90 |     virtual std::optional<void*> GetShmRegionStartAddress(
      |     ^
      |     [[nodiscard]] 
./score/mw/com/impl/tracing/i_binding_tracing_runtime.h:98:5: warning: function 'GetCachedFileDescriptorForReregisteringShmObject' should be marked [[nodiscard]] [modernize-use-nodiscard]
   98 |     virtual std::optional<std::pair<memory::shared::ISharedMemoryResource::FileDescriptor, void*>>
      |     ^
      |     [[nodiscard]] 
./score/mw/com/impl/tracing/i_binding_tracing_runtime.h:105:5: warning: function 'ConvertToTracingServiceInstanceElement' should be marked [[nodiscard]] [modernize-use-nodiscard]
  105 |     virtual analysis::tracing::ServiceInstanceElement ConvertToTracingServiceInstanceElement(
      |     ^
      |     [[nodiscard]] 
./score/mw/com/impl/tracing/i_tracing_runtime.h:80:5: warning: function 'GetBindingTracingRuntime' should be marked [[nodiscard]] [modernize-use-nodiscard]
   80 |     virtual IBindingTracingRuntime& GetBindingTracingRuntime(const BindingType binding_type) const noexcept = 0;
      |     ^
      |     [[nodiscard]] 
./score/mw/com/impl/tracing/type_erased_sample_ptr.h:33:34: warning: 128U is a magic number; consider replacing it with a named constant [readability-magic-numbers]
   33 |     score::cpp::callback<void(), 128U> type_erased_sample_ptr_;
      |                                  ^
/home/runner/.bazel/sandbox/linux-sandbox/4049/execroot/_main/score/mw/com/impl/tracing/skeleton_tracing.cpp:22:1: warning: included header tracing_runtime.h is not used directly [misc-include-cleaner]
   22 | #include "score/mw/com/impl/tracing/tracing_runtime.h"
      | ^~~~~~~~~~~~~~~~~~~~~~~~~~~~~~~~~~~~~~~~~~~~~~~~~~~~~~
   23 | 
/home/runner/.bazel/sandbox/linux-sandbox/4049/execroot/_main/score/mw/com/impl/tracing/skeleton_tracing.cpp:32:46: warning: no header providing "score::mw::com::impl::tracing::SkeletonEventTracingData" is directly included [misc-include-cleaner]
   22 | #include "score/mw/com/impl/tracing/tracing_runtime.h"
   23 | 
   24 | #include <map>
   25 | 
   26 | namespace score::mw::com::impl::tracing
   27 | {
   28 | 
   29 | namespace
   30 | {
   31 | 
   32 | bool IsTracingEnabledForInterfaceEvent(const SkeletonEventTracingData& skeleton_event_tracing) noexcept
      |                                              ^
/home/runner/.bazel/sandbox/linux-sandbox/4049/execroot/_main/score/mw/com/impl/tracing/skeleton_tracing.cpp:38:25: warning: no header providing "std::string_view" is directly included [misc-include-cleaner]
   25 | 
   26 | namespace score::mw::com::impl::tracing
   27 | {
   28 | 
   29 | namespace
   30 | {
   31 | 
   32 | bool IsTracingEnabledForInterfaceEvent(const SkeletonEventTracingData& skeleton_event_tracing) noexcept
   33 | {
   34 |     return (skeleton_event_tracing.enable_send || skeleton_event_tracing.enable_send_with_allocate);
   35 | }
   36 | 
   37 | bool IsTracingEnabledForAnyEvent(
   38 |     const std::map<std::string_view, std::reference_wrapper<SkeletonEventBase>>& events) noexcept
      |                         ^
/home/runner/.bazel/sandbox/linux-sandbox/4049/execroot/_main/score/mw/com/impl/tracing/skeleton_tracing.cpp:38:43: warning: no header providing "std::reference_wrapper" is directly included [misc-include-cleaner]
   24 | #include <map>
   25 | 
   26 | namespace score::mw::com::impl::tracing
   27 | {
   28 | 
   29 | namespace
   30 | {
   31 | 
   32 | bool IsTracingEnabledForInterfaceEvent(const SkeletonEventTracingData& skeleton_event_tracing) noexcept
   33 | {
   34 |     return (skeleton_event_tracing.enable_send || skeleton_event_tracing.enable_send_with_allocate);
   35 | }
   36 | 
   37 | bool IsTracingEnabledForAnyEvent(
   38 |     const std::map<std::string_view, std::reference_wrapper<SkeletonEventBase>>& events) noexcept
      |                                           ^
/home/runner/.bazel/sandbox/linux-sandbox/4049/execroot/_main/score/mw/com/impl/tracing/skeleton_tracing.cpp:55:61: warning: no header providing "score::mw::com::impl::SkeletonFieldBase" is directly included [misc-include-cleaner]
   21 |     const std::map<std::string_view, std::reference_wrapper<SkeletonFieldBase>>& fields) noexcept
      |                                                             ^
/home/runner/.bazel/sandbox/linux-sandbox/4049/execroot/_main/score/mw/com/impl/tracing/skeleton_tracing.cpp:60:41: warning: no header providing "score::mw::com::impl::SkeletonFieldBaseView" is directly included [misc-include-cleaner]
   60 |         auto skeleton_field_base_view = SkeletonFieldBaseView(skeleton_field_base);
      |                                         ^
/home/runner/.bazel/sandbox/linux-sandbox/4049/execroot/_main/score/mw/com/impl/tracing/skeleton_tracing.cpp:73:5: warning: no header providing "score::mw::com::impl::tracing::ITracingRuntime" is directly included [misc-include-cleaner]
   22 |     ITracingRuntime* const tracing_runtime,
      |     ^
/home/runner/.bazel/sandbox/linux-sandbox/4049/execroot/_main/score/mw/com/impl/tracing/skeleton_tracing.cpp:93:6: warning: no header providing "std::optional" is directly included [misc-include-cleaner]
   25 | std::optional<SkeletonBinding::RegisterShmObjectTraceCallback> CreateRegisterShmObjectCallback(
      |      ^
/home/runner/.bazel/sandbox/linux-sandbox/4049/execroot/_main/score/mw/com/impl/tracing/skeleton_tracing.cpp:93:15: warning: no header providing "score::mw::com::impl::SkeletonBinding" is directly included [misc-include-cleaner]
   20 | std::optional<SkeletonBinding::RegisterShmObjectTraceCallback> CreateRegisterShmObjectCallback(
      |               ^
/home/runner/.bazel/sandbox/linux-sandbox/4049/execroot/_main/score/mw/com/impl/tracing/skeleton_tracing.cpp:94:11: warning: no header providing "score::mw::com::impl::InstanceIdentifier" is directly included [misc-include-cleaner]
   19 |     const InstanceIdentifier& instance_id,
      |           ^
/home/runner/.bazel/sandbox/linux-sandbox/4049/execroot/_main/score/mw/com/impl/tracing/skeleton_tracing.cpp:105:31: warning: no header providing "score::mw::com::impl::ServiceElementType" is directly included [misc-include-cleaner]
   20 |                               ServiceElementType element_type,
      |                               ^
/home/runner/.bazel/sandbox/linux-sandbox/4049/execroot/_main/score/mw/com/impl/tracing/skeleton_tracing.cpp:106:47: warning: no header providing "score::memory::shared::ISharedMemoryResource" is directly included [misc-include-cleaner]
   19 |                               memory::shared::ISharedMemoryResource::FileDescriptor shm_object_fd,
      |                                               ^
/home/runner/.bazel/sandbox/linux-sandbox/4049/execroot/_main/score/mw/com/impl/tracing/skeleton_tracing.cpp:108:51: warning: no header providing "score::mw::com::impl::InstanceIdentifierView" is directly included [misc-include-cleaner]
  108 |             const auto instance_identifier_view = InstanceIdentifierView(instance_id);
      |                                                   ^
/home/runner/.bazel/sandbox/linux-sandbox/4049/execroot/_main/score/mw/com/impl/tracing/skeleton_tracing.cpp:111:22: warning: no header providing "score::mw::com::impl::tracing::ServiceElementIdentifierView" is directly included [misc-include-cleaner]
   21 |             tracing::ServiceElementIdentifierView service_element_identifier{
      |                      ^
Suppressed 15232 warnings (15099 in non-user code, 125 NOLINT, 8 with check filters).
Use -header-filter=.* to display errors from all non-system headers. Use -system-headers to display errors from system headers as well.
