11114 warnings generated.
./score/mw/com/impl/bindings/lola/consumer_event_data_control_local_view.h:57:5: warning: single-argument constructors must be marked explicit to avoid unintentional implicit conversions [google-explicit-constructor]
   57 |     ConsumerEventDataControlLocalView(EventDataControl& event_data_control_shared) noexcept;
      |     ^
      |     explicit 
./score/mw/com/impl/bindings/lola/consumer_event_data_control_local_view.h:107:5: warning: function 'GetNumNewEvents' should be marked [[nodiscard]] [modernize-use-nodiscard]
  107 |     std::size_t GetNumNewEvents(const EventSlotStatus::EventTimeStamp reference_time) const noexcept;
      |     ^
      |     [[nodiscard]] 
./score/mw/com/impl/bindings/lola/consumer_event_data_control_local_view.h:128:5: warning: function 'GetMaxSampleSlots' should be marked [[nodiscard]] [modernize-use-nodiscard]
  128 |     std::size_t GetMaxSampleSlots() const noexcept
      |     ^
      |     [[nodiscard]] 
./score/mw/com/impl/bindings/lola/element_fq_id.h:77:5: warning: function 'ToString' should be marked [[nodiscard]] [modernize-use-nodiscard]
   77 |     std::string ToString() const noexcept;
      |     ^
      |     [[nodiscard]] 
./score/mw/com/impl/bindings/lola/element_fq_id.h:92:15: warning: use c++17 style variable templates [modernize-type-traits]
   92 | static_assert(std::is_trivially_copyable<ElementFqId>::value,
      |               ^                                      ~~~~~~~
      |                                         _v
./score/mw/com/impl/bindings/lola/element_fq_id.h:130:101: warning: 32U is a magic number; consider replacing it with a named constant [readability-magic-numbers]
  130 |         return std::hash<std::uint64_t>{}((static_cast<std::uint64_t>(element_fq_id.service_id_) << 32U) |
      |                                                                                                     ^
./score/mw/com/impl/bindings/lola/element_fq_id.h:131:101: warning: 16U is a magic number; consider replacing it with a named constant [readability-magic-numbers]
  131 |                                           (static_cast<std::uint64_t>(element_fq_id.element_id_) << 16U) |
      |                                                                                                     ^
./score/mw/com/impl/bindings/lola/event_slot_status.h:61:5: warning: function 'IsInvalid' should be marked [[nodiscard]] [modernize-use-nodiscard]
   61 |     bool IsInvalid() const noexcept;
      |     ^
      |     [[nodiscard]] 
./score/mw/com/impl/bindings/lola/event_slot_status.h:62:5: warning: function 'IsInWriting' should be marked [[nodiscard]] [modernize-use-nodiscard]
   62 |     bool IsInWriting() const noexcept;
      |     ^
      |     [[nodiscard]] 
./score/mw/com/impl/bindings/lola/event_slot_status.h:67:5: warning: function 'GetReferenceCount' should be marked [[nodiscard]] [modernize-use-nodiscard]
   67 |     SubscriberCount GetReferenceCount() const noexcept;
      |     ^
      |     [[nodiscard]] 
./score/mw/com/impl/bindings/lola/event_slot_status.h:68:5: warning: function 'GetTimeStamp' should be marked [[nodiscard]] [modernize-use-nodiscard]
   68 |     EventTimeStamp GetTimeStamp() const noexcept;
      |     ^
      |     [[nodiscard]] 
./score/mw/com/impl/bindings/lola/event_slot_status.h:76:5: warning: function 'IsUsed' should be marked [[nodiscard]] [modernize-use-nodiscard]
   76 |     bool IsUsed() const noexcept;
      |     ^
      |     [[nodiscard]] 
./score/mw/com/impl/bindings/lola/event_slot_status.h:83:5: warning: function 'IsTimeStampBetween' should be marked [[nodiscard]] [modernize-use-nodiscard]
   83 |     bool IsTimeStampBetween(const EventTimeStamp min_timestamp, const EventTimeStamp max_timestamp) const noexcept;
      |     ^
      |     [[nodiscard]] 
./score/mw/com/impl/bindings/lola/provider_event_data_control_local_view.h:62:5: warning: single-argument constructors must be marked explicit to avoid unintentional implicit conversions [google-explicit-constructor]
   62 |     ProviderEventDataControlLocalView(EventDataControl& event_data_control) noexcept;
      |     ^
      |     explicit 
./score/mw/com/impl/bindings/lola/slot_collector.h:62:5: warning: function 'GetNumNewSamplesAvailable' should be marked [[nodiscard]] [modernize-use-nodiscard]
   62 |     std::size_t GetNumNewSamplesAvailable() const noexcept;
      |     ^
      |     [[nodiscard]] 
./score/mw/com/impl/bindings/lola/subscription_state_base.h:51:5: warning: function 'GetMaxSampleCount' should be marked [[nodiscard]] [modernize-use-nodiscard]
   51 |     virtual std::optional<std::uint16_t> GetMaxSampleCount() const noexcept = 0;
      |     ^
      |     [[nodiscard]] 
./score/mw/com/impl/bindings/lola/subscription_state_base.h:53:5: warning: function 'GetSlotCollector' should be marked [[nodiscard]] [modernize-use-nodiscard]
   53 |     virtual const score::cpp::optional<SlotCollector>& GetSlotCollector() const noexcept = 0;
      |     ^
      |     [[nodiscard]] 
./score/mw/com/impl/bindings/lola/transaction_log_local_view.h:47:5: warning: single-argument constructors must be marked explicit to avoid unintentional implicit conversions [google-explicit-constructor]
   47 |     TransactionLogLocalView(TransactionLog& transaction_log) noexcept;
      |     ^
      |     explicit 
./score/mw/com/impl/bindings/lola/transaction_log_local_view.h:98:5: warning: function 'ContainsTransactions' should be marked [[nodiscard]] [modernize-use-nodiscard]
   98 |     bool ContainsTransactions() const noexcept;
      |     ^
      |     [[nodiscard]] 
./score/mw/com/impl/bindings/lola/transaction_log_slot.h:35:5: warning: function 'GetTransactionBegin' should be marked [[nodiscard]] [modernize-use-nodiscard]
   35 |     bool GetTransactionBegin() const noexcept
      |     ^
      |     [[nodiscard]] 
./score/mw/com/impl/bindings/lola/transaction_log_slot.h:39:5: warning: function 'GetTransactionEnd' should be marked [[nodiscard]] [modernize-use-nodiscard]
   39 |     bool GetTransactionEnd() const noexcept
      |     ^
      |     [[nodiscard]] 
Suppressed 11161 warnings (11085 in non-user code, 70 NOLINT, 6 with check filters).
Use -header-filter=.* to display errors from all non-system headers. Use -system-headers to display errors from system headers as well.
