17212 warnings generated.
./score/mw/com/impl/bindings/lola/consumer_event_data_control_local_view.h:57:5: warning: single-argument constructors must be marked explicit to avoid unintentional implicit conversions [google-explicit-constructor]
   57 |     ConsumerEventDataControlLocalView(EventDataControl& event_data_control_shared) noexcept;
      |     ^
      |     explicit 
./score/mw/com/impl/bindings/lola/consumer_event_data_control_local_view.h:107:5: warning: function 'GetNumNewEvents' should be marked [[nodiscard]] [modernize-use-nodiscard]
  107 |     std::size_t GetNumNewEvents(const EventSlotStatus::EventTimeStamp reference_time) const noexcept;
      |     ^
      |     [[nodiscard]] 
./score/mw/com/impl/bindings/lola/consumer_event_data_control_local_view.h:128:5: warning: function 'GetMaxSampleSlots' should be marked [[nodiscard]] [modernize-use-nodiscard]
  128 |     std::size_t GetMaxSampleSlots() const noexcept
      |     ^
      |     [[nodiscard]] 
./score/mw/com/impl/bindings/lola/element_fq_id.h:77:5: warning: function 'ToString' should be marked [[nodiscard]] [modernize-use-nodiscard]
   77 |     std::string ToString() const noexcept;
      |     ^
      |     [[nodiscard]] 
./score/mw/com/impl/bindings/lola/element_fq_id.h:92:15: warning: use c++17 style variable templates [modernize-type-traits]
   92 | static_assert(std::is_trivially_copyable<ElementFqId>::value,
      |               ^                                      ~~~~~~~
      |                                         _v
./score/mw/com/impl/bindings/lola/element_fq_id.h:130:101: warning: 32U is a magic number; consider replacing it with a named constant [readability-magic-numbers]
  130 |         return std::hash<std::uint64_t>{}((static_cast<std::uint64_t>(element_fq_id.service_id_) << 32U) |
      |                                                                                                     ^
./score/mw/com/impl/bindings/lola/element_fq_id.h:131:101: warning: 16U is a magic number; consider replacing it with a named constant [readability-magic-numbers]
  131 |                                           (static_cast<std::uint64_t>(element_fq_id.element_id_) << 16U) |
      |                                                                                                     ^
./score/mw/com/impl/bindings/lola/event_slot_status.h:61:5: warning: function 'IsInvalid' should be marked [[nodiscard]] [modernize-use-nodiscard]
   61 |     bool IsInvalid() const noexcept;
      |     ^
      |     [[nodiscard]] 
./score/mw/com/impl/bindings/lola/event_slot_status.h:62:5: warning: function 'IsInWriting' should be marked [[nodiscard]] [modernize-use-nodiscard]
   62 |     bool IsInWriting() const noexcept;
      |     ^
      |     [[nodiscard]] 
./score/mw/com/impl/bindings/lola/event_slot_status.h:67:5: warning: function 'GetReferenceCount' should be marked [[nodiscard]] [modernize-use-nodiscard]
   67 |     SubscriberCount GetReferenceCount() const noexcept;
      |     ^
      |     [[nodiscard]] 
./score/mw/com/impl/bindings/lola/event_slot_status.h:68:5: warning: function 'GetTimeStamp' should be marked [[nodiscard]] [modernize-use-nodiscard]
   68 |     EventTimeStamp GetTimeStamp() const noexcept;
      |     ^
      |     [[nodiscard]] 
./score/mw/com/impl/bindings/lola/event_slot_status.h:76:5: warning: function 'IsUsed' should be marked [[nodiscard]] [modernize-use-nodiscard]
   76 |     bool IsUsed() const noexcept;
      |     ^
      |     [[nodiscard]] 
./score/mw/com/impl/bindings/lola/event_slot_status.h:83:5: warning: function 'IsTimeStampBetween' should be marked [[nodiscard]] [modernize-use-nodiscard]
   83 |     bool IsTimeStampBetween(const EventTimeStamp min_timestamp, const EventTimeStamp max_timestamp) const noexcept;
      |     ^
      |     [[nodiscard]] 
./score/mw/com/impl/bindings/lola/i_runtime.h:40:5: warning: function 'HasAsilBSupport' should be marked [[nodiscard]] [modernize-use-nodiscard]
   40 |     virtual bool HasAsilBSupport() const noexcept = 0;
      |     ^
      |     [[nodiscard]] 
./score/mw/com/impl/bindings/lola/i_runtime.h:43:5: warning: function 'GetShmSizeCalculationMode' should be marked [[nodiscard]] [modernize-use-nodiscard]
   43 |     virtual ShmSizeCalculationMode GetShmSizeCalculationMode() const noexcept = 0;
      |     ^
      |     [[nodiscard]] 
./score/mw/com/impl/bindings/lola/i_runtime.h:48:5: warning: function 'GetPid' should be marked [[nodiscard]] [modernize-use-nodiscard]
   48 |     virtual pid_t GetPid() const noexcept = 0;
      |     ^
      |     [[nodiscard]] 
./score/mw/com/impl/bindings/lola/i_runtime.h:51:5: warning: function 'GetApplicationId' should be marked [[nodiscard]] [modernize-use-nodiscard]
   51 |     virtual GlobalConfiguration::ApplicationId GetApplicationId() const noexcept = 0;
      |     ^
      |     [[nodiscard]] 
./score/mw/com/impl/bindings/lola/provider_event_data_control_local_view.h:62:5: warning: single-argument constructors must be marked explicit to avoid unintentional implicit conversions [google-explicit-constructor]
   62 |     ProviderEventDataControlLocalView(EventDataControl& event_data_control) noexcept;
      |     ^
      |     explicit 
./score/mw/com/impl/bindings/lola/transaction_log_local_view.h:47:5: warning: single-argument constructors must be marked explicit to avoid unintentional implicit conversions [google-explicit-constructor]
   47 |     TransactionLogLocalView(TransactionLog& transaction_log) noexcept;
      |     ^
      |     explicit 
./score/mw/com/impl/bindings/lola/transaction_log_local_view.h:98:5: warning: function 'ContainsTransactions' should be marked [[nodiscard]] [modernize-use-nodiscard]
   98 |     bool ContainsTransactions() const noexcept;
      |     ^
      |     [[nodiscard]] 
./score/mw/com/impl/bindings/lola/transaction_log_slot.h:35:5: warning: function 'GetTransactionBegin' should be marked [[nodiscard]] [modernize-use-nodiscard]
   35 |     bool GetTransactionBegin() const noexcept
      |     ^
      |     [[nodiscard]] 
./score/mw/com/impl/bindings/lola/transaction_log_slot.h:39:5: warning: function 'GetTransactionEnd' should be marked [[nodiscard]] [modernize-use-nodiscard]
   39 |     bool GetTransactionEnd() const noexcept
      |     ^
      |     [[nodiscard]] 
/home/runner/.bazel/sandbox/linux-sandbox/4046/execroot/_main/score/mw/com/impl/bindings/lola/transaction_log_rollback_executor.cpp:23:1: warning: included header assert.hpp is not used directly [misc-include-cleaner]
   23 | #include <score/assert.hpp>
      | ^~~~~~~~~~~~~~~~~~~~~~~~~~~
   24 | #include <exception>
/home/runner/.bazel/sandbox/linux-sandbox/4046/execroot/_main/score/mw/com/impl/bindings/lola/transaction_log_rollback_executor.cpp:38:38: warning: no header providing "score::mw::com::impl::lola::ServiceDataControl" is directly included [misc-include-cleaner]
   18 | void MarkTransactionLogsNeedRollback(ServiceDataControl& service_data_control,
      |                                      ^
/home/runner/.bazel/sandbox/linux-sandbox/4046/execroot/_main/score/mw/com/impl/bindings/lola/transaction_log_rollback_executor.cpp:39:44: warning: no header providing "score::mw::com::impl::lola::TransactionLogId" is directly included [misc-include-cleaner]
   18 |                                      const TransactionLogId transaction_log_id) noexcept
      |                                            ^
/home/runner/.bazel/sandbox/linux-sandbox/4046/execroot/_main/score/mw/com/impl/bindings/lola/transaction_log_rollback_executor.cpp:52:11: warning: no header providing "score::mw::com::impl::lola::SkeletonInstanceIdentifier" is directly included [misc-include-cleaner]
   18 |     const SkeletonInstanceIdentifier skeleton_instance_identifier,
      |           ^
/home/runner/.bazel/sandbox/linux-sandbox/4046/execroot/_main/score/mw/com/impl/bindings/lola/transaction_log_rollback_executor.cpp:53:11: warning: no header providing "score::mw::com::impl::QualityType" is directly included [misc-include-cleaner]
   19 |     const QualityType asil_level,
      |           ^
/home/runner/.bazel/sandbox/linux-sandbox/4046/execroot/_main/score/mw/com/impl/bindings/lola/transaction_log_rollback_executor.cpp:54:5: warning: no header providing "pid_t" is directly included [misc-include-cleaner]
   25 |     pid_t provider_pid,
      |     ^
/home/runner/.bazel/sandbox/linux-sandbox/4046/execroot/_main/score/mw/com/impl/bindings/lola/transaction_log_rollback_executor.cpp:76:9: warning: redundant explicit casting to the same type 'std::uint32_t' (aka 'unsigned int') as the sub-expression, remove this casting [readability-redundant-casting]
   76 |         static_cast<std::uint32_t>(transaction_log_id_), current_pid);
      |         ^~~~~~~~~~~~~~~~~~~~~~~~~~~                   ~
./score/mw/com/impl/bindings/lola/transaction_log_rollback_executor.h:65:22: note: source type originates from referencing this member
   65 |     TransactionLogId transaction_log_id_;
      |     ~~~~~~~~~~~~~~~~ ^
/home/runner/.bazel/sandbox/linux-sandbox/4046/execroot/_main/score/mw/com/impl/bindings/lola/transaction_log_rollback_executor.cpp:76:26: warning: no header providing "std::uint32_t" is directly included [misc-include-cleaner]
   23 |         static_cast<std::uint32_t>(transaction_log_id_), current_pid);
      |                          ^
/home/runner/.bazel/sandbox/linux-sandbox/4046/execroot/_main/score/mw/com/impl/bindings/lola/transaction_log_rollback_executor.cpp:99:1: warning: no header providing "score::Result" is directly included [misc-include-cleaner]
   22 | Result<void> TransactionLogRollbackExecutor::RollbackTransactionLogs() noexcept
      | ^
/home/runner/.bazel/sandbox/linux-sandbox/4046/execroot/_main/score/mw/com/impl/bindings/lola/transaction_log_rollback_executor.cpp:108:10: warning: no header providing "std::lock_guard" is directly included [misc-include-cleaner]
   23 |     std::lock_guard map_lock{lock};
      |          ^
/home/runner/.bazel/sandbox/linux-sandbox/4046/execroot/_main/score/mw/com/impl/bindings/lola/transaction_log_rollback_executor.cpp:127:55: warning: no header providing "score::mw::com::impl::lola::TransactionLog" is directly included [misc-include-cleaner]
   18 |             [&consumer_event_data_control_view](const TransactionLog::SlotIndexType slot_index) noexcept {
      |                                                       ^
Suppressed 17307 warnings (17169 in non-user code, 130 NOLINT, 8 with check filters).
Use -header-filter=.* to display errors from all non-system headers. Use -system-headers to display errors from system headers as well.
