5216 warnings generated.
./score/mw/com/impl/bindings/lola/consumer_event_data_control_local_view.h:57:5: warning: single-argument constructors must be marked explicit to avoid unintentional implicit conversions [google-explicit-constructor]
   57 |     ConsumerEventDataControlLocalView(EventDataControl& event_data_control_shared) noexcept;
      |     ^
      |     explicit 
./score/mw/com/impl/bindings/lola/provider_event_data_control_local_view.h:62:5: warning: single-argument constructors must be marked explicit to avoid unintentional implicit conversions [google-explicit-constructor]
   62 |     ProviderEventDataControlLocalView(EventDataControl& event_data_control) noexcept;
      |     ^
      |     explicit 
./score/mw/com/impl/bindings/lola/transaction_log_local_view.h:47:5: warning: single-argument constructors must be marked explicit to avoid unintentional implicit conversions [google-explicit-constructor]
   47 |     TransactionLogLocalView(TransactionLog& transaction_log) noexcept;
      |     ^
      |     explicit 
bazel-out/k8-fastbuild/bin/external/score_baselibs+/score/static_reflection_with_serialization/visitor/_virtual_includes/visitor/static_reflection_with_serialization/visitor/visit_as_struct.h:51:58: warning: do not declare C-style arrays, use std::array<> instead [modernize-avoid-c-arrays]
   51 | constexpr inline std::size_t strip_trailing_spaces(const char (&pretty_name)[N], std::size_t begin, std::size_t end)
      |                                                          ^
bazel-out/k8-fastbuild/bin/external/score_baselibs+/score/static_reflection_with_serialization/visitor/_virtual_includes/visitor/static_reflection_with_serialization/visitor/visit_as_struct.h:84:86: warning: do not declare C-style arrays, use std::array<> instead [modernize-avoid-c-arrays]
   84 | constexpr inline std::pair<std::size_t, std::size_t> visitor_extract_type_span(const char (&pretty_name)[N])
      |                                                                                      ^
bazel-out/k8-fastbuild/bin/external/score_baselibs+/score/static_reflection_with_serialization/visitor/_virtual_includes/visitor/static_reflection_with_serialization/visitor/visit_as_struct.h:114:52: warning: do not declare C-style arrays, use std::array<> instead [modernize-avoid-c-arrays]
  114 | constexpr inline Output visitor_extract_type(const char (&pretty_name)[N])
      |                                                    ^
external/score_baselibs+/score/memory/shared/i_atomic.h:36:18: warning: default arguments on virtual or override methods are prohibited [google-default-arguments]
   36 |     virtual auto fetch_add(T, std::memory_order = std::memory_order_seq_cst) noexcept -> T = 0;
      |                  ^
external/score_baselibs+/score/memory/shared/i_atomic.h:37:18: warning: default arguments on virtual or override methods are prohibited [google-default-arguments]
   37 |     virtual auto fetch_sub(T, std::memory_order = std::memory_order_seq_cst) noexcept -> T = 0;
      |                  ^
external/score_baselibs+/score/memory/shared/i_atomic.h:38:18: warning: default arguments on virtual or override methods are prohibited [google-default-arguments]
   38 |     virtual bool compare_exchange_strong(T&, T, std::memory_order = std::memory_order_seq_cst) noexcept = 0;
      |                  ^
external/score_baselibs+/score/memory/shared/i_atomic.h:40:18: warning: default arguments on virtual or override methods are prohibited [google-default-arguments]
   40 |     virtual bool compare_exchange_weak(T&, T, std::memory_order = std::memory_order_seq_cst) noexcept = 0;
      |                  ^
external/score_baselibs+/score/memory/shared/i_atomic.h:42:18: warning: default arguments on virtual or override methods are prohibited [google-default-arguments]
   42 |     virtual void store(T, std::memory_order = std::memory_order_seq_cst) noexcept = 0;
      |                  ^
external/score_baselibs+/score/memory/shared/i_atomic.h:43:18: warning: default arguments on virtual or override methods are prohibited [google-default-arguments]
   43 |     virtual auto load(std::memory_order = std::memory_order_seq_cst) noexcept -> T = 0;
      |                  ^
Suppressed 5270 warnings (5198 in non-user code, 66 NOLINT, 6 with check filters).
Use -header-filter=.* to display errors from all non-system headers. Use -system-headers to display errors from system headers as well.
