5044 warnings generated.
./score/mw/com/impl/bindings/lola/methods/type_erased_call_queue.h:42:5: warning: function 'score::mw::com::impl::lola::TypeErasedCallQueue::TypeErasedCallQueue' has a definition with different parameter names [readability-inconsistent-declaration-parameter-name]
   42 |     TypeErasedCallQueue(memory::shared::ManagedMemoryResource& resource,
      |     ^
/home/runner/.bazel/sandbox/linux-sandbox/3881/execroot/_main/score/mw/com/impl/bindings/lola/methods/type_erased_call_queue.cpp:77:22: note: the definition seen here
   77 | TypeErasedCallQueue::TypeErasedCallQueue(memory::shared::ManagedMemoryResource& memory_resource,
      |                      ^
./score/mw/com/impl/bindings/lola/methods/type_erased_call_queue.h:42:5: note: differing parameters are named here: ('resource'), in definition: ('memory_resource')
   42 |     TypeErasedCallQueue(memory::shared::ManagedMemoryResource& resource,
      |     ^                                                          ~~~~~~~~
      |                                                                memory_resource
bazel-out/k8-fastbuild/bin/external/score_baselibs+/score/static_reflection_with_serialization/visitor/_virtual_includes/visitor/static_reflection_with_serialization/visitor/visit_as_struct.h:51:58: warning: do not declare C-style arrays, use std::array<> instead [modernize-avoid-c-arrays]
   51 | constexpr inline std::size_t strip_trailing_spaces(const char (&pretty_name)[N], std::size_t begin, std::size_t end)
      |                                                          ^
bazel-out/k8-fastbuild/bin/external/score_baselibs+/score/static_reflection_with_serialization/visitor/_virtual_includes/visitor/static_reflection_with_serialization/visitor/visit_as_struct.h:84:86: warning: do not declare C-style arrays, use std::array<> instead [modernize-avoid-c-arrays]
   84 | constexpr inline std::pair<std::size_t, std::size_t> visitor_extract_type_span(const char (&pretty_name)[N])
      |                                                                                      ^
bazel-out/k8-fastbuild/bin/external/score_baselibs+/score/static_reflection_with_serialization/visitor/_virtual_includes/visitor/static_reflection_with_serialization/visitor/visit_as_struct.h:114:52: warning: do not declare C-style arrays, use std::array<> instead [modernize-avoid-c-arrays]
  114 | constexpr inline Output visitor_extract_type(const char (&pretty_name)[N])
      |                                                    ^
external/score_baselibs+/score/memory/shared/i_atomic.h:36:18: warning: default arguments on virtual or override methods are prohibited [google-default-arguments]
   36 |     virtual auto fetch_add(T, std::memory_order = std::memory_order_seq_cst) noexcept -> T = 0;
      |                  ^
external/score_baselibs+/score/memory/shared/i_atomic.h:37:18: warning: default arguments on virtual or override methods are prohibited [google-default-arguments]
   37 |     virtual auto fetch_sub(T, std::memory_order = std::memory_order_seq_cst) noexcept -> T = 0;
      |                  ^
external/score_baselibs+/score/memory/shared/i_atomic.h:38:18: warning: default arguments on virtual or override methods are prohibited [google-default-arguments]
   38 |     virtual bool compare_exchange_strong(T&, T, std::memory_order = std::memory_order_seq_cst) noexcept = 0;
      |                  ^
external/score_baselibs+/score/memory/shared/i_atomic.h:40:18: warning: default arguments on virtual or override methods are prohibited [google-default-arguments]
   40 |     virtual bool compare_exchange_weak(T&, T, std::memory_order = std::memory_order_seq_cst) noexcept = 0;
      |                  ^
external/score_baselibs+/score/memory/shared/i_atomic.h:42:18: warning: default arguments on virtual or override methods are prohibited [google-default-arguments]
   42 |     virtual void store(T, std::memory_order = std::memory_order_seq_cst) noexcept = 0;
      |                  ^
external/score_baselibs+/score/memory/shared/i_atomic.h:43:18: warning: default arguments on virtual or override methods are prohibited [google-default-arguments]
   43 |     virtual auto load(std::memory_order = std::memory_order_seq_cst) noexcept -> T = 0;
      |                  ^
Suppressed 5082 warnings (5031 in non-user code, 48 NOLINT, 3 with check filters).
Use -header-filter=.* to display errors from all non-system headers. Use -system-headers to display errors from system headers as well.
