9428 warnings generated.
./score/message_passing/unix_domain/unix_domain_client_factory.h:18:1: warning: nested namespaces can be concatenated [modernize-concat-nested-namespaces]
   18 | namespace score
      | ^~~~~~~~~~~~~~~
   19 | {
      | ~
   20 | namespace message_passing
      | ~~~~~~~~~~~~~~~~~~~~~~~~~
      | namespace score::message_passing
./score/message_passing/unix_domain/unix_domain_client_factory.h:25:7: warning: class 'UnixDomainClientFactory' defines a non-default destructor but does not define a copy constructor, a copy assignment operator, a move constructor or a move assignment operator [cppcoreguidelines-special-member-functions]
   25 | class UnixDomainClientFactory final : public IClientFactory
      |       ^
./score/message_passing/unix_domain/unix_domain_client_factory.h:36:5: warning: function 'GetEngine' should be marked [[nodiscard]] [modernize-use-nodiscard]
   36 |     std::shared_ptr<UnixDomainEngine> GetEngine() const noexcept
      |     ^
      |     [[nodiscard]] 
./score/message_passing/unix_domain/unix_domain_engine.h:34:1: warning: nested namespaces can be concatenated [modernize-concat-nested-namespaces]
   34 | namespace score
      | ^~~~~~~~~~~~~~~
   35 | {
      | ~
   36 | namespace message_passing
      | ~~~~~~~~~~~~~~~~~~~~~~~~~
      | namespace score::message_passing
./score/message_passing/unix_domain/unix_domain_engine.h:47:7: warning: class 'UnixDomainEngine' defines a destructor, a copy constructor and a copy assignment operator but does not define a move constructor or a move assignment operator [cppcoreguidelines-special-member-functions]
   47 | class UnixDomainEngine final : public ISharedResourceEngine
      |       ^
./score/message_passing/unix_domain/unix_domain_engine.h:58:5: warning: constructors that are callable with a single argument must be marked explicit to avoid unintentional implicit conversions [google-explicit-constructor]
   58 |     UnixDomainEngine(score::cpp::pmr::memory_resource* memory_resource,
      |     ^
      |     explicit 
./score/message_passing/unix_domain/unix_domain_engine.h:96:10: warning: default arguments on virtual or override methods are prohibited [google-default-arguments]
   96 |     void EnqueueCommand(CommandQueueEntry& entry,
      |          ^
./score/message_passing/unix_domain/unix_domain_engine.h:112:5: warning: function 'IsOnCallbackThread' should be marked [[nodiscard]] [modernize-use-nodiscard]
  112 |     bool IsOnCallbackThread() const noexcept override
      |     ^
      |     [[nodiscard]] 
/home/runner/.bazel/sandbox/linux-sandbox/1002/execroot/_main/score/message_passing/unix_domain/unix_domain_client_factory.cpp:18:1: warning: nested namespaces can be concatenated [modernize-concat-nested-namespaces]
   18 | namespace score
      | ^~~~~~~~~~~~~~~
   19 | {
      | ~
   20 | namespace message_passing
      | ~~~~~~~~~~~~~~~~~~~~~~~~~
      | namespace score::message_passing
/home/runner/.bazel/sandbox/linux-sandbox/1002/execroot/_main/score/message_passing/unix_domain/unix_domain_client_factory.cpp:23:67: warning: no header providing "score::cpp::pmr::memory_resource" is directly included [misc-include-cleaner]
   17 | 
   18 | namespace score
   19 | {
   20 | namespace message_passing
   21 | {
   22 | 
   23 | UnixDomainClientFactory::UnixDomainClientFactory(score::cpp::pmr::memory_resource* const resource) noexcept
      |                                                                   ^
/home/runner/.bazel/sandbox/linux-sandbox/1002/execroot/_main/score/message_passing/unix_domain/unix_domain_client_factory.cpp:24:48: warning: no header providing "score::cpp::pmr::make_shared" is directly included [misc-include-cleaner]
   17 | 
   18 | namespace score
   19 | {
   20 | namespace message_passing
   21 | {
   22 | 
   23 | UnixDomainClientFactory::UnixDomainClientFactory(score::cpp::pmr::memory_resource* const resource) noexcept
   24 |     : UnixDomainClientFactory{score::cpp::pmr::make_shared<UnixDomainEngine>(resource, resource)}
      |                                                ^
/home/runner/.bazel/sandbox/linux-sandbox/1002/execroot/_main/score/message_passing/unix_domain/unix_domain_client_factory.cpp:28:61: warning: no header providing "std::shared_ptr" is directly included [misc-include-cleaner]
   17 | 
   18 | namespace score
   19 | {
   20 | namespace message_passing
   21 | {
   22 | 
   23 | UnixDomainClientFactory::UnixDomainClientFactory(score::cpp::pmr::memory_resource* const resource) noexcept
   24 |     : UnixDomainClientFactory{score::cpp::pmr::make_shared<UnixDomainEngine>(resource, resource)}
   25 | {
   26 | }
   27 | 
   28 | UnixDomainClientFactory::UnixDomainClientFactory(const std::shared_ptr<UnixDomainEngine> engine) noexcept
      |                                                             ^
/home/runner/.bazel/sandbox/linux-sandbox/1002/execroot/_main/score/message_passing/unix_domain/unix_domain_client_factory.cpp:28:90: warning: the const qualified parameter 'engine' is copied for each invocation; consider making it a reference [performance-unnecessary-value-param]
   28 | UnixDomainClientFactory::UnixDomainClientFactory(const std::shared_ptr<UnixDomainEngine> engine) noexcept
      |                                                                                          ^
      |                                                                                         &
/home/runner/.bazel/sandbox/linux-sandbox/1002/execroot/_main/score/message_passing/unix_domain/unix_domain_client_factory.cpp:33:26: warning: use '= default' to define a trivial destructor [modernize-use-equals-default]
   33 | UnixDomainClientFactory::~UnixDomainClientFactory() noexcept {}
      |                          ^                                   ~~
      |                                                              = default;
/home/runner/.bazel/sandbox/linux-sandbox/1002/execroot/_main/score/message_passing/unix_domain/unix_domain_client_factory.cpp:35:18: warning: no header providing "score::cpp::pmr::unique_ptr" is directly included [misc-include-cleaner]
   35 | score::cpp::pmr::unique_ptr<IClientConnection> UnixDomainClientFactory::Create(
      |                  ^
/home/runner/.bazel/sandbox/linux-sandbox/1002/execroot/_main/score/message_passing/unix_domain/unix_domain_client_factory.cpp:35:29: warning: no header providing "score::message_passing::IClientConnection" is directly included [misc-include-cleaner]
   16 | score::cpp::pmr::unique_ptr<IClientConnection> UnixDomainClientFactory::Create(
      |                             ^
/home/runner/.bazel/sandbox/linux-sandbox/1002/execroot/_main/score/message_passing/unix_domain/unix_domain_client_factory.cpp:36:11: warning: no header providing "score::message_passing::ServiceProtocolConfig" is directly included [misc-include-cleaner]
   16 |     const ServiceProtocolConfig& protocol_config,
      |           ^
/home/runner/.bazel/sandbox/linux-sandbox/1002/execroot/_main/score/message_passing/unix_domain/unix_domain_client_factory.cpp:39:29: warning: no header providing "score::cpp::pmr::make_unique" is directly included [misc-include-cleaner]
   39 |     return score::cpp::pmr::make_unique<detail::ClientConnection>(
      |                             ^
Suppressed 9442 warnings (9407 in non-user code, 32 NOLINT, 3 with check filters).
Use -header-filter=.* to display errors from all non-system headers. Use -system-headers to display errors from system headers as well.
