9281 warnings generated.
./score/mw/com/impl/bindings/lola/consumer_event_data_control_local_view.h:57:5: warning: single-argument constructors must be marked explicit to avoid unintentional implicit conversions [google-explicit-constructor]
   57 |     ConsumerEventDataControlLocalView(EventDataControl& event_data_control_shared) noexcept;
      |     ^
      |     explicit 
./score/mw/com/impl/bindings/lola/event_data_control_composite.h:48:12: warning: constructor does not initialize these fields: qm_misbehaved [cppcoreguidelines-pro-type-member-init]
   48 |     struct AllocationResult
      |            ^
   49 |     {
   50 |         // \brief the index of the slot reserved for writing (potentially in QM and ASIL-B control section) if a slot
   51 |         // could be found. Otherwise, an empty optional.
   52 |         std::optional<SlotIndexType> allocated_slot_index;
   53 | 
   54 |         // \brief A flag indicating whether QM consumers should be ignored due to misbehaviour. In this case, QM
   55 |         // consumers have been disconnected and therefore the QM related slots are ignored.
   56 |         bool qm_misbehaved;
      |                           
      |                           {}
./score/mw/com/impl/bindings/lola/provider_event_data_control_local_view.h:62:5: warning: single-argument constructors must be marked explicit to avoid unintentional implicit conversions [google-explicit-constructor]
   62 |     ProviderEventDataControlLocalView(EventDataControl& event_data_control) noexcept;
      |     ^
      |     explicit 
./score/mw/com/impl/bindings/lola/transaction_log_local_view.h:47:5: warning: single-argument constructors must be marked explicit to avoid unintentional implicit conversions [google-explicit-constructor]
   47 |     TransactionLogLocalView(TransactionLog& transaction_log) noexcept;
      |     ^
      |     explicit 
./score/mw/com/impl/methods/proxy_method_with_in_args_and_return.h:244:11: warning: do not use reinterpret_cast [cppcoreguidelines-pro-type-reinterpret-cast]
  244 |         *(reinterpret_cast<ReturnType*>(allocated_return_type_storage.value().data())),
      |           ^
./score/mw/com/impl/methods/proxy_method_with_return_type.h:191:11: warning: do not use reinterpret_cast [cppcoreguidelines-pro-type-reinterpret-cast]
  191 |         *(reinterpret_cast<ReturnType*>(allocated_return_type_storage.value().data())),
      |           ^
./score/mw/com/impl/rust/com-api/com-api-ffi-lola/registry_bridge_macro.h:228:35: warning: statement should be inside braces [readability-braces-around-statements]
  228 |         if (sample_ptr == nullptr)
      |                                   ^
      |                                    {
  229 |             return nullptr;
      |                            
./score/mw/com/impl/rust/com-api/com-api-ffi-lola/registry_bridge_macro.h:237:35: warning: statement should be inside braces [readability-braces-around-statements]
  237 |         if (sample_ptr == nullptr)
      |                                   ^
      |                                    {
  238 |             return;
      |                    
./score/mw/com/impl/rust/com-api/com-api-ffi-lola/registry_bridge_macro.h:422:13: warning: use auto when initializing with new to avoid duplicating the type name [modernize-use-auto]
  422 |             AsProxy* proxy = new AsProxy{std::move(result).value()};
      |             ^~~~~~~
      |             auto
./score/mw/com/impl/rust/com-api/com-api-ffi-lola/registry_bridge_macro.h:492:13: warning: implicit conversion 'InterfaceOperations *' -> 'bool' [readability-implicit-bool-conversion]
  492 |         if (registries)
      |             ^         
      |                        != nullptr
./score/mw/com/impl/rust/com-api/com-api-ffi-lola/registry_bridge_macro.h:542:13: warning: implicit conversion 'InterfaceOperations *' -> 'bool' [readability-implicit-bool-conversion]
  542 |         if (ops)
      |             ^  
      |                 != nullptr
/home/runner/.bazel/sandbox/linux-sandbox/4195/execroot/_main/score/mw/com/example/com-api-example/com-api-gen/vehicle_gen.cpp:27:1: warning: do not implicitly decay an array into a pointer; consider using gsl::array_view or an explicit cast instead [cppcoreguidelines-pro-bounds-array-to-pointer-decay,hicpp-no-array-decay]
   27 | EXPORT_MW_COM_TYPE(Tire, ::score::mw::com::Tire)
      | ^
./score/mw/com/impl/rust/com-api/com-api-ffi-lola/registry_bridge_macro.h:711:43: note: expanded from macro 'EXPORT_MW_COM_TYPE'
  711 |             auto* placement_sample = new (storage)::score::mw::com::impl::SamplePtr<type>(std::move(sample)); \
      |                                           ^
/home/runner/.bazel/sandbox/linux-sandbox/4195/execroot/_main/score/mw/com/example/com-api-example/com-api-gen/vehicle_gen.cpp:27:1: warning: do not declare C-style arrays, use std::array<> instead [modernize-avoid-c-arrays]
   27 | EXPORT_MW_COM_TYPE(Tire, ::score::mw::com::Tire)
      | ^
./score/mw/com/impl/rust/com-api/com-api-ffi-lola/registry_bridge_macro.h:709:62: note: expanded from macro 'EXPORT_MW_COM_TYPE'
  709 |             alignas(::score::mw::com::impl::SamplePtr<type>) char                                             \
      |                                                              ^
/home/runner/.bazel/sandbox/linux-sandbox/4195/execroot/_main/score/mw/com/example/com-api-example/com-api-gen/vehicle_gen.cpp:28:1: warning: do not implicitly decay an array into a pointer; consider using gsl::array_view or an explicit cast instead [cppcoreguidelines-pro-bounds-array-to-pointer-decay,hicpp-no-array-decay]
   28 | EXPORT_MW_COM_TYPE(Exhaust, ::score::mw::com::Exhaust)
      | ^
./score/mw/com/impl/rust/com-api/com-api-ffi-lola/registry_bridge_macro.h:711:43: note: expanded from macro 'EXPORT_MW_COM_TYPE'
  711 |             auto* placement_sample = new (storage)::score::mw::com::impl::SamplePtr<type>(std::move(sample)); \
      |                                           ^
/home/runner/.bazel/sandbox/linux-sandbox/4195/execroot/_main/score/mw/com/example/com-api-example/com-api-gen/vehicle_gen.cpp:28:1: warning: do not declare C-style arrays, use std::array<> instead [modernize-avoid-c-arrays]
   28 | EXPORT_MW_COM_TYPE(Exhaust, ::score::mw::com::Exhaust)
      | ^
./score/mw/com/impl/rust/com-api/com-api-ffi-lola/registry_bridge_macro.h:709:62: note: expanded from macro 'EXPORT_MW_COM_TYPE'
  709 |             alignas(::score::mw::com::impl::SamplePtr<type>) char                                             \
      |                                                              ^
bazel-out/k8-fastbuild/bin/external/score_baselibs+/score/static_reflection_with_serialization/visitor/_virtual_includes/visitor/static_reflection_with_serialization/visitor/visit_as_struct.h:51:58: warning: do not declare C-style arrays, use std::array<> instead [modernize-avoid-c-arrays]
   51 | constexpr inline std::size_t strip_trailing_spaces(const char (&pretty_name)[N], std::size_t begin, std::size_t end)
      |                                                          ^
bazel-out/k8-fastbuild/bin/external/score_baselibs+/score/static_reflection_with_serialization/visitor/_virtual_includes/visitor/static_reflection_with_serialization/visitor/visit_as_struct.h:84:86: warning: do not declare C-style arrays, use std::array<> instead [modernize-avoid-c-arrays]
   84 | constexpr inline std::pair<std::size_t, std::size_t> visitor_extract_type_span(const char (&pretty_name)[N])
      |                                                                                      ^
bazel-out/k8-fastbuild/bin/external/score_baselibs+/score/static_reflection_with_serialization/visitor/_virtual_includes/visitor/static_reflection_with_serialization/visitor/visit_as_struct.h:114:52: warning: do not declare C-style arrays, use std::array<> instead [modernize-avoid-c-arrays]
  114 | constexpr inline Output visitor_extract_type(const char (&pretty_name)[N])
      |                                                    ^
external/score_baselibs+/score/analysis/tracing/common/canary_wrapper/canary_wrapper.h:35:7: warning: class 'CanaryWrapper' defines a copy constructor, a copy assignment operator, a move constructor and a move assignment operator but does not define a destructor [cppcoreguidelines-special-member-functions]
   35 | class CanaryWrapper
      |       ^
external/score_baselibs+/score/analysis/tracing/generic_trace_library/interface_types/service_instance_element.h:32:7: warning: constructor does not initialize these fields: service_id, major_version, minor_version, instance_id [cppcoreguidelines-pro-type-member-init]
   32 | class ServiceInstanceElement
      |       ^
external/score_baselibs+/score/memory/shared/i_atomic.h:36:18: warning: default arguments on virtual or override methods are prohibited [google-default-arguments]
   36 |     virtual auto fetch_add(T, std::memory_order = std::memory_order_seq_cst) noexcept -> T = 0;
      |                  ^
external/score_baselibs+/score/memory/shared/i_atomic.h:37:18: warning: default arguments on virtual or override methods are prohibited [google-default-arguments]
   37 |     virtual auto fetch_sub(T, std::memory_order = std::memory_order_seq_cst) noexcept -> T = 0;
      |                  ^
external/score_baselibs+/score/memory/shared/i_atomic.h:38:18: warning: default arguments on virtual or override methods are prohibited [google-default-arguments]
   38 |     virtual bool compare_exchange_strong(T&, T, std::memory_order = std::memory_order_seq_cst) noexcept = 0;
      |                  ^
external/score_baselibs+/score/memory/shared/i_atomic.h:40:18: warning: default arguments on virtual or override methods are prohibited [google-default-arguments]
   40 |     virtual bool compare_exchange_weak(T&, T, std::memory_order = std::memory_order_seq_cst) noexcept = 0;
      |                  ^
external/score_baselibs+/score/memory/shared/i_atomic.h:42:18: warning: default arguments on virtual or override methods are prohibited [google-default-arguments]
   42 |     virtual void store(T, std::memory_order = std::memory_order_seq_cst) noexcept = 0;
      |                  ^
external/score_baselibs+/score/memory/shared/i_atomic.h:43:18: warning: default arguments on virtual or override methods are prohibited [google-default-arguments]
   43 |     virtual auto load(std::memory_order = std::memory_order_seq_cst) noexcept -> T = 0;
      |                  ^
Suppressed 9445 warnings (9244 in non-user code, 193 NOLINT, 8 with check filters).
Use -header-filter=.* to display errors from all non-system headers. Use -system-headers to display errors from system headers as well.
